ERROR - 2023-03-04 17:53:49 --> Error connecting to the database: mysqli_sql_exception: No connection could be made because the target machine actively refused it in D:\CI4\ci4\CI4-LIB-PushCI4\system\Database\MySQLi\Connection.php:171
Stack trace:
#0 D:\CI4\ci4\CI4-LIB-PushCI4\system\Database\MySQLi\Connection.php(171): mysqli->real_connect('localhost', 'root', '', 'cor3', 3306, '', 0)
#1 D:\CI4\ci4\CI4-LIB-PushCI4\system\Database\BaseConnection.php(382): CodeIgniter\Database\MySQLi\Connection->connect(false)
#2 D:\CI4\ci4\CI4-LIB-PushCI4\system\Database\BaseConnection.php(561): CodeIgniter\Database\BaseConnection->initialize()
#3 D:\CI4\ci4\CI4-LIB-PushCI4\app\Views\home\index.php(42): CodeIgniter\Database\BaseConnection->query('SELECT * FROM t...')
#4 D:\CI4\ci4\CI4-LIB-PushCI4\system\View\View.php(213): include('D:\\CI4\\ci4\\CI4-...')
#5 D:\CI4\ci4\CI4-LIB-PushCI4\system\View\View.php(216): CodeIgniter\View\View->CodeIgniter\View\{closure}()
#6 D:\CI4\ci4\CI4-LIB-PushCI4\system\Common.php(1134): CodeIgniter\View\View->render('home/index', Array, true)
#7 D:\CI4\ci4\CI4-LIB-PushCI4\app\Controllers\Home.php(27): view('home/index', Array)
#8 D:\CI4\ci4\CI4-LIB-PushCI4\system\CodeIgniter.php(927): App\Controllers\Home->index()
#9 D:\CI4\ci4\CI4-LIB-PushCI4\system\CodeIgniter.php(482): CodeIgniter\CodeIgniter->runController(Object(App\Controllers\Home))
#10 D:\CI4\ci4\CI4-LIB-PushCI4\system\CodeIgniter.php(351): CodeIgniter\CodeIgniter->handleRequest(NULL, Object(Config\Cache), false)
#11 D:\CI4\ci4\CI4-LIB-PushCI4\public\index.php(67): CodeIgniter\CodeIgniter->run()
#12 D:\CI4\ci4\CI4-LIB-PushCI4\system\Commands\Server\rewrite.php(46): require_once('D:\\CI4\\ci4\\CI4-...')
#13 {main}

Next CodeIgniter\Database\Exceptions\DatabaseException: No connection could be made because the target machine actively refused it in D:\CI4\ci4\CI4-LIB-PushCI4\system\Database\MySQLi\Connection.php:215
Stack trace:
#0 D:\CI4\ci4\CI4-LIB-PushCI4\system\Database\BaseConnection.php(382): CodeIgniter\Database\MySQLi\Connection->connect(false)
#1 D:\CI4\ci4\CI4-LIB-PushCI4\system\Database\BaseConnection.php(561): CodeIgniter\Database\BaseConnection->initialize()
#2 D:\CI4\ci4\CI4-LIB-PushCI4\app\Views\home\index.php(42): CodeIgniter\Database\BaseConnection->query('SELECT * FROM t...')
#3 D:\CI4\ci4\CI4-LIB-PushCI4\system\View\View.php(213): include('D:\\CI4\\ci4\\CI4-...')
#4 D:\CI4\ci4\CI4-LIB-PushCI4\system\View\View.php(216): CodeIgniter\View\View->CodeIgniter\View\{closure}()
#5 D:\CI4\ci4\CI4-LIB-PushCI4\system\Common.php(1134): CodeIgniter\View\View->render('home/index', Array, true)
#6 D:\CI4\ci4\CI4-LIB-PushCI4\app\Controllers\Home.php(27): view('home/index', Array)
#7 D:\CI4\ci4\CI4-LIB-PushCI4\system\CodeIgniter.php(927): App\Controllers\Home->index()
#8 D:\CI4\ci4\CI4-LIB-PushCI4\system\CodeIgniter.php(482): CodeIgniter\CodeIgniter->runController(Object(App\Controllers\Home))
#9 D:\CI4\ci4\CI4-LIB-PushCI4\system\CodeIgniter.php(351): CodeIgniter\CodeIgniter->handleRequest(NULL, Object(Config\Cache), false)
#10 D:\CI4\ci4\CI4-LIB-PushCI4\public\index.php(67): CodeIgniter\CodeIgniter->run()
#11 D:\CI4\ci4\CI4-LIB-PushCI4\system\Commands\Server\rewrite.php(46): require_once('D:\\CI4\\ci4\\CI4-...')
#12 {main}
CRITICAL - 2023-03-04 17:53:49 --> Unable to connect to the database.
Main connection [MySQLi]: No connection could be made because the target machine actively refused it
in SYSTEMPATH\Database\BaseConnection.php on line 418.
 1 SYSTEMPATH\Database\BaseConnection.php(561): CodeIgniter\Database\BaseConnection->initialize()
 2 APPPATH\Views\home\index.php(42): CodeIgniter\Database\BaseConnection->query('SELECT * FROM trendingbook')
 3 SYSTEMPATH\View\View.php(213): include('APPPATH\\Views\\home\\index.php')
 4 SYSTEMPATH\View\View.php(216): CodeIgniter\View\View->CodeIgniter\View\{closure}()
 5 SYSTEMPATH\Common.php(1134): CodeIgniter\View\View->render('home/index', [], true)
 6 APPPATH\Controllers\Home.php(27): view('home/index', [...])
 7 SYSTEMPATH\CodeIgniter.php(927): App\Controllers\Home->index()
 8 SYSTEMPATH\CodeIgniter.php(482): CodeIgniter\CodeIgniter->runController(Object(App\Controllers\Home))
 9 SYSTEMPATH\CodeIgniter.php(351): CodeIgniter\CodeIgniter->handleRequest(null, Object(Config\Cache), false)
10 FCPATH\index.php(67): CodeIgniter\CodeIgniter->run()
11 SYSTEMPATH\Commands\Server\rewrite.php(46): require_once('FCPATH\\index.php')
CRITICAL - 2023-03-04 17:53:53 --> Too few arguments to function App\Controllers\Auth::testEmail(), 0 passed in D:\CI4\ci4\CI4-LIB-PushCI4\system\CodeIgniter.php on line 927 and exactly 1 expected
in APPPATH\Controllers\Auth.php on line 183.
 1 SYSTEMPATH\CodeIgniter.php(927): App\Controllers\Auth->testEmail()
 2 SYSTEMPATH\CodeIgniter.php(482): CodeIgniter\CodeIgniter->runController(Object(App\Controllers\Auth))
 3 SYSTEMPATH\CodeIgniter.php(351): CodeIgniter\CodeIgniter->handleRequest(null, Object(Config\Cache), false)
 4 FCPATH\index.php(67): CodeIgniter\CodeIgniter->run()
 5 SYSTEMPATH\Commands\Server\rewrite.php(46): require_once('FCPATH\\index.php')
CRITICAL - 2023-03-04 17:55:21 --> Undefined variable $email_user
in APPPATH\Controllers\Auth.php on line 208.
 1 APPPATH\Controllers\Auth.php(208): CodeIgniter\Debug\Exceptions->errorHandler(2, 'Undefined variable $email_user', 'APPPATH\\Controllers\\Auth.php', 208)
 2 SYSTEMPATH\CodeIgniter.php(927): App\Controllers\Auth->testEmail()
 3 SYSTEMPATH\CodeIgniter.php(482): CodeIgniter\CodeIgniter->runController(Object(App\Controllers\Auth))
 4 SYSTEMPATH\CodeIgniter.php(351): CodeIgniter\CodeIgniter->handleRequest(null, Object(Config\Cache), false)
 5 FCPATH\index.php(67): CodeIgniter\CodeIgniter->run()
 6 SYSTEMPATH\Commands\Server\rewrite.php(46): require_once('FCPATH\\index.php')
