CRITICAL - 2022-12-26 11:20:01 --> Undefined variable $row
in APPPATH\Views\kategori\viewbukuSaya.php on line 20.
 1 APPPATH\Views\kategori\viewbukuSaya.php(20): CodeIgniter\Debug\Exceptions->errorHandler(2, 'Undefined variable $row', 'APPPATH\\Views\\kategori\\viewbukuSaya.php', 20)
 2 SYSTEMPATH\View\View.php(213): include('APPPATH\\Views\\kategori\\viewbukuSaya.php')
 3 SYSTEMPATH\View\View.php(216): CodeIgniter\View\View->CodeIgniter\View\{closure}()
 4 SYSTEMPATH\Common.php(1134): CodeIgniter\View\View->render('kategori/viewbukuSaya', [], true)
 5 APPPATH\Controllers\CategoryController.php(229): view('kategori/viewbukuSaya', [...])
 6 SYSTEMPATH\CodeIgniter.php(927): App\Controllers\CategoryController->buku_saya()
 7 SYSTEMPATH\CodeIgniter.php(482): CodeIgniter\CodeIgniter->runController(Object(App\Controllers\CategoryController))
 8 SYSTEMPATH\CodeIgniter.php(351): CodeIgniter\CodeIgniter->handleRequest(null, Object(Config\Cache), false)
 9 FCPATH\index.php(67): CodeIgniter\CodeIgniter->run()
10 SYSTEMPATH\Commands\Server\rewrite.php(46): require_once('FCPATH\\index.php')
CRITICAL - 2022-12-26 11:21:08 --> Undefined array key "cover_buku"
in APPPATH\Views\kategori\viewbukuSaya.php on line 20.
 1 APPPATH\Views\kategori\viewbukuSaya.php(20): CodeIgniter\Debug\Exceptions->errorHandler(2, 'Undefined array key "cover_buku"', 'APPPATH\\Views\\kategori\\viewbukuSaya.php', 20)
 2 SYSTEMPATH\View\View.php(213): include('APPPATH\\Views\\kategori\\viewbukuSaya.php')
 3 SYSTEMPATH\View\View.php(216): CodeIgniter\View\View->CodeIgniter\View\{closure}()
 4 SYSTEMPATH\Common.php(1134): CodeIgniter\View\View->render('kategori/viewbukuSaya', [], true)
 5 APPPATH\Controllers\CategoryController.php(229): view('kategori/viewbukuSaya', [...])
 6 SYSTEMPATH\CodeIgniter.php(927): App\Controllers\CategoryController->buku_saya()
 7 SYSTEMPATH\CodeIgniter.php(482): CodeIgniter\CodeIgniter->runController(Object(App\Controllers\CategoryController))
 8 SYSTEMPATH\CodeIgniter.php(351): CodeIgniter\CodeIgniter->handleRequest(null, Object(Config\Cache), false)
 9 FCPATH\index.php(67): CodeIgniter\CodeIgniter->run()
10 SYSTEMPATH\Commands\Server\rewrite.php(46): require_once('FCPATH\\index.php')
ERROR - 2022-12-26 11:52:54 --> mysqli_sql_exception: Unknown column 'bk02' in 'where clause' in D:\Haruman\ci4\system\Database\MySQLi\Connection.php:292
Stack trace:
#0 D:\Haruman\ci4\system\Database\MySQLi\Connection.php(292): mysqli->query('SELECT cover_bu...', 0)
#1 D:\Haruman\ci4\system\Database\BaseConnection.php(666): CodeIgniter\Database\MySQLi\Connection->execute('SELECT cover_bu...')
#2 D:\Haruman\ci4\system\Database\BaseConnection.php(593): CodeIgniter\Database\BaseConnection->simpleQuery('SELECT cover_bu...')
#3 D:\Haruman\ci4\app\Views\kategori\viewbukuSaya.php(17): CodeIgniter\Database\BaseConnection->query('SELECT cover_bu...')
#4 D:\Haruman\ci4\system\View\View.php(213): include('D:\\Haruman\\ci4\\...')
#5 D:\Haruman\ci4\system\View\View.php(216): CodeIgniter\View\View->CodeIgniter\View\{closure}()
#6 D:\Haruman\ci4\system\Common.php(1134): CodeIgniter\View\View->render('kategori/viewbu...', Array, true)
#7 D:\Haruman\ci4\app\Controllers\CategoryController.php(229): view('kategori/viewbu...', Array)
#8 D:\Haruman\ci4\system\CodeIgniter.php(927): App\Controllers\CategoryController->buku_saya()
#9 D:\Haruman\ci4\system\CodeIgniter.php(482): CodeIgniter\CodeIgniter->runController(Object(App\Controllers\CategoryController))
#10 D:\Haruman\ci4\system\CodeIgniter.php(351): CodeIgniter\CodeIgniter->handleRequest(NULL, Object(Config\Cache), false)
#11 D:\Haruman\ci4\public\index.php(67): CodeIgniter\CodeIgniter->run()
#12 D:\Haruman\ci4\system\Commands\Server\rewrite.php(46): require_once('D:\\Haruman\\ci4\\...')
#13 {main}
CRITICAL - 2022-12-26 11:52:54 --> Unknown column 'bk02' in 'where clause'
in SYSTEMPATH\Database\MySQLi\Connection.php on line 292.
 1 SYSTEMPATH\Database\MySQLi\Connection.php(292): mysqli->query('SELECT cover_buku FROM hlmnbuku JOIN mybook ON hlmnbuku.id_buku = mybook.id_buku WHERE mybook.id_buku = bk02 ', 0)
 2 SYSTEMPATH\Database\BaseConnection.php(666): CodeIgniter\Database\MySQLi\Connection->execute('SELECT cover_buku FROM hlmnbuku JOIN mybook ON hlmnbuku.id_buku = mybook.id_buku WHERE mybook.id_buku = bk02 ')
 3 SYSTEMPATH\Database\BaseConnection.php(593): CodeIgniter\Database\BaseConnection->simpleQuery('SELECT cover_buku FROM hlmnbuku JOIN mybook ON hlmnbuku.id_buku = mybook.id_buku WHERE mybook.id_buku = bk02 ')
 4 APPPATH\Views\kategori\viewbukuSaya.php(17): CodeIgniter\Database\BaseConnection->query('SELECT cover_buku FROM hlmnbuku JOIN mybook ON hlmnbuku.id_buku = mybook.id_buku WHERE mybook.id_buku = bk02 ')
 5 SYSTEMPATH\View\View.php(213): include('APPPATH\\Views\\kategori\\viewbukuSaya.php')
 6 SYSTEMPATH\View\View.php(216): CodeIgniter\View\View->CodeIgniter\View\{closure}()
 7 SYSTEMPATH\Common.php(1134): CodeIgniter\View\View->render('kategori/viewbukuSaya', [], true)
 8 APPPATH\Controllers\CategoryController.php(229): view('kategori/viewbukuSaya', [...])
 9 SYSTEMPATH\CodeIgniter.php(927): App\Controllers\CategoryController->buku_saya()
10 SYSTEMPATH\CodeIgniter.php(482): CodeIgniter\CodeIgniter->runController(Object(App\Controllers\CategoryController))
11 SYSTEMPATH\CodeIgniter.php(351): CodeIgniter\CodeIgniter->handleRequest(null, Object(Config\Cache), false)
12 FCPATH\index.php(67): CodeIgniter\CodeIgniter->run()
13 SYSTEMPATH\Commands\Server\rewrite.php(46): require_once('FCPATH\\index.php')
ERROR - 2022-12-26 12:14:30 --> mysqli_sql_exception: Column 'id_user' in where clause is ambiguous in D:\Haruman\ci4\system\Database\MySQLi\Connection.php:292
Stack trace:
#0 D:\Haruman\ci4\system\Database\MySQLi\Connection.php(292): mysqli->query('SELECT * FROM m...', 0)
#1 D:\Haruman\ci4\system\Database\BaseConnection.php(666): CodeIgniter\Database\MySQLi\Connection->execute('SELECT * FROM m...')
#2 D:\Haruman\ci4\system\Database\BaseConnection.php(593): CodeIgniter\Database\BaseConnection->simpleQuery('SELECT * FROM m...')
#3 D:\Haruman\ci4\app\Views\kategori\viewbukuSaya.php(12): CodeIgniter\Database\BaseConnection->query('SELECT * FROM m...')
#4 D:\Haruman\ci4\system\View\View.php(213): include('D:\\Haruman\\ci4\\...')
#5 D:\Haruman\ci4\system\View\View.php(216): CodeIgniter\View\View->CodeIgniter\View\{closure}()
#6 D:\Haruman\ci4\system\Common.php(1134): CodeIgniter\View\View->render('kategori/viewbu...', Array, true)
#7 D:\Haruman\ci4\app\Controllers\CategoryController.php(229): view('kategori/viewbu...', Array)
#8 D:\Haruman\ci4\system\CodeIgniter.php(927): App\Controllers\CategoryController->buku_saya()
#9 D:\Haruman\ci4\system\CodeIgniter.php(482): CodeIgniter\CodeIgniter->runController(Object(App\Controllers\CategoryController))
#10 D:\Haruman\ci4\system\CodeIgniter.php(351): CodeIgniter\CodeIgniter->handleRequest(NULL, Object(Config\Cache), false)
#11 D:\Haruman\ci4\public\index.php(67): CodeIgniter\CodeIgniter->run()
#12 D:\Haruman\ci4\system\Commands\Server\rewrite.php(46): require_once('D:\\Haruman\\ci4\\...')
#13 {main}
CRITICAL - 2022-12-26 12:14:30 --> Column 'id_user' in where clause is ambiguous
in SYSTEMPATH\Database\MySQLi\Connection.php on line 292.
 1 SYSTEMPATH\Database\MySQLi\Connection.php(292): mysqli->query('SELECT * FROM mybook JOIN user ON mybook.id_user = user.id_user  where id_user =  \'1100\'', 0)
 2 SYSTEMPATH\Database\BaseConnection.php(666): CodeIgniter\Database\MySQLi\Connection->execute('SELECT * FROM mybook JOIN user ON mybook.id_user = user.id_user  where id_user =  \'1100\'')
 3 SYSTEMPATH\Database\BaseConnection.php(593): CodeIgniter\Database\BaseConnection->simpleQuery('SELECT * FROM mybook JOIN user ON mybook.id_user = user.id_user  where id_user =  \'1100\'')
 4 APPPATH\Views\kategori\viewbukuSaya.php(12): CodeIgniter\Database\BaseConnection->query('SELECT * FROM mybook JOIN user ON mybook.id_user = user.id_user  where id_user =  \'1100\'')
 5 SYSTEMPATH\View\View.php(213): include('APPPATH\\Views\\kategori\\viewbukuSaya.php')
 6 SYSTEMPATH\View\View.php(216): CodeIgniter\View\View->CodeIgniter\View\{closure}()
 7 SYSTEMPATH\Common.php(1134): CodeIgniter\View\View->render('kategori/viewbukuSaya', [], true)
 8 APPPATH\Controllers\CategoryController.php(229): view('kategori/viewbukuSaya', [...])
 9 SYSTEMPATH\CodeIgniter.php(927): App\Controllers\CategoryController->buku_saya()
10 SYSTEMPATH\CodeIgniter.php(482): CodeIgniter\CodeIgniter->runController(Object(App\Controllers\CategoryController))
11 SYSTEMPATH\CodeIgniter.php(351): CodeIgniter\CodeIgniter->handleRequest(null, Object(Config\Cache), false)
12 FCPATH\index.php(67): CodeIgniter\CodeIgniter->run()
13 SYSTEMPATH\Commands\Server\rewrite.php(46): require_once('FCPATH\\index.php')
ERROR - 2022-12-26 12:14:49 --> mysqli_sql_exception: Column 'id_user' in where clause is ambiguous in D:\Haruman\ci4\system\Database\MySQLi\Connection.php:292
Stack trace:
#0 D:\Haruman\ci4\system\Database\MySQLi\Connection.php(292): mysqli->query('SELECT *, user....', 0)
#1 D:\Haruman\ci4\system\Database\BaseConnection.php(666): CodeIgniter\Database\MySQLi\Connection->execute('SELECT *, user....')
#2 D:\Haruman\ci4\system\Database\BaseConnection.php(593): CodeIgniter\Database\BaseConnection->simpleQuery('SELECT *, user....')
#3 D:\Haruman\ci4\app\Views\kategori\viewbukuSaya.php(12): CodeIgniter\Database\BaseConnection->query('SELECT *, user....')
#4 D:\Haruman\ci4\system\View\View.php(213): include('D:\\Haruman\\ci4\\...')
#5 D:\Haruman\ci4\system\View\View.php(216): CodeIgniter\View\View->CodeIgniter\View\{closure}()
#6 D:\Haruman\ci4\system\Common.php(1134): CodeIgniter\View\View->render('kategori/viewbu...', Array, true)
#7 D:\Haruman\ci4\app\Controllers\CategoryController.php(229): view('kategori/viewbu...', Array)
#8 D:\Haruman\ci4\system\CodeIgniter.php(927): App\Controllers\CategoryController->buku_saya()
#9 D:\Haruman\ci4\system\CodeIgniter.php(482): CodeIgniter\CodeIgniter->runController(Object(App\Controllers\CategoryController))
#10 D:\Haruman\ci4\system\CodeIgniter.php(351): CodeIgniter\CodeIgniter->handleRequest(NULL, Object(Config\Cache), false)
#11 D:\Haruman\ci4\public\index.php(67): CodeIgniter\CodeIgniter->run()
#12 D:\Haruman\ci4\system\Commands\Server\rewrite.php(46): require_once('D:\\Haruman\\ci4\\...')
#13 {main}
CRITICAL - 2022-12-26 12:14:49 --> Column 'id_user' in where clause is ambiguous
in SYSTEMPATH\Database\MySQLi\Connection.php on line 292.
 1 SYSTEMPATH\Database\MySQLi\Connection.php(292): mysqli->query('SELECT *, user.nama_lengkap FROM mybook JOIN user ON mybook.id_user = user.id_user  where id_user =  \'1100\'', 0)
 2 SYSTEMPATH\Database\BaseConnection.php(666): CodeIgniter\Database\MySQLi\Connection->execute('SELECT *, user.nama_lengkap FROM mybook JOIN user ON mybook.id_user = user.id_user  where id_user =  \'1100\'')
 3 SYSTEMPATH\Database\BaseConnection.php(593): CodeIgniter\Database\BaseConnection->simpleQuery('SELECT *, user.nama_lengkap FROM mybook JOIN user ON mybook.id_user = user.id_user  where id_user =  \'1100\'')
 4 APPPATH\Views\kategori\viewbukuSaya.php(12): CodeIgniter\Database\BaseConnection->query('SELECT *, user.nama_lengkap FROM mybook JOIN user ON mybook.id_user = user.id_user  where id_user =  \'1100\'')
 5 SYSTEMPATH\View\View.php(213): include('APPPATH\\Views\\kategori\\viewbukuSaya.php')
 6 SYSTEMPATH\View\View.php(216): CodeIgniter\View\View->CodeIgniter\View\{closure}()
 7 SYSTEMPATH\Common.php(1134): CodeIgniter\View\View->render('kategori/viewbukuSaya', [], true)
 8 APPPATH\Controllers\CategoryController.php(229): view('kategori/viewbukuSaya', [...])
 9 SYSTEMPATH\CodeIgniter.php(927): App\Controllers\CategoryController->buku_saya()
10 SYSTEMPATH\CodeIgniter.php(482): CodeIgniter\CodeIgniter->runController(Object(App\Controllers\CategoryController))
11 SYSTEMPATH\CodeIgniter.php(351): CodeIgniter\CodeIgniter->handleRequest(null, Object(Config\Cache), false)
12 FCPATH\index.php(67): CodeIgniter\CodeIgniter->run()
13 SYSTEMPATH\Commands\Server\rewrite.php(46): require_once('FCPATH\\index.php')
CRITICAL - 2022-12-26 12:38:40 --> Undefined array key "judulbuku"
in APPPATH\Views\kategori\viewBacaBuku.php on line 18.
 1 APPPATH\Views\kategori\viewBacaBuku.php(18): CodeIgniter\Debug\Exceptions->errorHandler(2, 'Undefined array key "judulbuku"', 'APPPATH\\Views\\kategori\\viewBacaBuku.php', 18)
 2 SYSTEMPATH\View\View.php(213): include('APPPATH\\Views\\kategori\\viewBacaBuku.php')
 3 SYSTEMPATH\View\View.php(216): CodeIgniter\View\View->CodeIgniter\View\{closure}()
 4 SYSTEMPATH\Common.php(1134): CodeIgniter\View\View->render('kategori/viewBacaBuku', [], true)
 5 APPPATH\Controllers\CategoryController.php(153): view('kategori/viewBacaBuku', [...])
 6 SYSTEMPATH\CodeIgniter.php(927): App\Controllers\CategoryController->baca_buku()
 7 SYSTEMPATH\CodeIgniter.php(482): CodeIgniter\CodeIgniter->runController(Object(App\Controllers\CategoryController))
 8 SYSTEMPATH\CodeIgniter.php(351): CodeIgniter\CodeIgniter->handleRequest(null, Object(Config\Cache), false)
 9 FCPATH\index.php(67): CodeIgniter\CodeIgniter->run()
10 SYSTEMPATH\Commands\Server\rewrite.php(46): require_once('FCPATH\\index.php')
CRITICAL - 2022-12-26 12:39:49 --> Undefined array key "judulbuku"
in APPPATH\Views\kategori\viewBacaBuku.php on line 20.
 1 APPPATH\Views\kategori\viewBacaBuku.php(20): CodeIgniter\Debug\Exceptions->errorHandler(2, 'Undefined array key "judulbuku"', 'APPPATH\\Views\\kategori\\viewBacaBuku.php', 20)
 2 SYSTEMPATH\View\View.php(213): include('APPPATH\\Views\\kategori\\viewBacaBuku.php')
 3 SYSTEMPATH\View\View.php(216): CodeIgniter\View\View->CodeIgniter\View\{closure}()
 4 SYSTEMPATH\Common.php(1134): CodeIgniter\View\View->render('kategori/viewBacaBuku', [], true)
 5 APPPATH\Controllers\CategoryController.php(153): view('kategori/viewBacaBuku', [...])
 6 SYSTEMPATH\CodeIgniter.php(927): App\Controllers\CategoryController->baca_buku()
 7 SYSTEMPATH\CodeIgniter.php(482): CodeIgniter\CodeIgniter->runController(Object(App\Controllers\CategoryController))
 8 SYSTEMPATH\CodeIgniter.php(351): CodeIgniter\CodeIgniter->handleRequest(null, Object(Config\Cache), false)
 9 FCPATH\index.php(67): CodeIgniter\CodeIgniter->run()
10 SYSTEMPATH\Commands\Server\rewrite.php(46): require_once('FCPATH\\index.php')
CRITICAL - 2022-12-26 12:40:17 --> Undefined array key "judulbuku"
in APPPATH\Views\kategori\viewBacaBuku.php on line 20.
 1 APPPATH\Views\kategori\viewBacaBuku.php(20): CodeIgniter\Debug\Exceptions->errorHandler(2, 'Undefined array key "judulbuku"', 'APPPATH\\Views\\kategori\\viewBacaBuku.php', 20)
 2 SYSTEMPATH\View\View.php(213): include('APPPATH\\Views\\kategori\\viewBacaBuku.php')
 3 SYSTEMPATH\View\View.php(216): CodeIgniter\View\View->CodeIgniter\View\{closure}()
 4 SYSTEMPATH\Common.php(1134): CodeIgniter\View\View->render('kategori/viewBacaBuku', [], true)
 5 APPPATH\Controllers\CategoryController.php(153): view('kategori/viewBacaBuku', [...])
 6 SYSTEMPATH\CodeIgniter.php(927): App\Controllers\CategoryController->baca_buku()
 7 SYSTEMPATH\CodeIgniter.php(482): CodeIgniter\CodeIgniter->runController(Object(App\Controllers\CategoryController))
 8 SYSTEMPATH\CodeIgniter.php(351): CodeIgniter\CodeIgniter->handleRequest(null, Object(Config\Cache), false)
 9 FCPATH\index.php(67): CodeIgniter\CodeIgniter->run()
10 SYSTEMPATH\Commands\Server\rewrite.php(46): require_once('FCPATH\\index.php')
ERROR - 2022-12-26 12:41:42 --> mysqli_sql_exception: Unknown column 'hlmnbuku.judul_buku' in 'field list' in D:\Haruman\ci4\system\Database\MySQLi\Connection.php:292
Stack trace:
#0 D:\Haruman\ci4\system\Database\MySQLi\Connection.php(292): mysqli->query('SELECT hlmnbuku...', 0)
#1 D:\Haruman\ci4\system\Database\BaseConnection.php(666): CodeIgniter\Database\MySQLi\Connection->execute('SELECT hlmnbuku...')
#2 D:\Haruman\ci4\system\Database\BaseConnection.php(593): CodeIgniter\Database\BaseConnection->simpleQuery('SELECT hlmnbuku...')
#3 D:\Haruman\ci4\app\Views\kategori\viewBacaBuku.php(7): CodeIgniter\Database\BaseConnection->query('SELECT hlmnbuku...')
#4 D:\Haruman\ci4\system\View\View.php(213): include('D:\\Haruman\\ci4\\...')
#5 D:\Haruman\ci4\system\View\View.php(216): CodeIgniter\View\View->CodeIgniter\View\{closure}()
#6 D:\Haruman\ci4\system\Common.php(1134): CodeIgniter\View\View->render('kategori/viewBa...', Array, true)
#7 D:\Haruman\ci4\app\Controllers\CategoryController.php(153): view('kategori/viewBa...', Array)
#8 D:\Haruman\ci4\system\CodeIgniter.php(927): App\Controllers\CategoryController->baca_buku()
#9 D:\Haruman\ci4\system\CodeIgniter.php(482): CodeIgniter\CodeIgniter->runController(Object(App\Controllers\CategoryController))
#10 D:\Haruman\ci4\system\CodeIgniter.php(351): CodeIgniter\CodeIgniter->handleRequest(NULL, Object(Config\Cache), false)
#11 D:\Haruman\ci4\public\index.php(67): CodeIgniter\CodeIgniter->run()
#12 D:\Haruman\ci4\system\Commands\Server\rewrite.php(46): require_once('D:\\Haruman\\ci4\\...')
#13 {main}
CRITICAL - 2022-12-26 12:41:42 --> Unknown column 'hlmnbuku.judul_buku' in 'field list'
in SYSTEMPATH\Database\MySQLi\Connection.php on line 292.
 1 SYSTEMPATH\Database\MySQLi\Connection.php(292): mysqli->query('SELECT hlmnbuku.judulbuku, hlmnbuku.author, hlmnbuku.judul_buku FROM hlmnbuku INNER JOIN mybook ON hlmnbuku.id_buku = mybook.id_buku INNER JOIN user ON mybook.id_user = user.id_user  WHERE user.id_user = 1100', 0)
 2 SYSTEMPATH\Database\BaseConnection.php(666): CodeIgniter\Database\MySQLi\Connection->execute('SELECT hlmnbuku.judulbuku, hlmnbuku.author, hlmnbuku.judul_buku FROM hlmnbuku INNER JOIN mybook ON hlmnbuku.id_buku = mybook.id_buku INNER JOIN user ON mybook.id_user = user.id_user  WHERE user.id_user = 1100')
 3 SYSTEMPATH\Database\BaseConnection.php(593): CodeIgniter\Database\BaseConnection->simpleQuery('SELECT hlmnbuku.judulbuku, hlmnbuku.author, hlmnbuku.judul_buku FROM hlmnbuku INNER JOIN mybook ON hlmnbuku.id_buku = mybook.id_buku INNER JOIN user ON mybook.id_user = user.id_user  WHERE user.id_user = 1100')
 4 APPPATH\Views\kategori\viewBacaBuku.php(7): CodeIgniter\Database\BaseConnection->query('SELECT hlmnbuku.judulbuku, hlmnbuku.author, hlmnbuku.judul_buku FROM hlmnbuku INNER JOIN mybook ON hlmnbuku.id_buku = mybook.id_buku INNER JOIN user ON mybook.id_user = user.id_user  WHERE user.id_user = 1100')
 5 SYSTEMPATH\View\View.php(213): include('APPPATH\\Views\\kategori\\viewBacaBuku.php')
 6 SYSTEMPATH\View\View.php(216): CodeIgniter\View\View->CodeIgniter\View\{closure}()
 7 SYSTEMPATH\Common.php(1134): CodeIgniter\View\View->render('kategori/viewBacaBuku', [], true)
 8 APPPATH\Controllers\CategoryController.php(153): view('kategori/viewBacaBuku', [...])
 9 SYSTEMPATH\CodeIgniter.php(927): App\Controllers\CategoryController->baca_buku()
10 SYSTEMPATH\CodeIgniter.php(482): CodeIgniter\CodeIgniter->runController(Object(App\Controllers\CategoryController))
11 SYSTEMPATH\CodeIgniter.php(351): CodeIgniter\CodeIgniter->handleRequest(null, Object(Config\Cache), false)
12 FCPATH\index.php(67): CodeIgniter\CodeIgniter->run()
13 SYSTEMPATH\Commands\Server\rewrite.php(46): require_once('FCPATH\\index.php')
CRITICAL - 2022-12-26 12:42:02 --> Undefined array key "judulbuku"
in APPPATH\Views\kategori\viewBacaBuku.php on line 20.
 1 APPPATH\Views\kategori\viewBacaBuku.php(20): CodeIgniter\Debug\Exceptions->errorHandler(2, 'Undefined array key "judulbuku"', 'APPPATH\\Views\\kategori\\viewBacaBuku.php', 20)
 2 SYSTEMPATH\View\View.php(213): include('APPPATH\\Views\\kategori\\viewBacaBuku.php')
 3 SYSTEMPATH\View\View.php(216): CodeIgniter\View\View->CodeIgniter\View\{closure}()
 4 SYSTEMPATH\Common.php(1134): CodeIgniter\View\View->render('kategori/viewBacaBuku', [], true)
 5 APPPATH\Controllers\CategoryController.php(153): view('kategori/viewBacaBuku', [...])
 6 SYSTEMPATH\CodeIgniter.php(927): App\Controllers\CategoryController->baca_buku()
 7 SYSTEMPATH\CodeIgniter.php(482): CodeIgniter\CodeIgniter->runController(Object(App\Controllers\CategoryController))
 8 SYSTEMPATH\CodeIgniter.php(351): CodeIgniter\CodeIgniter->handleRequest(null, Object(Config\Cache), false)
 9 FCPATH\index.php(67): CodeIgniter\CodeIgniter->run()
10 SYSTEMPATH\Commands\Server\rewrite.php(46): require_once('FCPATH\\index.php')
ERROR - 2022-12-26 20:50:40 --> mysqli_sql_exception: Unknown column 'nama_user' in 'field list' in D:\Haruman\ci4\system\Database\MySQLi\Connection.php:292
Stack trace:
#0 D:\Haruman\ci4\system\Database\MySQLi\Connection.php(292): mysqli->query('INSERT INTO `us...', 0)
#1 D:\Haruman\ci4\system\Database\BaseConnection.php(666): CodeIgniter\Database\MySQLi\Connection->execute('INSERT INTO `us...')
#2 D:\Haruman\ci4\system\Database\BaseConnection.php(593): CodeIgniter\Database\BaseConnection->simpleQuery('INSERT INTO `us...')
#3 D:\Haruman\ci4\system\Database\BaseBuilder.php(1916): CodeIgniter\Database\BaseConnection->query('INSERT INTO `us...', Array, false)
#4 D:\Haruman\ci4\system\Model.php(279): CodeIgniter\Database\BaseBuilder->insert()
#5 D:\Haruman\ci4\system\BaseModel.php(749): CodeIgniter\Model->doInsert(Array)
#6 D:\Haruman\ci4\system\Model.php(667): CodeIgniter\BaseModel->insert(Array, false)
#7 D:\Haruman\ci4\system\BaseModel.php(659): CodeIgniter\Model->insert(Array, false)
#8 D:\Haruman\ci4\app\Controllers\Auth.php(130): CodeIgniter\BaseModel->save(Array)
#9 D:\Haruman\ci4\system\CodeIgniter.php(927): App\Controllers\Auth->save()
#10 D:\Haruman\ci4\system\CodeIgniter.php(482): CodeIgniter\CodeIgniter->runController(Object(App\Controllers\Auth))
#11 D:\Haruman\ci4\system\CodeIgniter.php(351): CodeIgniter\CodeIgniter->handleRequest(NULL, Object(Config\Cache), false)
#12 D:\Haruman\ci4\public\index.php(67): CodeIgniter\CodeIgniter->run()
#13 D:\Haruman\ci4\system\Commands\Server\rewrite.php(46): require_once('D:\\Haruman\\ci4\\...')
#14 {main}
CRITICAL - 2022-12-26 20:50:40 --> Unknown column 'nama_user' in 'field list'
in SYSTEMPATH\Database\MySQLi\Connection.php on line 292.
 1 SYSTEMPATH\Database\MySQLi\Connection.php(292): mysqli->query('INSERT INTO `user` (`email`, `username`, `nama_lengkap`, `password`, `date_created`) VALUES (\'harumanbangkit1@gmail.com\', \'wawan123\', \'asepjajang\', \'$2y$10$rVrSL3lseXgPauL9F73Hr.V/6bIkyoqk5eFptAEEn5EofaUwS6lFC\', \'2022-12-27 09:50:39\')', 0)
 2 SYSTEMPATH\Database\BaseConnection.php(666): CodeIgniter\Database\MySQLi\Connection->execute('INSERT INTO `user` (`email`, `username`, `nama_lengkap`, `password`, `date_created`) VALUES (\'harumanbangkit1@gmail.com\', \'wawan123\', \'asepjajang\', \'$2y$10$rVrSL3lseXgPauL9F73Hr.V/6bIkyoqk5eFptAEEn5EofaUwS6lFC\', \'2022-12-27 09:50:39\')')
 3 SYSTEMPATH\Database\BaseConnection.php(593): CodeIgniter\Database\BaseConnection->simpleQuery('INSERT INTO `user` (`email`, `username`, `nama_lengkap`, `password`, `date_created`) VALUES (\'harumanbangkit1@gmail.com\', \'wawan123\', \'asepjajang\', \'$2y$10$rVrSL3lseXgPauL9F73Hr.V/6bIkyoqk5eFptAEEn5EofaUwS6lFC\', \'2022-12-27 09:50:39\')')
 4 SYSTEMPATH\Database\BaseBuilder.php(1916): CodeIgniter\Database\BaseConnection->query('INSERT INTO `user` (`email`, `username`, `nama_lengkap`, `password`, `date_created`) VALUES (:email:, :username:, :nama_lengkap:, :password:, :date_created:)', [...], false)
 5 SYSTEMPATH\Model.php(279): CodeIgniter\Database\BaseBuilder->insert()
 6 SYSTEMPATH\BaseModel.php(749): CodeIgniter\Model->doInsert([...])
 7 SYSTEMPATH\Model.php(667): CodeIgniter\BaseModel->insert([...], false)
 8 SYSTEMPATH\BaseModel.php(659): CodeIgniter\Model->insert([...], false)
 9 APPPATH\Controllers\Auth.php(130): CodeIgniter\BaseModel->save([...])
10 SYSTEMPATH\CodeIgniter.php(927): App\Controllers\Auth->save()
11 SYSTEMPATH\CodeIgniter.php(482): CodeIgniter\CodeIgniter->runController(Object(App\Controllers\Auth))
12 SYSTEMPATH\CodeIgniter.php(351): CodeIgniter\CodeIgniter->handleRequest(null, Object(Config\Cache), false)
13 FCPATH\index.php(67): CodeIgniter\CodeIgniter->run()
14 SYSTEMPATH\Commands\Server\rewrite.php(46): require_once('FCPATH\\index.php')
CRITICAL - 2022-12-26 20:54:07 --> Undefined variable $data
in APPPATH\Views\kategori\viewbukuSaya.php on line 37.
 1 APPPATH\Views\kategori\viewbukuSaya.php(37): CodeIgniter\Debug\Exceptions->errorHandler(2, 'Undefined variable $data', 'APPPATH\\Views\\kategori\\viewbukuSaya.php', 37)
 2 SYSTEMPATH\View\View.php(213): include('APPPATH\\Views\\kategori\\viewbukuSaya.php')
 3 SYSTEMPATH\View\View.php(216): CodeIgniter\View\View->CodeIgniter\View\{closure}()
 4 SYSTEMPATH\Common.php(1134): CodeIgniter\View\View->render('kategori/viewbukuSaya', [], true)
 5 APPPATH\Controllers\CategoryController.php(248): view('kategori/viewbukuSaya', [...])
 6 SYSTEMPATH\CodeIgniter.php(927): App\Controllers\CategoryController->buku_saya()
 7 SYSTEMPATH\CodeIgniter.php(482): CodeIgniter\CodeIgniter->runController(Object(App\Controllers\CategoryController))
 8 SYSTEMPATH\CodeIgniter.php(351): CodeIgniter\CodeIgniter->handleRequest(null, Object(Config\Cache), false)
 9 FCPATH\index.php(67): CodeIgniter\CodeIgniter->run()
10 SYSTEMPATH\Commands\Server\rewrite.php(46): require_once('FCPATH\\index.php')
CRITICAL - 2022-12-26 20:55:17 --> Undefined variable $data
in APPPATH\Views\kategori\viewbukuSaya.php on line 37.
 1 APPPATH\Views\kategori\viewbukuSaya.php(37): CodeIgniter\Debug\Exceptions->errorHandler(2, 'Undefined variable $data', 'APPPATH\\Views\\kategori\\viewbukuSaya.php', 37)
 2 SYSTEMPATH\View\View.php(213): include('APPPATH\\Views\\kategori\\viewbukuSaya.php')
 3 SYSTEMPATH\View\View.php(216): CodeIgniter\View\View->CodeIgniter\View\{closure}()
 4 SYSTEMPATH\Common.php(1134): CodeIgniter\View\View->render('kategori/viewbukuSaya', [], true)
 5 APPPATH\Controllers\CategoryController.php(248): view('kategori/viewbukuSaya', [...])
 6 SYSTEMPATH\CodeIgniter.php(927): App\Controllers\CategoryController->buku_saya()
 7 SYSTEMPATH\CodeIgniter.php(482): CodeIgniter\CodeIgniter->runController(Object(App\Controllers\CategoryController))
 8 SYSTEMPATH\CodeIgniter.php(351): CodeIgniter\CodeIgniter->handleRequest(null, Object(Config\Cache), false)
 9 FCPATH\index.php(67): CodeIgniter\CodeIgniter->run()
10 SYSTEMPATH\Commands\Server\rewrite.php(46): require_once('FCPATH\\index.php')
CRITICAL - 2022-12-26 20:55:47 --> Undefined variable $data
in APPPATH\Views\kategori\viewbukuSaya.php on line 37.
 1 APPPATH\Views\kategori\viewbukuSaya.php(37): CodeIgniter\Debug\Exceptions->errorHandler(2, 'Undefined variable $data', 'APPPATH\\Views\\kategori\\viewbukuSaya.php', 37)
 2 SYSTEMPATH\View\View.php(213): include('APPPATH\\Views\\kategori\\viewbukuSaya.php')
 3 SYSTEMPATH\View\View.php(216): CodeIgniter\View\View->CodeIgniter\View\{closure}()
 4 SYSTEMPATH\Common.php(1134): CodeIgniter\View\View->render('kategori/viewbukuSaya', [], true)
 5 APPPATH\Controllers\CategoryController.php(248): view('kategori/viewbukuSaya', [...])
 6 SYSTEMPATH\CodeIgniter.php(927): App\Controllers\CategoryController->buku_saya()
 7 SYSTEMPATH\CodeIgniter.php(482): CodeIgniter\CodeIgniter->runController(Object(App\Controllers\CategoryController))
 8 SYSTEMPATH\CodeIgniter.php(351): CodeIgniter\CodeIgniter->handleRequest(null, Object(Config\Cache), false)
 9 FCPATH\index.php(67): CodeIgniter\CodeIgniter->run()
10 SYSTEMPATH\Commands\Server\rewrite.php(46): require_once('FCPATH\\index.php')
CRITICAL - 2022-12-26 20:58:24 --> Undefined variable $data
in APPPATH\Views\kategori\viewbukuSaya.php on line 37.
 1 APPPATH\Views\kategori\viewbukuSaya.php(37): CodeIgniter\Debug\Exceptions->errorHandler(2, 'Undefined variable $data', 'APPPATH\\Views\\kategori\\viewbukuSaya.php', 37)
 2 SYSTEMPATH\View\View.php(213): include('APPPATH\\Views\\kategori\\viewbukuSaya.php')
 3 SYSTEMPATH\View\View.php(216): CodeIgniter\View\View->CodeIgniter\View\{closure}()
 4 SYSTEMPATH\Common.php(1134): CodeIgniter\View\View->render('kategori/viewbukuSaya', [], true)
 5 APPPATH\Controllers\CategoryController.php(248): view('kategori/viewbukuSaya', [...])
 6 SYSTEMPATH\CodeIgniter.php(927): App\Controllers\CategoryController->buku_saya()
 7 SYSTEMPATH\CodeIgniter.php(482): CodeIgniter\CodeIgniter->runController(Object(App\Controllers\CategoryController))
 8 SYSTEMPATH\CodeIgniter.php(351): CodeIgniter\CodeIgniter->handleRequest(null, Object(Config\Cache), false)
 9 FCPATH\index.php(67): CodeIgniter\CodeIgniter->run()
10 SYSTEMPATH\Commands\Server\rewrite.php(46): require_once('FCPATH\\index.php')
ERROR - 2022-12-26 20:59:06 --> mysqli_sql_exception: Duplicate entry 'BK03' for key 'id_buku' in D:\Haruman\ci4\system\Database\MySQLi\Connection.php:292
Stack trace:
#0 D:\Haruman\ci4\system\Database\MySQLi\Connection.php(292): mysqli->query('INSERT INTO `tr...', 0)
#1 D:\Haruman\ci4\system\Database\BaseConnection.php(666): CodeIgniter\Database\MySQLi\Connection->execute('INSERT INTO `tr...')
#2 D:\Haruman\ci4\system\Database\BaseConnection.php(593): CodeIgniter\Database\BaseConnection->simpleQuery('INSERT INTO `tr...')
#3 D:\Haruman\ci4\system\Database\BaseBuilder.php(1916): CodeIgniter\Database\BaseConnection->query('INSERT INTO `tr...', Array, false)
#4 D:\Haruman\ci4\system\Model.php(279): CodeIgniter\Database\BaseBuilder->insert()
#5 D:\Haruman\ci4\system\BaseModel.php(749): CodeIgniter\Model->doInsert(Array)
#6 D:\Haruman\ci4\system\Model.php(667): CodeIgniter\BaseModel->insert(Array, false)
#7 D:\Haruman\ci4\system\BaseModel.php(659): CodeIgniter\Model->insert(Array, false)
#8 D:\Haruman\ci4\app\Controllers\CategoryController.php(132): CodeIgniter\BaseModel->save(Array)
#9 D:\Haruman\ci4\system\CodeIgniter.php(927): App\Controllers\CategoryController->savePinjam()
#10 D:\Haruman\ci4\system\CodeIgniter.php(482): CodeIgniter\CodeIgniter->runController(Object(App\Controllers\CategoryController))
#11 D:\Haruman\ci4\system\CodeIgniter.php(351): CodeIgniter\CodeIgniter->handleRequest(NULL, Object(Config\Cache), false)
#12 D:\Haruman\ci4\public\index.php(67): CodeIgniter\CodeIgniter->run()
#13 D:\Haruman\ci4\system\Commands\Server\rewrite.php(46): require_once('D:\\Haruman\\ci4\\...')
#14 {main}
CRITICAL - 2022-12-26 20:59:06 --> Duplicate entry 'BK03' for key 'id_buku'
in SYSTEMPATH\Database\MySQLi\Connection.php on line 292.
 1 SYSTEMPATH\Database\MySQLi\Connection.php(292): mysqli->query('INSERT INTO `transaksibuku` (`id_buku`, `id_user`, `judulbuku`, `tanggal_peminjaman`, `tanggal_pengembalian`, `file_buku`) VALUES (\'BK03\', \'1101\', \'Semua sama sajah,aku jelek kamu cantik\', \'2022-12-28\', \'2022-12-31\', \'asep.pdf\')', 0)
 2 SYSTEMPATH\Database\BaseConnection.php(666): CodeIgniter\Database\MySQLi\Connection->execute('INSERT INTO `transaksibuku` (`id_buku`, `id_user`, `judulbuku`, `tanggal_peminjaman`, `tanggal_pengembalian`, `file_buku`) VALUES (\'BK03\', \'1101\', \'Semua sama sajah,aku jelek kamu cantik\', \'2022-12-28\', \'2022-12-31\', \'asep.pdf\')')
 3 SYSTEMPATH\Database\BaseConnection.php(593): CodeIgniter\Database\BaseConnection->simpleQuery('INSERT INTO `transaksibuku` (`id_buku`, `id_user`, `judulbuku`, `tanggal_peminjaman`, `tanggal_pengembalian`, `file_buku`) VALUES (\'BK03\', \'1101\', \'Semua sama sajah,aku jelek kamu cantik\', \'2022-12-28\', \'2022-12-31\', \'asep.pdf\')')
 4 SYSTEMPATH\Database\BaseBuilder.php(1916): CodeIgniter\Database\BaseConnection->query('INSERT INTO `transaksibuku` (`id_buku`, `id_user`, `judulbuku`, `tanggal_peminjaman`, `tanggal_pengembalian`, `file_buku`) VALUES (:id_buku:, :id_user:, :judulbuku:, :tanggal_peminjaman:, :tanggal_pengembalian:, :file_buku:)', [...], false)
 5 SYSTEMPATH\Model.php(279): CodeIgniter\Database\BaseBuilder->insert()
 6 SYSTEMPATH\BaseModel.php(749): CodeIgniter\Model->doInsert([...])
 7 SYSTEMPATH\Model.php(667): CodeIgniter\BaseModel->insert([...], false)
 8 SYSTEMPATH\BaseModel.php(659): CodeIgniter\Model->insert([...], false)
 9 APPPATH\Controllers\CategoryController.php(132): CodeIgniter\BaseModel->save([...])
10 SYSTEMPATH\CodeIgniter.php(927): App\Controllers\CategoryController->savePinjam()
11 SYSTEMPATH\CodeIgniter.php(482): CodeIgniter\CodeIgniter->runController(Object(App\Controllers\CategoryController))
12 SYSTEMPATH\CodeIgniter.php(351): CodeIgniter\CodeIgniter->handleRequest(null, Object(Config\Cache), false)
13 FCPATH\index.php(67): CodeIgniter\CodeIgniter->run()
14 SYSTEMPATH\Commands\Server\rewrite.php(46): require_once('FCPATH\\index.php')
ERROR - 2022-12-26 21:03:28 --> mysqli_sql_exception: Duplicate entry 'Semua sama sajah,aku jelek kamu cantik' for key 'judulbuku' in D:\Haruman\ci4\system\Database\MySQLi\Connection.php:292
Stack trace:
#0 D:\Haruman\ci4\system\Database\MySQLi\Connection.php(292): mysqli->query('INSERT INTO `tr...', 0)
#1 D:\Haruman\ci4\system\Database\BaseConnection.php(666): CodeIgniter\Database\MySQLi\Connection->execute('INSERT INTO `tr...')
#2 D:\Haruman\ci4\system\Database\BaseConnection.php(593): CodeIgniter\Database\BaseConnection->simpleQuery('INSERT INTO `tr...')
#3 D:\Haruman\ci4\system\Database\BaseBuilder.php(1916): CodeIgniter\Database\BaseConnection->query('INSERT INTO `tr...', Array, false)
#4 D:\Haruman\ci4\system\Model.php(279): CodeIgniter\Database\BaseBuilder->insert()
#5 D:\Haruman\ci4\system\BaseModel.php(749): CodeIgniter\Model->doInsert(Array)
#6 D:\Haruman\ci4\system\Model.php(667): CodeIgniter\BaseModel->insert(Array, false)
#7 D:\Haruman\ci4\system\BaseModel.php(659): CodeIgniter\Model->insert(Array, false)
#8 D:\Haruman\ci4\app\Controllers\CategoryController.php(132): CodeIgniter\BaseModel->save(Array)
#9 D:\Haruman\ci4\system\CodeIgniter.php(927): App\Controllers\CategoryController->savePinjam()
#10 D:\Haruman\ci4\system\CodeIgniter.php(482): CodeIgniter\CodeIgniter->runController(Object(App\Controllers\CategoryController))
#11 D:\Haruman\ci4\system\CodeIgniter.php(351): CodeIgniter\CodeIgniter->handleRequest(NULL, Object(Config\Cache), false)
#12 D:\Haruman\ci4\public\index.php(67): CodeIgniter\CodeIgniter->run()
#13 D:\Haruman\ci4\system\Commands\Server\rewrite.php(46): require_once('D:\\Haruman\\ci4\\...')
#14 {main}
CRITICAL - 2022-12-26 21:03:28 --> Duplicate entry 'Semua sama sajah,aku jelek kamu cantik' for key 'judulbuku'
in SYSTEMPATH\Database\MySQLi\Connection.php on line 292.
 1 SYSTEMPATH\Database\MySQLi\Connection.php(292): mysqli->query('INSERT INTO `transaksibuku` (`id_buku`, `id_user`, `judulbuku`, `tanggal_peminjaman`, `tanggal_pengembalian`, `file_buku`) VALUES (\'BK03\', \'1101\', \'Semua sama sajah,aku jelek kamu cantik\', \'2022-12-29\', \'2022-12-30\', \'asep.pdf\')', 0)
 2 SYSTEMPATH\Database\BaseConnection.php(666): CodeIgniter\Database\MySQLi\Connection->execute('INSERT INTO `transaksibuku` (`id_buku`, `id_user`, `judulbuku`, `tanggal_peminjaman`, `tanggal_pengembalian`, `file_buku`) VALUES (\'BK03\', \'1101\', \'Semua sama sajah,aku jelek kamu cantik\', \'2022-12-29\', \'2022-12-30\', \'asep.pdf\')')
 3 SYSTEMPATH\Database\BaseConnection.php(593): CodeIgniter\Database\BaseConnection->simpleQuery('INSERT INTO `transaksibuku` (`id_buku`, `id_user`, `judulbuku`, `tanggal_peminjaman`, `tanggal_pengembalian`, `file_buku`) VALUES (\'BK03\', \'1101\', \'Semua sama sajah,aku jelek kamu cantik\', \'2022-12-29\', \'2022-12-30\', \'asep.pdf\')')
 4 SYSTEMPATH\Database\BaseBuilder.php(1916): CodeIgniter\Database\BaseConnection->query('INSERT INTO `transaksibuku` (`id_buku`, `id_user`, `judulbuku`, `tanggal_peminjaman`, `tanggal_pengembalian`, `file_buku`) VALUES (:id_buku:, :id_user:, :judulbuku:, :tanggal_peminjaman:, :tanggal_pengembalian:, :file_buku:)', [...], false)
 5 SYSTEMPATH\Model.php(279): CodeIgniter\Database\BaseBuilder->insert()
 6 SYSTEMPATH\BaseModel.php(749): CodeIgniter\Model->doInsert([...])
 7 SYSTEMPATH\Model.php(667): CodeIgniter\BaseModel->insert([...], false)
 8 SYSTEMPATH\BaseModel.php(659): CodeIgniter\Model->insert([...], false)
 9 APPPATH\Controllers\CategoryController.php(132): CodeIgniter\BaseModel->save([...])
10 SYSTEMPATH\CodeIgniter.php(927): App\Controllers\CategoryController->savePinjam()
11 SYSTEMPATH\CodeIgniter.php(482): CodeIgniter\CodeIgniter->runController(Object(App\Controllers\CategoryController))
12 SYSTEMPATH\CodeIgniter.php(351): CodeIgniter\CodeIgniter->handleRequest(null, Object(Config\Cache), false)
13 FCPATH\index.php(67): CodeIgniter\CodeIgniter->run()
14 SYSTEMPATH\Commands\Server\rewrite.php(46): require_once('FCPATH\\index.php')
CRITICAL - 2022-12-26 21:13:15 --> Object of class App\Controllers\CategoryController could not be converted to string
in APPPATH\Controllers\CategoryController.php on line 143.
 1 SYSTEMPATH\CodeIgniter.php(927): App\Controllers\CategoryController->savePinjam()
 2 SYSTEMPATH\CodeIgniter.php(482): CodeIgniter\CodeIgniter->runController(Object(App\Controllers\CategoryController))
 3 SYSTEMPATH\CodeIgniter.php(351): CodeIgniter\CodeIgniter->handleRequest(null, Object(Config\Cache), false)
 4 FCPATH\index.php(67): CodeIgniter\CodeIgniter->run()
 5 SYSTEMPATH\Commands\Server\rewrite.php(46): require_once('FCPATH\\index.php')
CRITICAL - 2022-12-26 21:19:13 --> Undefined array key "judulbuku"
in APPPATH\Views\kategori\viewbukuSaya.php on line 21.
 1 APPPATH\Views\kategori\viewbukuSaya.php(21): CodeIgniter\Debug\Exceptions->errorHandler(2, 'Undefined array key "judulbuku"', 'APPPATH\\Views\\kategori\\viewbukuSaya.php', 21)
 2 SYSTEMPATH\View\View.php(213): include('APPPATH\\Views\\kategori\\viewbukuSaya.php')
 3 SYSTEMPATH\View\View.php(216): CodeIgniter\View\View->CodeIgniter\View\{closure}()
 4 SYSTEMPATH\Common.php(1134): CodeIgniter\View\View->render('kategori/viewbukuSaya', [], true)
 5 APPPATH\Controllers\CategoryController.php(258): view('kategori/viewbukuSaya', [...])
 6 SYSTEMPATH\CodeIgniter.php(927): App\Controllers\CategoryController->buku_saya()
 7 SYSTEMPATH\CodeIgniter.php(482): CodeIgniter\CodeIgniter->runController(Object(App\Controllers\CategoryController))
 8 SYSTEMPATH\CodeIgniter.php(351): CodeIgniter\CodeIgniter->handleRequest(null, Object(Config\Cache), false)
 9 FCPATH\index.php(67): CodeIgniter\CodeIgniter->run()
10 SYSTEMPATH\Commands\Server\rewrite.php(46): require_once('FCPATH\\index.php')
CRITICAL - 2022-12-26 21:20:03 --> Undefined array key "judulbuku"
in APPPATH\Views\kategori\viewbukuSaya.php on line 22.
 1 APPPATH\Views\kategori\viewbukuSaya.php(22): CodeIgniter\Debug\Exceptions->errorHandler(2, 'Undefined array key "judulbuku"', 'APPPATH\\Views\\kategori\\viewbukuSaya.php', 22)
 2 SYSTEMPATH\View\View.php(213): include('APPPATH\\Views\\kategori\\viewbukuSaya.php')
 3 SYSTEMPATH\View\View.php(216): CodeIgniter\View\View->CodeIgniter\View\{closure}()
 4 SYSTEMPATH\Common.php(1134): CodeIgniter\View\View->render('kategori/viewbukuSaya', [], true)
 5 APPPATH\Controllers\CategoryController.php(258): view('kategori/viewbukuSaya', [...])
 6 SYSTEMPATH\CodeIgniter.php(927): App\Controllers\CategoryController->buku_saya()
 7 SYSTEMPATH\CodeIgniter.php(482): CodeIgniter\CodeIgniter->runController(Object(App\Controllers\CategoryController))
 8 SYSTEMPATH\CodeIgniter.php(351): CodeIgniter\CodeIgniter->handleRequest(null, Object(Config\Cache), false)
 9 FCPATH\index.php(67): CodeIgniter\CodeIgniter->run()
10 SYSTEMPATH\Commands\Server\rewrite.php(46): require_once('FCPATH\\index.php')
CRITICAL - 2022-12-26 21:20:13 --> Undefined array key "judulbuku"
in APPPATH\Views\kategori\viewbukuSaya.php on line 27.
 1 APPPATH\Views\kategori\viewbukuSaya.php(27): CodeIgniter\Debug\Exceptions->errorHandler(2, 'Undefined array key "judulbuku"', 'APPPATH\\Views\\kategori\\viewbukuSaya.php', 27)
 2 SYSTEMPATH\View\View.php(213): include('APPPATH\\Views\\kategori\\viewbukuSaya.php')
 3 SYSTEMPATH\View\View.php(216): CodeIgniter\View\View->CodeIgniter\View\{closure}()
 4 SYSTEMPATH\Common.php(1134): CodeIgniter\View\View->render('kategori/viewbukuSaya', [], true)
 5 APPPATH\Controllers\CategoryController.php(258): view('kategori/viewbukuSaya', [...])
 6 SYSTEMPATH\CodeIgniter.php(927): App\Controllers\CategoryController->buku_saya()
 7 SYSTEMPATH\CodeIgniter.php(482): CodeIgniter\CodeIgniter->runController(Object(App\Controllers\CategoryController))
 8 SYSTEMPATH\CodeIgniter.php(351): CodeIgniter\CodeIgniter->handleRequest(null, Object(Config\Cache), false)
 9 FCPATH\index.php(67): CodeIgniter\CodeIgniter->run()
10 SYSTEMPATH\Commands\Server\rewrite.php(46): require_once('FCPATH\\index.php')
CRITICAL - 2022-12-26 23:47:24 --> Undefined array key "id_buku"
in APPPATH\Views\kategori\viewbukuSaya.php on line 60.
 1 APPPATH\Views\kategori\viewbukuSaya.php(60): CodeIgniter\Debug\Exceptions->errorHandler(2, 'Undefined array key "id_buku"', 'APPPATH\\Views\\kategori\\viewbukuSaya.php', 60)
 2 SYSTEMPATH\View\View.php(213): include('APPPATH\\Views\\kategori\\viewbukuSaya.php')
 3 SYSTEMPATH\View\View.php(216): CodeIgniter\View\View->CodeIgniter\View\{closure}()
 4 SYSTEMPATH\Common.php(1134): CodeIgniter\View\View->render('kategori/viewbukuSaya', [], true)
 5 APPPATH\Controllers\CategoryController.php(258): view('kategori/viewbukuSaya', [...])
 6 SYSTEMPATH\CodeIgniter.php(927): App\Controllers\CategoryController->buku_saya()
 7 SYSTEMPATH\CodeIgniter.php(482): CodeIgniter\CodeIgniter->runController(Object(App\Controllers\CategoryController))
 8 SYSTEMPATH\CodeIgniter.php(351): CodeIgniter\CodeIgniter->handleRequest(null, Object(Config\Cache), false)
 9 FCPATH\index.php(67): CodeIgniter\CodeIgniter->run()
10 SYSTEMPATH\Commands\Server\rewrite.php(46): require_once('FCPATH\\index.php')
CRITICAL - 2022-12-26 23:48:02 --> Undefined array key "id_buku"
in APPPATH\Views\kategori\viewbukuSaya.php on line 60.
 1 APPPATH\Views\kategori\viewbukuSaya.php(60): CodeIgniter\Debug\Exceptions->errorHandler(2, 'Undefined array key "id_buku"', 'APPPATH\\Views\\kategori\\viewbukuSaya.php', 60)
 2 SYSTEMPATH\View\View.php(213): include('APPPATH\\Views\\kategori\\viewbukuSaya.php')
 3 SYSTEMPATH\View\View.php(216): CodeIgniter\View\View->CodeIgniter\View\{closure}()
 4 SYSTEMPATH\Common.php(1134): CodeIgniter\View\View->render('kategori/viewbukuSaya', [], true)
 5 APPPATH\Controllers\CategoryController.php(258): view('kategori/viewbukuSaya', [...])
 6 SYSTEMPATH\CodeIgniter.php(927): App\Controllers\CategoryController->buku_saya()
 7 SYSTEMPATH\CodeIgniter.php(482): CodeIgniter\CodeIgniter->runController(Object(App\Controllers\CategoryController))
 8 SYSTEMPATH\CodeIgniter.php(351): CodeIgniter\CodeIgniter->handleRequest(null, Object(Config\Cache), false)
 9 FCPATH\index.php(67): CodeIgniter\CodeIgniter->run()
10 SYSTEMPATH\Commands\Server\rewrite.php(46): require_once('FCPATH\\index.php')
