CRITICAL - 2022-12-22 08:25:02 --> Undefined array key "id_buku"
in APPPATH\Views\kategori\index.php on line 82.
 1 APPPATH\Views\kategori\index.php(82): CodeIgniter\Debug\Exceptions->errorHandler(2, 'Undefined array key "id_buku"', 'APPPATH\\Views\\kategori\\index.php', 82)
 2 SYSTEMPATH\View\View.php(213): include('APPPATH\\Views\\kategori\\index.php')
 3 SYSTEMPATH\View\View.php(216): CodeIgniter\View\View->CodeIgniter\View\{closure}()
 4 SYSTEMPATH\Common.php(1134): CodeIgniter\View\View->render('kategori/index', [], true)
 5 APPPATH\Controllers\CategoryController.php(33): view('kategori/index', [...])
 6 SYSTEMPATH\CodeIgniter.php(927): App\Controllers\CategoryController->index()
 7 SYSTEMPATH\CodeIgniter.php(482): CodeIgniter\CodeIgniter->runController(Object(App\Controllers\CategoryController))
 8 SYSTEMPATH\CodeIgniter.php(351): CodeIgniter\CodeIgniter->handleRequest(null, Object(Config\Cache), false)
 9 FCPATH\index.php(67): CodeIgniter\CodeIgniter->run()
10 SYSTEMPATH\Commands\Server\rewrite.php(46): require_once('FCPATH\\index.php')
CRITICAL - 2022-12-22 08:27:49 --> Undefined array key "id_buku"
in APPPATH\Views\kategori\index.php on line 83.
 1 APPPATH\Views\kategori\index.php(83): CodeIgniter\Debug\Exceptions->errorHandler(2, 'Undefined array key "id_buku"', 'APPPATH\\Views\\kategori\\index.php', 83)
 2 SYSTEMPATH\View\View.php(213): include('APPPATH\\Views\\kategori\\index.php')
 3 SYSTEMPATH\View\View.php(216): CodeIgniter\View\View->CodeIgniter\View\{closure}()
 4 SYSTEMPATH\Common.php(1134): CodeIgniter\View\View->render('kategori/index', [], true)
 5 APPPATH\Controllers\CategoryController.php(33): view('kategori/index', [...])
 6 SYSTEMPATH\CodeIgniter.php(927): App\Controllers\CategoryController->index()
 7 SYSTEMPATH\CodeIgniter.php(482): CodeIgniter\CodeIgniter->runController(Object(App\Controllers\CategoryController))
 8 SYSTEMPATH\CodeIgniter.php(351): CodeIgniter\CodeIgniter->handleRequest(null, Object(Config\Cache), false)
 9 FCPATH\index.php(67): CodeIgniter\CodeIgniter->run()
10 SYSTEMPATH\Commands\Server\rewrite.php(46): require_once('FCPATH\\index.php')
CRITICAL - 2022-12-22 08:28:39 --> Call to undefined method CodeIgniter\Database\MySQLi\Builder::getResultArray()
in APPPATH\Views\kategori\index.php on line 80.
 1 SYSTEMPATH\View\View.php(213): include()
 2 SYSTEMPATH\View\View.php(216): CodeIgniter\View\View->CodeIgniter\View\{closure}()
 3 SYSTEMPATH\Common.php(1134): CodeIgniter\View\View->render('kategori/index', [], true)
 4 APPPATH\Controllers\CategoryController.php(33): view('kategori/index', [...])
 5 SYSTEMPATH\CodeIgniter.php(927): App\Controllers\CategoryController->index()
 6 SYSTEMPATH\CodeIgniter.php(482): CodeIgniter\CodeIgniter->runController(Object(App\Controllers\CategoryController))
 7 SYSTEMPATH\CodeIgniter.php(351): CodeIgniter\CodeIgniter->handleRequest(null, Object(Config\Cache), false)
 8 FCPATH\index.php(67): CodeIgniter\CodeIgniter->run()
 9 SYSTEMPATH\Commands\Server\rewrite.php(46): require_once('FCPATH\\index.php')
CRITICAL - 2022-12-22 08:28:53 --> Undefined array key "id_buku"
in APPPATH\Views\kategori\index.php on line 83.
 1 APPPATH\Views\kategori\index.php(83): CodeIgniter\Debug\Exceptions->errorHandler(2, 'Undefined array key "id_buku"', 'APPPATH\\Views\\kategori\\index.php', 83)
 2 SYSTEMPATH\View\View.php(213): include('APPPATH\\Views\\kategori\\index.php')
 3 SYSTEMPATH\View\View.php(216): CodeIgniter\View\View->CodeIgniter\View\{closure}()
 4 SYSTEMPATH\Common.php(1134): CodeIgniter\View\View->render('kategori/index', [], true)
 5 APPPATH\Controllers\CategoryController.php(33): view('kategori/index', [...])
 6 SYSTEMPATH\CodeIgniter.php(927): App\Controllers\CategoryController->index()
 7 SYSTEMPATH\CodeIgniter.php(482): CodeIgniter\CodeIgniter->runController(Object(App\Controllers\CategoryController))
 8 SYSTEMPATH\CodeIgniter.php(351): CodeIgniter\CodeIgniter->handleRequest(null, Object(Config\Cache), false)
 9 FCPATH\index.php(67): CodeIgniter\CodeIgniter->run()
10 SYSTEMPATH\Commands\Server\rewrite.php(46): require_once('FCPATH\\index.php')
CRITICAL - 2022-12-22 08:29:34 --> Undefined array key "id_buku"
in APPPATH\Views\kategori\index.php on line 84.
 1 APPPATH\Views\kategori\index.php(84): CodeIgniter\Debug\Exceptions->errorHandler(2, 'Undefined array key "id_buku"', 'APPPATH\\Views\\kategori\\index.php', 84)
 2 SYSTEMPATH\View\View.php(213): include('APPPATH\\Views\\kategori\\index.php')
 3 SYSTEMPATH\View\View.php(216): CodeIgniter\View\View->CodeIgniter\View\{closure}()
 4 SYSTEMPATH\Common.php(1134): CodeIgniter\View\View->render('kategori/index', [], true)
 5 APPPATH\Controllers\CategoryController.php(33): view('kategori/index', [...])
 6 SYSTEMPATH\CodeIgniter.php(927): App\Controllers\CategoryController->index()
 7 SYSTEMPATH\CodeIgniter.php(482): CodeIgniter\CodeIgniter->runController(Object(App\Controllers\CategoryController))
 8 SYSTEMPATH\CodeIgniter.php(351): CodeIgniter\CodeIgniter->handleRequest(null, Object(Config\Cache), false)
 9 FCPATH\index.php(67): CodeIgniter\CodeIgniter->run()
10 SYSTEMPATH\Commands\Server\rewrite.php(46): require_once('FCPATH\\index.php')
CRITICAL - 2022-12-22 08:29:51 --> Allowed memory size of 536870912 bytes exhausted (tried to allocate 266354688 bytes)
in APPPATH\Views\kategori\index.php on line 81.
 1 [internal function]: CodeIgniter\Debug\Exceptions->shutdownHandler()
CRITICAL - 2022-12-22 08:32:36 --> Allowed memory size of 536870912 bytes exhausted (tried to allocate 266354688 bytes)
in APPPATH\Views\kategori\index.php on line 84.
 1 [internal function]: CodeIgniter\Debug\Exceptions->shutdownHandler()
CRITICAL - 2022-12-22 08:33:30 --> Undefined array key 0
in APPPATH\Views\kategori\index.php on line 84.
 1 APPPATH\Views\kategori\index.php(84): CodeIgniter\Debug\Exceptions->errorHandler(2, 'Undefined array key 0', 'APPPATH\\Views\\kategori\\index.php', 84)
 2 SYSTEMPATH\View\View.php(213): include('APPPATH\\Views\\kategori\\index.php')
 3 SYSTEMPATH\View\View.php(216): CodeIgniter\View\View->CodeIgniter\View\{closure}()
 4 SYSTEMPATH\Common.php(1134): CodeIgniter\View\View->render('kategori/index', [], true)
 5 APPPATH\Controllers\CategoryController.php(33): view('kategori/index', [...])
 6 SYSTEMPATH\CodeIgniter.php(927): App\Controllers\CategoryController->index()
 7 SYSTEMPATH\CodeIgniter.php(482): CodeIgniter\CodeIgniter->runController(Object(App\Controllers\CategoryController))
 8 SYSTEMPATH\CodeIgniter.php(351): CodeIgniter\CodeIgniter->handleRequest(null, Object(Config\Cache), false)
 9 FCPATH\index.php(67): CodeIgniter\CodeIgniter->run()
10 SYSTEMPATH\Commands\Server\rewrite.php(46): require_once('FCPATH\\index.php')
CRITICAL - 2022-12-22 08:34:47 --> Allowed memory size of 536870912 bytes exhausted (tried to allocate 266354688 bytes)
in APPPATH\Views\kategori\index.php on line 86.
 1 [internal function]: CodeIgniter\Debug\Exceptions->shutdownHandler()
ERROR - 2022-12-22 08:38:48 --> mysqli_sql_exception: Table 'stylecod_pemweb.transaksibuku' doesn't exist in D:\Haruman\ci4\system\Database\MySQLi\Connection.php:292
Stack trace:
#0 D:\Haruman\ci4\system\Database\MySQLi\Connection.php(292): mysqli->query('SELECT * FROM t...', 0)
#1 D:\Haruman\ci4\system\Database\BaseConnection.php(666): CodeIgniter\Database\MySQLi\Connection->execute('SELECT * FROM t...')
#2 D:\Haruman\ci4\system\Database\BaseConnection.php(593): CodeIgniter\Database\BaseConnection->simpleQuery('SELECT * FROM t...')
#3 D:\Haruman\ci4\app\Views\admin\transaksi.php(20): CodeIgniter\Database\BaseConnection->query('SELECT * FROM t...')
#4 D:\Haruman\ci4\system\View\View.php(213): include('D:\\Haruman\\ci4\\...')
#5 D:\Haruman\ci4\system\View\View.php(216): CodeIgniter\View\View->CodeIgniter\View\{closure}()
#6 D:\Haruman\ci4\system\Common.php(1134): CodeIgniter\View\View->render('admin/transaksi', Array, true)
#7 D:\Haruman\ci4\app\Controllers\Admin.php(136): view('admin/transaksi', Array)
#8 D:\Haruman\ci4\system\CodeIgniter.php(927): App\Controllers\Admin->transaksi()
#9 D:\Haruman\ci4\system\CodeIgniter.php(482): CodeIgniter\CodeIgniter->runController(Object(App\Controllers\Admin))
#10 D:\Haruman\ci4\system\CodeIgniter.php(351): CodeIgniter\CodeIgniter->handleRequest(NULL, Object(Config\Cache), false)
#11 D:\Haruman\ci4\public\index.php(67): CodeIgniter\CodeIgniter->run()
#12 D:\Haruman\ci4\system\Commands\Server\rewrite.php(46): require_once('D:\\Haruman\\ci4\\...')
#13 {main}
CRITICAL - 2022-12-22 08:38:48 --> Call to a member function getResultArray() on bool
in APPPATH\Views\admin\transaksi.php on line 21.
 1 SYSTEMPATH\View\View.php(213): include()
 2 SYSTEMPATH\View\View.php(216): CodeIgniter\View\View->CodeIgniter\View\{closure}()
 3 SYSTEMPATH\Common.php(1134): CodeIgniter\View\View->render('admin/transaksi', [], true)
 4 APPPATH\Controllers\Admin.php(136): view('admin/transaksi', [...])
 5 SYSTEMPATH\CodeIgniter.php(927): App\Controllers\Admin->transaksi()
 6 SYSTEMPATH\CodeIgniter.php(482): CodeIgniter\CodeIgniter->runController(Object(App\Controllers\Admin))
 7 SYSTEMPATH\CodeIgniter.php(351): CodeIgniter\CodeIgniter->handleRequest(null, Object(Config\Cache), false)
 8 FCPATH\index.php(67): CodeIgniter\CodeIgniter->run()
 9 SYSTEMPATH\Commands\Server\rewrite.php(46): require_once('FCPATH\\index.php')
ERROR - 2022-12-22 08:50:01 --> mysqli_sql_exception: Trigger already exists in D:\Haruman\ci4\system\Database\MySQLi\Connection.php:292
Stack trace:
#0 D:\Haruman\ci4\system\Database\MySQLi\Connection.php(292): mysqli->query('CREATE TRIGGER ...', 0)
#1 D:\Haruman\ci4\system\Database\BaseConnection.php(666): CodeIgniter\Database\MySQLi\Connection->execute('CREATE TRIGGER ...')
#2 D:\Haruman\ci4\system\Database\BaseConnection.php(593): CodeIgniter\Database\BaseConnection->simpleQuery('CREATE TRIGGER ...')
#3 D:\Haruman\ci4\app\Models\SemuaTriggerModel.php(53): CodeIgniter\Database\BaseConnection->query('CREATE TRIGGER ...')
#4 D:\Haruman\ci4\app\Controllers\SemuaTrigger.php(25): App\Models\SemuaTriggerModel->log_delete_user()
#5 D:\Haruman\ci4\system\CodeIgniter.php(927): App\Controllers\SemuaTrigger->log_delete_user()
#6 D:\Haruman\ci4\system\CodeIgniter.php(482): CodeIgniter\CodeIgniter->runController(Object(App\Controllers\SemuaTrigger))
#7 D:\Haruman\ci4\system\CodeIgniter.php(351): CodeIgniter\CodeIgniter->handleRequest(NULL, Object(Config\Cache), false)
#8 D:\Haruman\ci4\public\index.php(67): CodeIgniter\CodeIgniter->run()
#9 D:\Haruman\ci4\system\Commands\Server\rewrite.php(46): require_once('D:\\Haruman\\ci4\\...')
#10 {main}
ERROR - 2022-12-22 08:51:41 --> mysqli_sql_exception: Trigger already exists in D:\Haruman\ci4\system\Database\MySQLi\Connection.php:292
Stack trace:
#0 D:\Haruman\ci4\system\Database\MySQLi\Connection.php(292): mysqli->query('CREATE TRIGGER ...', 0)
#1 D:\Haruman\ci4\system\Database\BaseConnection.php(666): CodeIgniter\Database\MySQLi\Connection->execute('CREATE TRIGGER ...')
#2 D:\Haruman\ci4\system\Database\BaseConnection.php(593): CodeIgniter\Database\BaseConnection->simpleQuery('CREATE TRIGGER ...')
#3 D:\Haruman\ci4\app\Models\SemuaTriggerModel.php(87): CodeIgniter\Database\BaseConnection->query('CREATE TRIGGER ...')
#4 D:\Haruman\ci4\app\Controllers\SemuaTrigger.php(107): App\Models\SemuaTriggerModel->trigger_hapus_buku()
#5 D:\Haruman\ci4\system\CodeIgniter.php(927): App\Controllers\SemuaTrigger->trigger_hapus_buku()
#6 D:\Haruman\ci4\system\CodeIgniter.php(482): CodeIgniter\CodeIgniter->runController(Object(App\Controllers\SemuaTrigger))
#7 D:\Haruman\ci4\system\CodeIgniter.php(351): CodeIgniter\CodeIgniter->handleRequest(NULL, Object(Config\Cache), false)
#8 D:\Haruman\ci4\public\index.php(67): CodeIgniter\CodeIgniter->run()
#9 D:\Haruman\ci4\system\Commands\Server\rewrite.php(46): require_once('D:\\Haruman\\ci4\\...')
#10 {main}
