ERROR - 2023-03-10 01:01:30 --> Error connecting to the database: mysqli_sql_exception: No connection could be made because the target machine actively refused it in D:\CI4\ci4\CI4-LIB-PushCI4\system\Database\MySQLi\Connection.php:171
Stack trace:
#0 D:\CI4\ci4\CI4-LIB-PushCI4\system\Database\MySQLi\Connection.php(171): mysqli->real_connect('localhost', 'root', '', 'cor3', 3306, '', 0)
#1 D:\CI4\ci4\CI4-LIB-PushCI4\system\Database\BaseConnection.php(382): CodeIgniter\Database\MySQLi\Connection->connect(false)
#2 D:\CI4\ci4\CI4-LIB-PushCI4\system\Database\BaseConnection.php(561): CodeIgniter\Database\BaseConnection->initialize()
#3 D:\CI4\ci4\CI4-LIB-PushCI4\app\Views\home\index.php(42): CodeIgniter\Database\BaseConnection->query('SELECT * FROM t...')
#4 D:\CI4\ci4\CI4-LIB-PushCI4\system\View\View.php(213): include('D:\\CI4\\ci4\\CI4-...')
#5 D:\CI4\ci4\CI4-LIB-PushCI4\system\View\View.php(216): CodeIgniter\View\View->CodeIgniter\View\{closure}()
#6 D:\CI4\ci4\CI4-LIB-PushCI4\system\Common.php(1134): CodeIgniter\View\View->render('home/index', Array, true)
#7 D:\CI4\ci4\CI4-LIB-PushCI4\app\Controllers\Home.php(27): view('home/index', Array)
#8 D:\CI4\ci4\CI4-LIB-PushCI4\system\CodeIgniter.php(927): App\Controllers\Home->index()
#9 D:\CI4\ci4\CI4-LIB-PushCI4\system\CodeIgniter.php(482): CodeIgniter\CodeIgniter->runController(Object(App\Controllers\Home))
#10 D:\CI4\ci4\CI4-LIB-PushCI4\system\CodeIgniter.php(351): CodeIgniter\CodeIgniter->handleRequest(NULL, Object(Config\Cache), false)
#11 D:\CI4\ci4\CI4-LIB-PushCI4\public\index.php(67): CodeIgniter\CodeIgniter->run()
#12 D:\CI4\ci4\CI4-LIB-PushCI4\system\Commands\Server\rewrite.php(46): require_once('D:\\CI4\\ci4\\CI4-...')
#13 {main}

Next CodeIgniter\Database\Exceptions\DatabaseException: No connection could be made because the target machine actively refused it in D:\CI4\ci4\CI4-LIB-PushCI4\system\Database\MySQLi\Connection.php:215
Stack trace:
#0 D:\CI4\ci4\CI4-LIB-PushCI4\system\Database\BaseConnection.php(382): CodeIgniter\Database\MySQLi\Connection->connect(false)
#1 D:\CI4\ci4\CI4-LIB-PushCI4\system\Database\BaseConnection.php(561): CodeIgniter\Database\BaseConnection->initialize()
#2 D:\CI4\ci4\CI4-LIB-PushCI4\app\Views\home\index.php(42): CodeIgniter\Database\BaseConnection->query('SELECT * FROM t...')
#3 D:\CI4\ci4\CI4-LIB-PushCI4\system\View\View.php(213): include('D:\\CI4\\ci4\\CI4-...')
#4 D:\CI4\ci4\CI4-LIB-PushCI4\system\View\View.php(216): CodeIgniter\View\View->CodeIgniter\View\{closure}()
#5 D:\CI4\ci4\CI4-LIB-PushCI4\system\Common.php(1134): CodeIgniter\View\View->render('home/index', Array, true)
#6 D:\CI4\ci4\CI4-LIB-PushCI4\app\Controllers\Home.php(27): view('home/index', Array)
#7 D:\CI4\ci4\CI4-LIB-PushCI4\system\CodeIgniter.php(927): App\Controllers\Home->index()
#8 D:\CI4\ci4\CI4-LIB-PushCI4\system\CodeIgniter.php(482): CodeIgniter\CodeIgniter->runController(Object(App\Controllers\Home))
#9 D:\CI4\ci4\CI4-LIB-PushCI4\system\CodeIgniter.php(351): CodeIgniter\CodeIgniter->handleRequest(NULL, Object(Config\Cache), false)
#10 D:\CI4\ci4\CI4-LIB-PushCI4\public\index.php(67): CodeIgniter\CodeIgniter->run()
#11 D:\CI4\ci4\CI4-LIB-PushCI4\system\Commands\Server\rewrite.php(46): require_once('D:\\CI4\\ci4\\CI4-...')
#12 {main}
CRITICAL - 2023-03-10 01:01:30 --> Unable to connect to the database.
Main connection [MySQLi]: No connection could be made because the target machine actively refused it
in SYSTEMPATH\Database\BaseConnection.php on line 418.
 1 SYSTEMPATH\Database\BaseConnection.php(561): CodeIgniter\Database\BaseConnection->initialize()
 2 APPPATH\Views\home\index.php(42): CodeIgniter\Database\BaseConnection->query('SELECT * FROM trendingbook')
 3 SYSTEMPATH\View\View.php(213): include('APPPATH\\Views\\home\\index.php')
 4 SYSTEMPATH\View\View.php(216): CodeIgniter\View\View->CodeIgniter\View\{closure}()
 5 SYSTEMPATH\Common.php(1134): CodeIgniter\View\View->render('home/index', [], true)
 6 APPPATH\Controllers\Home.php(27): view('home/index', [...])
 7 SYSTEMPATH\CodeIgniter.php(927): App\Controllers\Home->index()
 8 SYSTEMPATH\CodeIgniter.php(482): CodeIgniter\CodeIgniter->runController(Object(App\Controllers\Home))
 9 SYSTEMPATH\CodeIgniter.php(351): CodeIgniter\CodeIgniter->handleRequest(null, Object(Config\Cache), false)
10 FCPATH\index.php(67): CodeIgniter\CodeIgniter->run()
11 SYSTEMPATH\Commands\Server\rewrite.php(46): require_once('FCPATH\\index.php')
ERROR - 2023-03-10 01:01:45 --> mysqli_sql_exception: Table 'cor3.trendingbook' doesn't exist in D:\CI4\ci4\CI4-LIB-PushCI4\system\Database\MySQLi\Connection.php:292
Stack trace:
#0 D:\CI4\ci4\CI4-LIB-PushCI4\system\Database\MySQLi\Connection.php(292): mysqli->query('SELECT * FROM t...', 0)
#1 D:\CI4\ci4\CI4-LIB-PushCI4\system\Database\BaseConnection.php(666): CodeIgniter\Database\MySQLi\Connection->execute('SELECT * FROM t...')
#2 D:\CI4\ci4\CI4-LIB-PushCI4\system\Database\BaseConnection.php(593): CodeIgniter\Database\BaseConnection->simpleQuery('SELECT * FROM t...')
#3 D:\CI4\ci4\CI4-LIB-PushCI4\app\Views\home\index.php(42): CodeIgniter\Database\BaseConnection->query('SELECT * FROM t...')
#4 D:\CI4\ci4\CI4-LIB-PushCI4\system\View\View.php(213): include('D:\\CI4\\ci4\\CI4-...')
#5 D:\CI4\ci4\CI4-LIB-PushCI4\system\View\View.php(216): CodeIgniter\View\View->CodeIgniter\View\{closure}()
#6 D:\CI4\ci4\CI4-LIB-PushCI4\system\Common.php(1134): CodeIgniter\View\View->render('home/index', Array, true)
#7 D:\CI4\ci4\CI4-LIB-PushCI4\app\Controllers\Home.php(27): view('home/index', Array)
#8 D:\CI4\ci4\CI4-LIB-PushCI4\system\CodeIgniter.php(927): App\Controllers\Home->index()
#9 D:\CI4\ci4\CI4-LIB-PushCI4\system\CodeIgniter.php(482): CodeIgniter\CodeIgniter->runController(Object(App\Controllers\Home))
#10 D:\CI4\ci4\CI4-LIB-PushCI4\system\CodeIgniter.php(351): CodeIgniter\CodeIgniter->handleRequest(NULL, Object(Config\Cache), false)
#11 D:\CI4\ci4\CI4-LIB-PushCI4\public\index.php(67): CodeIgniter\CodeIgniter->run()
#12 D:\CI4\ci4\CI4-LIB-PushCI4\system\Commands\Server\rewrite.php(46): require_once('D:\\CI4\\ci4\\CI4-...')
#13 {main}
CRITICAL - 2023-03-10 01:01:45 --> Table 'cor3.trendingbook' doesn't exist
in SYSTEMPATH\Database\MySQLi\Connection.php on line 292.
 1 SYSTEMPATH\Database\MySQLi\Connection.php(292): mysqli->query('SELECT * FROM trendingbook', 0)
 2 SYSTEMPATH\Database\BaseConnection.php(666): CodeIgniter\Database\MySQLi\Connection->execute('SELECT * FROM trendingbook')
 3 SYSTEMPATH\Database\BaseConnection.php(593): CodeIgniter\Database\BaseConnection->simpleQuery('SELECT * FROM trendingbook')
 4 APPPATH\Views\home\index.php(42): CodeIgniter\Database\BaseConnection->query('SELECT * FROM trendingbook')
 5 SYSTEMPATH\View\View.php(213): include('APPPATH\\Views\\home\\index.php')
 6 SYSTEMPATH\View\View.php(216): CodeIgniter\View\View->CodeIgniter\View\{closure}()
 7 SYSTEMPATH\Common.php(1134): CodeIgniter\View\View->render('home/index', [], true)
 8 APPPATH\Controllers\Home.php(27): view('home/index', [...])
 9 SYSTEMPATH\CodeIgniter.php(927): App\Controllers\Home->index()
10 SYSTEMPATH\CodeIgniter.php(482): CodeIgniter\CodeIgniter->runController(Object(App\Controllers\Home))
11 SYSTEMPATH\CodeIgniter.php(351): CodeIgniter\CodeIgniter->handleRequest(null, Object(Config\Cache), false)
12 FCPATH\index.php(67): CodeIgniter\CodeIgniter->run()
13 SYSTEMPATH\Commands\Server\rewrite.php(46): require_once('FCPATH\\index.php')
ERROR - 2023-03-10 01:09:22 --> mysqli_sql_exception: Table 'cor3.trendingbook' doesn't exist in D:\CI4\ci4\CI4-LIB-PushCI4\system\Database\MySQLi\Connection.php:292
Stack trace:
#0 D:\CI4\ci4\CI4-LIB-PushCI4\system\Database\MySQLi\Connection.php(292): mysqli->query('SELECT * FROM t...', 0)
#1 D:\CI4\ci4\CI4-LIB-PushCI4\system\Database\BaseConnection.php(666): CodeIgniter\Database\MySQLi\Connection->execute('SELECT * FROM t...')
#2 D:\CI4\ci4\CI4-LIB-PushCI4\system\Database\BaseConnection.php(593): CodeIgniter\Database\BaseConnection->simpleQuery('SELECT * FROM t...')
#3 D:\CI4\ci4\CI4-LIB-PushCI4\app\Views\home\index.php(42): CodeIgniter\Database\BaseConnection->query('SELECT * FROM t...')
#4 D:\CI4\ci4\CI4-LIB-PushCI4\system\View\View.php(213): include('D:\\CI4\\ci4\\CI4-...')
#5 D:\CI4\ci4\CI4-LIB-PushCI4\system\View\View.php(216): CodeIgniter\View\View->CodeIgniter\View\{closure}()
#6 D:\CI4\ci4\CI4-LIB-PushCI4\system\Common.php(1134): CodeIgniter\View\View->render('home/index', Array, true)
#7 D:\CI4\ci4\CI4-LIB-PushCI4\app\Controllers\Home.php(27): view('home/index', Array)
#8 D:\CI4\ci4\CI4-LIB-PushCI4\system\CodeIgniter.php(927): App\Controllers\Home->index()
#9 D:\CI4\ci4\CI4-LIB-PushCI4\system\CodeIgniter.php(482): CodeIgniter\CodeIgniter->runController(Object(App\Controllers\Home))
#10 D:\CI4\ci4\CI4-LIB-PushCI4\system\CodeIgniter.php(351): CodeIgniter\CodeIgniter->handleRequest(NULL, Object(Config\Cache), false)
#11 D:\CI4\ci4\CI4-LIB-PushCI4\public\index.php(67): CodeIgniter\CodeIgniter->run()
#12 D:\CI4\ci4\CI4-LIB-PushCI4\system\Commands\Server\rewrite.php(46): require_once('D:\\CI4\\ci4\\CI4-...')
#13 {main}
CRITICAL - 2023-03-10 01:09:22 --> Table 'cor3.trendingbook' doesn't exist
in SYSTEMPATH\Database\MySQLi\Connection.php on line 292.
 1 SYSTEMPATH\Database\MySQLi\Connection.php(292): mysqli->query('SELECT * FROM trendingbook', 0)
 2 SYSTEMPATH\Database\BaseConnection.php(666): CodeIgniter\Database\MySQLi\Connection->execute('SELECT * FROM trendingbook')
 3 SYSTEMPATH\Database\BaseConnection.php(593): CodeIgniter\Database\BaseConnection->simpleQuery('SELECT * FROM trendingbook')
 4 APPPATH\Views\home\index.php(42): CodeIgniter\Database\BaseConnection->query('SELECT * FROM trendingbook')
 5 SYSTEMPATH\View\View.php(213): include('APPPATH\\Views\\home\\index.php')
 6 SYSTEMPATH\View\View.php(216): CodeIgniter\View\View->CodeIgniter\View\{closure}()
 7 SYSTEMPATH\Common.php(1134): CodeIgniter\View\View->render('home/index', [], true)
 8 APPPATH\Controllers\Home.php(27): view('home/index', [...])
 9 SYSTEMPATH\CodeIgniter.php(927): App\Controllers\Home->index()
10 SYSTEMPATH\CodeIgniter.php(482): CodeIgniter\CodeIgniter->runController(Object(App\Controllers\Home))
11 SYSTEMPATH\CodeIgniter.php(351): CodeIgniter\CodeIgniter->handleRequest(null, Object(Config\Cache), false)
12 FCPATH\index.php(67): CodeIgniter\CodeIgniter->run()
13 SYSTEMPATH\Commands\Server\rewrite.php(46): require_once('FCPATH\\index.php')
ERROR - 2023-03-10 01:13:41 --> mysqli_sql_exception: Table 'cor3.trendingbook' doesn't exist in D:\CI4\ci4\CI4-LIB-PushCI4\system\Database\MySQLi\Connection.php:292
Stack trace:
#0 D:\CI4\ci4\CI4-LIB-PushCI4\system\Database\MySQLi\Connection.php(292): mysqli->query('SELECT * FROM t...', 0)
#1 D:\CI4\ci4\CI4-LIB-PushCI4\system\Database\BaseConnection.php(666): CodeIgniter\Database\MySQLi\Connection->execute('SELECT * FROM t...')
#2 D:\CI4\ci4\CI4-LIB-PushCI4\system\Database\BaseConnection.php(593): CodeIgniter\Database\BaseConnection->simpleQuery('SELECT * FROM t...')
#3 D:\CI4\ci4\CI4-LIB-PushCI4\app\Views\home\index.php(42): CodeIgniter\Database\BaseConnection->query('SELECT * FROM t...')
#4 D:\CI4\ci4\CI4-LIB-PushCI4\system\View\View.php(213): include('D:\\CI4\\ci4\\CI4-...')
#5 D:\CI4\ci4\CI4-LIB-PushCI4\system\View\View.php(216): CodeIgniter\View\View->CodeIgniter\View\{closure}()
#6 D:\CI4\ci4\CI4-LIB-PushCI4\system\Common.php(1134): CodeIgniter\View\View->render('home/index', Array, true)
#7 D:\CI4\ci4\CI4-LIB-PushCI4\app\Controllers\Home.php(27): view('home/index', Array)
#8 D:\CI4\ci4\CI4-LIB-PushCI4\system\CodeIgniter.php(927): App\Controllers\Home->index()
#9 D:\CI4\ci4\CI4-LIB-PushCI4\system\CodeIgniter.php(482): CodeIgniter\CodeIgniter->runController(Object(App\Controllers\Home))
#10 D:\CI4\ci4\CI4-LIB-PushCI4\system\CodeIgniter.php(351): CodeIgniter\CodeIgniter->handleRequest(NULL, Object(Config\Cache), false)
#11 D:\CI4\ci4\CI4-LIB-PushCI4\public\index.php(67): CodeIgniter\CodeIgniter->run()
#12 D:\CI4\ci4\CI4-LIB-PushCI4\system\Commands\Server\rewrite.php(46): require_once('D:\\CI4\\ci4\\CI4-...')
#13 {main}
CRITICAL - 2023-03-10 01:13:41 --> Table 'cor3.trendingbook' doesn't exist
in SYSTEMPATH\Database\MySQLi\Connection.php on line 292.
 1 SYSTEMPATH\Database\MySQLi\Connection.php(292): mysqli->query('SELECT * FROM trendingbook', 0)
 2 SYSTEMPATH\Database\BaseConnection.php(666): CodeIgniter\Database\MySQLi\Connection->execute('SELECT * FROM trendingbook')
 3 SYSTEMPATH\Database\BaseConnection.php(593): CodeIgniter\Database\BaseConnection->simpleQuery('SELECT * FROM trendingbook')
 4 APPPATH\Views\home\index.php(42): CodeIgniter\Database\BaseConnection->query('SELECT * FROM trendingbook')
 5 SYSTEMPATH\View\View.php(213): include('APPPATH\\Views\\home\\index.php')
 6 SYSTEMPATH\View\View.php(216): CodeIgniter\View\View->CodeIgniter\View\{closure}()
 7 SYSTEMPATH\Common.php(1134): CodeIgniter\View\View->render('home/index', [], true)
 8 APPPATH\Controllers\Home.php(27): view('home/index', [...])
 9 SYSTEMPATH\CodeIgniter.php(927): App\Controllers\Home->index()
10 SYSTEMPATH\CodeIgniter.php(482): CodeIgniter\CodeIgniter->runController(Object(App\Controllers\Home))
11 SYSTEMPATH\CodeIgniter.php(351): CodeIgniter\CodeIgniter->handleRequest(null, Object(Config\Cache), false)
12 FCPATH\index.php(67): CodeIgniter\CodeIgniter->run()
13 SYSTEMPATH\Commands\Server\rewrite.php(46): require_once('FCPATH\\index.php')
CRITICAL - 2023-03-10 01:18:00 --> Cannot use [] for reading
in APPPATH\Controllers\Auth.php on line 345.
 1 SYSTEMPATH\CodeIgniter.php(927): App\Controllers\Auth->loginSave()
 2 SYSTEMPATH\CodeIgniter.php(482): CodeIgniter\CodeIgniter->runController(Object(App\Controllers\Auth))
 3 SYSTEMPATH\CodeIgniter.php(351): CodeIgniter\CodeIgniter->handleRequest(null, Object(Config\Cache), false)
 4 FCPATH\index.php(67): CodeIgniter\CodeIgniter->run()
 5 SYSTEMPATH\Commands\Server\rewrite.php(46): require_once('FCPATH\\index.php')
CRITICAL - 2023-03-10 01:18:09 --> Cannot use [] for reading
in APPPATH\Controllers\Auth.php on line 345.
 1 SYSTEMPATH\CodeIgniter.php(927): App\Controllers\Auth->loginSave()
 2 SYSTEMPATH\CodeIgniter.php(482): CodeIgniter\CodeIgniter->runController(Object(App\Controllers\Auth))
 3 SYSTEMPATH\CodeIgniter.php(351): CodeIgniter\CodeIgniter->handleRequest(null, Object(Config\Cache), false)
 4 FCPATH\index.php(67): CodeIgniter\CodeIgniter->run()
 5 SYSTEMPATH\Commands\Server\rewrite.php(46): require_once('FCPATH\\index.php')
CRITICAL - 2023-03-10 01:19:54 --> Array to string conversion
in APPPATH\Controllers\Auth.php on line 345.
 1 APPPATH\Controllers\Auth.php(345): CodeIgniter\Debug\Exceptions->errorHandler(2, 'Array to string conversion', 'APPPATH\\Controllers\\Auth.php', 345)
 2 SYSTEMPATH\CodeIgniter.php(927): App\Controllers\Auth->loginSave()
 3 SYSTEMPATH\CodeIgniter.php(482): CodeIgniter\CodeIgniter->runController(Object(App\Controllers\Auth))
 4 SYSTEMPATH\CodeIgniter.php(351): CodeIgniter\CodeIgniter->handleRequest(null, Object(Config\Cache), false)
 5 FCPATH\index.php(67): CodeIgniter\CodeIgniter->run()
 6 SYSTEMPATH\Commands\Server\rewrite.php(46): require_once('FCPATH\\index.php')
CRITICAL - 2023-03-10 01:20:32 --> Undefined array key "nama_kamu"
in APPPATH\Controllers\Auth.php on line 345.
 1 APPPATH\Controllers\Auth.php(345): CodeIgniter\Debug\Exceptions->errorHandler(2, 'Undefined array key "nama_kamu"', 'APPPATH\\Controllers\\Auth.php', 345)
 2 SYSTEMPATH\CodeIgniter.php(927): App\Controllers\Auth->loginSave()
 3 SYSTEMPATH\CodeIgniter.php(482): CodeIgniter\CodeIgniter->runController(Object(App\Controllers\Auth))
 4 SYSTEMPATH\CodeIgniter.php(351): CodeIgniter\CodeIgniter->handleRequest(null, Object(Config\Cache), false)
 5 FCPATH\index.php(67): CodeIgniter\CodeIgniter->run()
 6 SYSTEMPATH\Commands\Server\rewrite.php(46): require_once('FCPATH\\index.php')
CRITICAL - 2023-03-10 01:20:48 --> Undefined array key "nama_kamu"
in APPPATH\Controllers\Auth.php on line 345.
 1 APPPATH\Controllers\Auth.php(345): CodeIgniter\Debug\Exceptions->errorHandler(2, 'Undefined array key "nama_kamu"', 'APPPATH\\Controllers\\Auth.php', 345)
 2 SYSTEMPATH\CodeIgniter.php(927): App\Controllers\Auth->loginSave()
 3 SYSTEMPATH\CodeIgniter.php(482): CodeIgniter\CodeIgniter->runController(Object(App\Controllers\Auth))
 4 SYSTEMPATH\CodeIgniter.php(351): CodeIgniter\CodeIgniter->handleRequest(null, Object(Config\Cache), false)
 5 FCPATH\index.php(67): CodeIgniter\CodeIgniter->run()
 6 SYSTEMPATH\Commands\Server\rewrite.php(46): require_once('FCPATH\\index.php')
CRITICAL - 2023-03-10 01:22:51 --> Undefined array key "username_user"
in APPPATH\Controllers\Auth.php on line 347.
 1 APPPATH\Controllers\Auth.php(347): CodeIgniter\Debug\Exceptions->errorHandler(2, 'Undefined array key "username_user"', 'APPPATH\\Controllers\\Auth.php', 347)
 2 SYSTEMPATH\CodeIgniter.php(927): App\Controllers\Auth->loginSave()
 3 SYSTEMPATH\CodeIgniter.php(482): CodeIgniter\CodeIgniter->runController(Object(App\Controllers\Auth))
 4 SYSTEMPATH\CodeIgniter.php(351): CodeIgniter\CodeIgniter->handleRequest(null, Object(Config\Cache), false)
 5 FCPATH\index.php(67): CodeIgniter\CodeIgniter->run()
 6 SYSTEMPATH\Commands\Server\rewrite.php(46): require_once('FCPATH\\index.php')
ERROR - 2023-03-10 01:23:23 --> mysqli_sql_exception: Table 'cor3.trendingbook' doesn't exist in D:\CI4\ci4\CI4-LIB-PushCI4\system\Database\MySQLi\Connection.php:292
Stack trace:
#0 D:\CI4\ci4\CI4-LIB-PushCI4\system\Database\MySQLi\Connection.php(292): mysqli->query('SELECT * FROM t...', 0)
#1 D:\CI4\ci4\CI4-LIB-PushCI4\system\Database\BaseConnection.php(666): CodeIgniter\Database\MySQLi\Connection->execute('SELECT * FROM t...')
#2 D:\CI4\ci4\CI4-LIB-PushCI4\system\Database\BaseConnection.php(593): CodeIgniter\Database\BaseConnection->simpleQuery('SELECT * FROM t...')
#3 D:\CI4\ci4\CI4-LIB-PushCI4\app\Views\home\index.php(42): CodeIgniter\Database\BaseConnection->query('SELECT * FROM t...')
#4 D:\CI4\ci4\CI4-LIB-PushCI4\system\View\View.php(213): include('D:\\CI4\\ci4\\CI4-...')
#5 D:\CI4\ci4\CI4-LIB-PushCI4\system\View\View.php(216): CodeIgniter\View\View->CodeIgniter\View\{closure}()
#6 D:\CI4\ci4\CI4-LIB-PushCI4\system\Common.php(1134): CodeIgniter\View\View->render('home/index', Array, true)
#7 D:\CI4\ci4\CI4-LIB-PushCI4\app\Controllers\Home.php(27): view('home/index', Array)
#8 D:\CI4\ci4\CI4-LIB-PushCI4\system\CodeIgniter.php(927): App\Controllers\Home->index()
#9 D:\CI4\ci4\CI4-LIB-PushCI4\system\CodeIgniter.php(482): CodeIgniter\CodeIgniter->runController(Object(App\Controllers\Home))
#10 D:\CI4\ci4\CI4-LIB-PushCI4\system\CodeIgniter.php(351): CodeIgniter\CodeIgniter->handleRequest(NULL, Object(Config\Cache), false)
#11 D:\CI4\ci4\CI4-LIB-PushCI4\public\index.php(67): CodeIgniter\CodeIgniter->run()
#12 D:\CI4\ci4\CI4-LIB-PushCI4\system\Commands\Server\rewrite.php(46): require_once('D:\\CI4\\ci4\\CI4-...')
#13 {main}
CRITICAL - 2023-03-10 01:23:23 --> Table 'cor3.trendingbook' doesn't exist
in SYSTEMPATH\Database\MySQLi\Connection.php on line 292.
 1 SYSTEMPATH\Database\MySQLi\Connection.php(292): mysqli->query('SELECT * FROM trendingbook', 0)
 2 SYSTEMPATH\Database\BaseConnection.php(666): CodeIgniter\Database\MySQLi\Connection->execute('SELECT * FROM trendingbook')
 3 SYSTEMPATH\Database\BaseConnection.php(593): CodeIgniter\Database\BaseConnection->simpleQuery('SELECT * FROM trendingbook')
 4 APPPATH\Views\home\index.php(42): CodeIgniter\Database\BaseConnection->query('SELECT * FROM trendingbook')
 5 SYSTEMPATH\View\View.php(213): include('APPPATH\\Views\\home\\index.php')
 6 SYSTEMPATH\View\View.php(216): CodeIgniter\View\View->CodeIgniter\View\{closure}()
 7 SYSTEMPATH\Common.php(1134): CodeIgniter\View\View->render('home/index', [], true)
 8 APPPATH\Controllers\Home.php(27): view('home/index', [...])
 9 SYSTEMPATH\CodeIgniter.php(927): App\Controllers\Home->index()
10 SYSTEMPATH\CodeIgniter.php(482): CodeIgniter\CodeIgniter->runController(Object(App\Controllers\Home))
11 SYSTEMPATH\CodeIgniter.php(351): CodeIgniter\CodeIgniter->handleRequest(null, Object(Config\Cache), false)
12 FCPATH\index.php(67): CodeIgniter\CodeIgniter->run()
13 SYSTEMPATH\Commands\Server\rewrite.php(46): require_once('FCPATH\\index.php')
ERROR - 2023-03-10 01:23:33 --> mysqli_sql_exception: Table 'cor3.trendingbook' doesn't exist in D:\CI4\ci4\CI4-LIB-PushCI4\system\Database\MySQLi\Connection.php:292
Stack trace:
#0 D:\CI4\ci4\CI4-LIB-PushCI4\system\Database\MySQLi\Connection.php(292): mysqli->query('SELECT * FROM t...', 0)
#1 D:\CI4\ci4\CI4-LIB-PushCI4\system\Database\BaseConnection.php(666): CodeIgniter\Database\MySQLi\Connection->execute('SELECT * FROM t...')
#2 D:\CI4\ci4\CI4-LIB-PushCI4\system\Database\BaseConnection.php(593): CodeIgniter\Database\BaseConnection->simpleQuery('SELECT * FROM t...')
#3 D:\CI4\ci4\CI4-LIB-PushCI4\app\Views\home\index.php(42): CodeIgniter\Database\BaseConnection->query('SELECT * FROM t...')
#4 D:\CI4\ci4\CI4-LIB-PushCI4\system\View\View.php(213): include('D:\\CI4\\ci4\\CI4-...')
#5 D:\CI4\ci4\CI4-LIB-PushCI4\system\View\View.php(216): CodeIgniter\View\View->CodeIgniter\View\{closure}()
#6 D:\CI4\ci4\CI4-LIB-PushCI4\system\Common.php(1134): CodeIgniter\View\View->render('home/index', Array, true)
#7 D:\CI4\ci4\CI4-LIB-PushCI4\app\Controllers\Home.php(27): view('home/index', Array)
#8 D:\CI4\ci4\CI4-LIB-PushCI4\system\CodeIgniter.php(927): App\Controllers\Home->index()
#9 D:\CI4\ci4\CI4-LIB-PushCI4\system\CodeIgniter.php(482): CodeIgniter\CodeIgniter->runController(Object(App\Controllers\Home))
#10 D:\CI4\ci4\CI4-LIB-PushCI4\system\CodeIgniter.php(351): CodeIgniter\CodeIgniter->handleRequest(NULL, Object(Config\Cache), false)
#11 D:\CI4\ci4\CI4-LIB-PushCI4\public\index.php(67): CodeIgniter\CodeIgniter->run()
#12 D:\CI4\ci4\CI4-LIB-PushCI4\system\Commands\Server\rewrite.php(46): require_once('D:\\CI4\\ci4\\CI4-...')
#13 {main}
CRITICAL - 2023-03-10 01:23:33 --> Table 'cor3.trendingbook' doesn't exist
in SYSTEMPATH\Database\MySQLi\Connection.php on line 292.
 1 SYSTEMPATH\Database\MySQLi\Connection.php(292): mysqli->query('SELECT * FROM trendingbook', 0)
 2 SYSTEMPATH\Database\BaseConnection.php(666): CodeIgniter\Database\MySQLi\Connection->execute('SELECT * FROM trendingbook')
 3 SYSTEMPATH\Database\BaseConnection.php(593): CodeIgniter\Database\BaseConnection->simpleQuery('SELECT * FROM trendingbook')
 4 APPPATH\Views\home\index.php(42): CodeIgniter\Database\BaseConnection->query('SELECT * FROM trendingbook')
 5 SYSTEMPATH\View\View.php(213): include('APPPATH\\Views\\home\\index.php')
 6 SYSTEMPATH\View\View.php(216): CodeIgniter\View\View->CodeIgniter\View\{closure}()
 7 SYSTEMPATH\Common.php(1134): CodeIgniter\View\View->render('home/index', [], true)
 8 APPPATH\Controllers\Home.php(27): view('home/index', [...])
 9 SYSTEMPATH\CodeIgniter.php(927): App\Controllers\Home->index()
10 SYSTEMPATH\CodeIgniter.php(482): CodeIgniter\CodeIgniter->runController(Object(App\Controllers\Home))
11 SYSTEMPATH\CodeIgniter.php(351): CodeIgniter\CodeIgniter->handleRequest(null, Object(Config\Cache), false)
12 FCPATH\index.php(67): CodeIgniter\CodeIgniter->run()
13 SYSTEMPATH\Commands\Server\rewrite.php(46): require_once('FCPATH\\index.php')
ERROR - 2023-03-10 01:23:38 --> mysqli_sql_exception: Table 'cor3.trendingbook' doesn't exist in D:\CI4\ci4\CI4-LIB-PushCI4\system\Database\MySQLi\Connection.php:292
Stack trace:
#0 D:\CI4\ci4\CI4-LIB-PushCI4\system\Database\MySQLi\Connection.php(292): mysqli->query('SELECT * FROM t...', 0)
#1 D:\CI4\ci4\CI4-LIB-PushCI4\system\Database\BaseConnection.php(666): CodeIgniter\Database\MySQLi\Connection->execute('SELECT * FROM t...')
#2 D:\CI4\ci4\CI4-LIB-PushCI4\system\Database\BaseConnection.php(593): CodeIgniter\Database\BaseConnection->simpleQuery('SELECT * FROM t...')
#3 D:\CI4\ci4\CI4-LIB-PushCI4\app\Views\home\index.php(42): CodeIgniter\Database\BaseConnection->query('SELECT * FROM t...')
#4 D:\CI4\ci4\CI4-LIB-PushCI4\system\View\View.php(213): include('D:\\CI4\\ci4\\CI4-...')
#5 D:\CI4\ci4\CI4-LIB-PushCI4\system\View\View.php(216): CodeIgniter\View\View->CodeIgniter\View\{closure}()
#6 D:\CI4\ci4\CI4-LIB-PushCI4\system\Common.php(1134): CodeIgniter\View\View->render('home/index', Array, true)
#7 D:\CI4\ci4\CI4-LIB-PushCI4\app\Controllers\Home.php(27): view('home/index', Array)
#8 D:\CI4\ci4\CI4-LIB-PushCI4\system\CodeIgniter.php(927): App\Controllers\Home->index()
#9 D:\CI4\ci4\CI4-LIB-PushCI4\system\CodeIgniter.php(482): CodeIgniter\CodeIgniter->runController(Object(App\Controllers\Home))
#10 D:\CI4\ci4\CI4-LIB-PushCI4\system\CodeIgniter.php(351): CodeIgniter\CodeIgniter->handleRequest(NULL, Object(Config\Cache), false)
#11 D:\CI4\ci4\CI4-LIB-PushCI4\public\index.php(67): CodeIgniter\CodeIgniter->run()
#12 D:\CI4\ci4\CI4-LIB-PushCI4\system\Commands\Server\rewrite.php(46): require_once('D:\\CI4\\ci4\\CI4-...')
#13 {main}
CRITICAL - 2023-03-10 01:23:38 --> Table 'cor3.trendingbook' doesn't exist
in SYSTEMPATH\Database\MySQLi\Connection.php on line 292.
 1 SYSTEMPATH\Database\MySQLi\Connection.php(292): mysqli->query('SELECT * FROM trendingbook', 0)
 2 SYSTEMPATH\Database\BaseConnection.php(666): CodeIgniter\Database\MySQLi\Connection->execute('SELECT * FROM trendingbook')
 3 SYSTEMPATH\Database\BaseConnection.php(593): CodeIgniter\Database\BaseConnection->simpleQuery('SELECT * FROM trendingbook')
 4 APPPATH\Views\home\index.php(42): CodeIgniter\Database\BaseConnection->query('SELECT * FROM trendingbook')
 5 SYSTEMPATH\View\View.php(213): include('APPPATH\\Views\\home\\index.php')
 6 SYSTEMPATH\View\View.php(216): CodeIgniter\View\View->CodeIgniter\View\{closure}()
 7 SYSTEMPATH\Common.php(1134): CodeIgniter\View\View->render('home/index', [], true)
 8 APPPATH\Controllers\Home.php(27): view('home/index', [...])
 9 SYSTEMPATH\CodeIgniter.php(927): App\Controllers\Home->index()
10 SYSTEMPATH\CodeIgniter.php(482): CodeIgniter\CodeIgniter->runController(Object(App\Controllers\Home))
11 SYSTEMPATH\CodeIgniter.php(351): CodeIgniter\CodeIgniter->handleRequest(null, Object(Config\Cache), false)
12 FCPATH\index.php(67): CodeIgniter\CodeIgniter->run()
13 SYSTEMPATH\Commands\Server\rewrite.php(46): require_once('FCPATH\\index.php')
CRITICAL - 2023-03-10 01:33:29 --> syntax error, unexpected token "else", expecting "function" or "const"
in APPPATH\Controllers\Auth.php on line 416.
 1 SYSTEMPATH\Autoloader\Autoloader.php(259): CodeIgniter\Autoloader\Autoloader->includeFile('APPPATH\\Controllers\\Auth.php')
 2 SYSTEMPATH\Autoloader\Autoloader.php(237): CodeIgniter\Autoloader\Autoloader->loadInNamespace('App\\Controllers\\Auth')
 3 [internal function]: CodeIgniter\Autoloader\Autoloader->loadClass('App\\Controllers\\Auth')
 4 SYSTEMPATH\CodeIgniter.php(877): class_exists('\\App\\Controllers\\Auth', true)
 5 SYSTEMPATH\CodeIgniter.php(469): CodeIgniter\CodeIgniter->startController()
 6 SYSTEMPATH\CodeIgniter.php(351): CodeIgniter\CodeIgniter->handleRequest(null, Object(Config\Cache), false)
 7 FCPATH\index.php(67): CodeIgniter\CodeIgniter->run()
 8 SYSTEMPATH\Commands\Server\rewrite.php(46): require_once('FCPATH\\index.php')
ERROR - 2023-03-10 02:17:09 --> mysqli_sql_exception: Unknown column 'password' in 'field list' in D:\CI4\ci4\CI4-LIB-PushCI4\system\Database\MySQLi\Connection.php:292
Stack trace:
#0 D:\CI4\ci4\CI4-LIB-PushCI4\system\Database\MySQLi\Connection.php(292): mysqli->query('UPDATE `daftaru...', 0)
#1 D:\CI4\ci4\CI4-LIB-PushCI4\system\Database\BaseConnection.php(666): CodeIgniter\Database\MySQLi\Connection->execute('UPDATE `daftaru...')
#2 D:\CI4\ci4\CI4-LIB-PushCI4\system\Database\BaseConnection.php(593): CodeIgniter\Database\BaseConnection->simpleQuery('UPDATE `daftaru...')
#3 D:\CI4\ci4\CI4-LIB-PushCI4\system\Database\BaseBuilder.php(2079): CodeIgniter\Database\BaseConnection->query('UPDATE `daftaru...', Array, false)
#4 D:\CI4\ci4\CI4-LIB-PushCI4\app\Controllers\Auth.php(424): CodeIgniter\Database\BaseBuilder->update()
#5 D:\CI4\ci4\CI4-LIB-PushCI4\system\CodeIgniter.php(927): App\Controllers\Auth->lupapw()
#6 D:\CI4\ci4\CI4-LIB-PushCI4\system\CodeIgniter.php(482): CodeIgniter\CodeIgniter->runController(Object(App\Controllers\Auth))
#7 D:\CI4\ci4\CI4-LIB-PushCI4\system\CodeIgniter.php(351): CodeIgniter\CodeIgniter->handleRequest(NULL, Object(Config\Cache), false)
#8 D:\CI4\ci4\CI4-LIB-PushCI4\public\index.php(67): CodeIgniter\CodeIgniter->run()
#9 D:\CI4\ci4\CI4-LIB-PushCI4\system\Commands\Server\rewrite.php(46): require_once('D:\\CI4\\ci4\\CI4-...')
#10 {main}
CRITICAL - 2023-03-10 02:17:09 --> Unknown column 'password' in 'field list'
in SYSTEMPATH\Database\MySQLi\Connection.php on line 292.
 1 SYSTEMPATH\Database\MySQLi\Connection.php(292): mysqli->query('UPDATE `daftaruser` SET `password` = \'$2y$10$bEsVJZU6zoop6.D6Pt6GFuh8HdkwHSjt8ANKnOwbAgk56BoYwu8rW\'
WHERE `mail_user` = \'harumanwiguna1@gmail.com\'', 0)
 2 SYSTEMPATH\Database\BaseConnection.php(666): CodeIgniter\Database\MySQLi\Connection->execute('UPDATE `daftaruser` SET `password` = \'$2y$10$bEsVJZU6zoop6.D6Pt6GFuh8HdkwHSjt8ANKnOwbAgk56BoYwu8rW\'
WHERE `mail_user` = \'harumanwiguna1@gmail.com\'')
 3 SYSTEMPATH\Database\BaseConnection.php(593): CodeIgniter\Database\BaseConnection->simpleQuery('UPDATE `daftaruser` SET `password` = \'$2y$10$bEsVJZU6zoop6.D6Pt6GFuh8HdkwHSjt8ANKnOwbAgk56BoYwu8rW\'
WHERE `mail_user` = \'harumanwiguna1@gmail.com\'')
 4 SYSTEMPATH\Database\BaseBuilder.php(2079): CodeIgniter\Database\BaseConnection->query('UPDATE `daftaruser` SET `password` = :password:
WHERE `mail_user` = :mail_user:', [...], false)
 5 APPPATH\Controllers\Auth.php(424): CodeIgniter\Database\BaseBuilder->update()
 6 SYSTEMPATH\CodeIgniter.php(927): App\Controllers\Auth->lupapw()
 7 SYSTEMPATH\CodeIgniter.php(482): CodeIgniter\CodeIgniter->runController(Object(App\Controllers\Auth))
 8 SYSTEMPATH\CodeIgniter.php(351): CodeIgniter\CodeIgniter->handleRequest(null, Object(Config\Cache), false)
 9 FCPATH\index.php(67): CodeIgniter\CodeIgniter->run()
10 SYSTEMPATH\Commands\Server\rewrite.php(46): require_once('FCPATH\\index.php')
CRITICAL - 2023-03-10 02:18:15 --> Undefined property: CodeIgniter\Database\MySQLi\Result::$username_user
in APPPATH\Controllers\Auth.php on line 425.
 1 APPPATH\Controllers\Auth.php(425): CodeIgniter\Debug\Exceptions->errorHandler(2, 'Undefined property: CodeIgniter\\Database\\MySQLi\\Result::$username_user', 'APPPATH\\Controllers\\Auth.php', 425)
 2 SYSTEMPATH\CodeIgniter.php(927): App\Controllers\Auth->lupapw()
 3 SYSTEMPATH\CodeIgniter.php(482): CodeIgniter\CodeIgniter->runController(Object(App\Controllers\Auth))
 4 SYSTEMPATH\CodeIgniter.php(351): CodeIgniter\CodeIgniter->handleRequest(null, Object(Config\Cache), false)
 5 FCPATH\index.php(67): CodeIgniter\CodeIgniter->run()
 6 SYSTEMPATH\Commands\Server\rewrite.php(46): require_once('FCPATH\\index.php')
CRITICAL - 2023-03-10 02:19:18 --> Attempt to read property "username_user" on array
in APPPATH\Controllers\Auth.php on line 425.
 1 APPPATH\Controllers\Auth.php(425): CodeIgniter\Debug\Exceptions->errorHandler(2, 'Attempt to read property "username_user" on array', 'APPPATH\\Controllers\\Auth.php', 425)
 2 SYSTEMPATH\CodeIgniter.php(927): App\Controllers\Auth->lupapw()
 3 SYSTEMPATH\CodeIgniter.php(482): CodeIgniter\CodeIgniter->runController(Object(App\Controllers\Auth))
 4 SYSTEMPATH\CodeIgniter.php(351): CodeIgniter\CodeIgniter->handleRequest(null, Object(Config\Cache), false)
 5 FCPATH\index.php(67): CodeIgniter\CodeIgniter->run()
 6 SYSTEMPATH\Commands\Server\rewrite.php(46): require_once('FCPATH\\index.php')
CRITICAL - 2023-03-10 02:25:33 --> Undefined property: stdClass::$title
in APPPATH\Controllers\Auth.php on line 430.
 1 APPPATH\Controllers\Auth.php(430): CodeIgniter\Debug\Exceptions->errorHandler(2, 'Undefined property: stdClass::$title', 'APPPATH\\Controllers\\Auth.php', 430)
 2 SYSTEMPATH\CodeIgniter.php(927): App\Controllers\Auth->lupapw()
 3 SYSTEMPATH\CodeIgniter.php(482): CodeIgniter\CodeIgniter->runController(Object(App\Controllers\Auth))
 4 SYSTEMPATH\CodeIgniter.php(351): CodeIgniter\CodeIgniter->handleRequest(null, Object(Config\Cache), false)
 5 FCPATH\index.php(67): CodeIgniter\CodeIgniter->run()
 6 SYSTEMPATH\Commands\Server\rewrite.php(46): require_once('FCPATH\\index.php')
ERROR - 2023-03-10 02:32:15 --> mysqli_sql_exception: Table 'cor3.trendingbook' doesn't exist in D:\CI4\ci4\CI4-LIB-PushCI4\system\Database\MySQLi\Connection.php:292
Stack trace:
#0 D:\CI4\ci4\CI4-LIB-PushCI4\system\Database\MySQLi\Connection.php(292): mysqli->query('SELECT * FROM t...', 0)
#1 D:\CI4\ci4\CI4-LIB-PushCI4\system\Database\BaseConnection.php(666): CodeIgniter\Database\MySQLi\Connection->execute('SELECT * FROM t...')
#2 D:\CI4\ci4\CI4-LIB-PushCI4\system\Database\BaseConnection.php(593): CodeIgniter\Database\BaseConnection->simpleQuery('SELECT * FROM t...')
#3 D:\CI4\ci4\CI4-LIB-PushCI4\app\Views\home\index.php(42): CodeIgniter\Database\BaseConnection->query('SELECT * FROM t...')
#4 D:\CI4\ci4\CI4-LIB-PushCI4\system\View\View.php(213): include('D:\\CI4\\ci4\\CI4-...')
#5 D:\CI4\ci4\CI4-LIB-PushCI4\system\View\View.php(216): CodeIgniter\View\View->CodeIgniter\View\{closure}()
#6 D:\CI4\ci4\CI4-LIB-PushCI4\system\Common.php(1134): CodeIgniter\View\View->render('home/index', Array, true)
#7 D:\CI4\ci4\CI4-LIB-PushCI4\app\Controllers\Home.php(27): view('home/index', Array)
#8 D:\CI4\ci4\CI4-LIB-PushCI4\system\CodeIgniter.php(927): App\Controllers\Home->index()
#9 D:\CI4\ci4\CI4-LIB-PushCI4\system\CodeIgniter.php(482): CodeIgniter\CodeIgniter->runController(Object(App\Controllers\Home))
#10 D:\CI4\ci4\CI4-LIB-PushCI4\system\CodeIgniter.php(351): CodeIgniter\CodeIgniter->handleRequest(NULL, Object(Config\Cache), false)
#11 D:\CI4\ci4\CI4-LIB-PushCI4\public\index.php(67): CodeIgniter\CodeIgniter->run()
#12 D:\CI4\ci4\CI4-LIB-PushCI4\system\Commands\Server\rewrite.php(46): require_once('D:\\CI4\\ci4\\CI4-...')
#13 {main}
CRITICAL - 2023-03-10 02:32:15 --> Table 'cor3.trendingbook' doesn't exist
in SYSTEMPATH\Database\MySQLi\Connection.php on line 292.
 1 SYSTEMPATH\Database\MySQLi\Connection.php(292): mysqli->query('SELECT * FROM trendingbook', 0)
 2 SYSTEMPATH\Database\BaseConnection.php(666): CodeIgniter\Database\MySQLi\Connection->execute('SELECT * FROM trendingbook')
 3 SYSTEMPATH\Database\BaseConnection.php(593): CodeIgniter\Database\BaseConnection->simpleQuery('SELECT * FROM trendingbook')
 4 APPPATH\Views\home\index.php(42): CodeIgniter\Database\BaseConnection->query('SELECT * FROM trendingbook')
 5 SYSTEMPATH\View\View.php(213): include('APPPATH\\Views\\home\\index.php')
 6 SYSTEMPATH\View\View.php(216): CodeIgniter\View\View->CodeIgniter\View\{closure}()
 7 SYSTEMPATH\Common.php(1134): CodeIgniter\View\View->render('home/index', [], true)
 8 APPPATH\Controllers\Home.php(27): view('home/index', [...])
 9 SYSTEMPATH\CodeIgniter.php(927): App\Controllers\Home->index()
10 SYSTEMPATH\CodeIgniter.php(482): CodeIgniter\CodeIgniter->runController(Object(App\Controllers\Home))
11 SYSTEMPATH\CodeIgniter.php(351): CodeIgniter\CodeIgniter->handleRequest(null, Object(Config\Cache), false)
12 FCPATH\index.php(67): CodeIgniter\CodeIgniter->run()
13 SYSTEMPATH\Commands\Server\rewrite.php(46): require_once('FCPATH\\index.php')
ERROR - 2023-03-10 02:33:09 --> mysqli_sql_exception: Table 'cor3.trendingbook' doesn't exist in D:\CI4\ci4\CI4-LIB-PushCI4\system\Database\MySQLi\Connection.php:292
Stack trace:
#0 D:\CI4\ci4\CI4-LIB-PushCI4\system\Database\MySQLi\Connection.php(292): mysqli->query('SELECT * FROM t...', 0)
#1 D:\CI4\ci4\CI4-LIB-PushCI4\system\Database\BaseConnection.php(666): CodeIgniter\Database\MySQLi\Connection->execute('SELECT * FROM t...')
#2 D:\CI4\ci4\CI4-LIB-PushCI4\system\Database\BaseConnection.php(593): CodeIgniter\Database\BaseConnection->simpleQuery('SELECT * FROM t...')
#3 D:\CI4\ci4\CI4-LIB-PushCI4\app\Views\home\index.php(42): CodeIgniter\Database\BaseConnection->query('SELECT * FROM t...')
#4 D:\CI4\ci4\CI4-LIB-PushCI4\system\View\View.php(213): include('D:\\CI4\\ci4\\CI4-...')
#5 D:\CI4\ci4\CI4-LIB-PushCI4\system\View\View.php(216): CodeIgniter\View\View->CodeIgniter\View\{closure}()
#6 D:\CI4\ci4\CI4-LIB-PushCI4\system\Common.php(1134): CodeIgniter\View\View->render('home/index', Array, true)
#7 D:\CI4\ci4\CI4-LIB-PushCI4\app\Controllers\Home.php(27): view('home/index', Array)
#8 D:\CI4\ci4\CI4-LIB-PushCI4\system\CodeIgniter.php(927): App\Controllers\Home->index()
#9 D:\CI4\ci4\CI4-LIB-PushCI4\system\CodeIgniter.php(482): CodeIgniter\CodeIgniter->runController(Object(App\Controllers\Home))
#10 D:\CI4\ci4\CI4-LIB-PushCI4\system\CodeIgniter.php(351): CodeIgniter\CodeIgniter->handleRequest(NULL, Object(Config\Cache), false)
#11 D:\CI4\ci4\CI4-LIB-PushCI4\public\index.php(67): CodeIgniter\CodeIgniter->run()
#12 D:\CI4\ci4\CI4-LIB-PushCI4\system\Commands\Server\rewrite.php(46): require_once('D:\\CI4\\ci4\\CI4-...')
#13 {main}
CRITICAL - 2023-03-10 02:33:09 --> Table 'cor3.trendingbook' doesn't exist
in SYSTEMPATH\Database\MySQLi\Connection.php on line 292.
 1 SYSTEMPATH\Database\MySQLi\Connection.php(292): mysqli->query('SELECT * FROM trendingbook', 0)
 2 SYSTEMPATH\Database\BaseConnection.php(666): CodeIgniter\Database\MySQLi\Connection->execute('SELECT * FROM trendingbook')
 3 SYSTEMPATH\Database\BaseConnection.php(593): CodeIgniter\Database\BaseConnection->simpleQuery('SELECT * FROM trendingbook')
 4 APPPATH\Views\home\index.php(42): CodeIgniter\Database\BaseConnection->query('SELECT * FROM trendingbook')
 5 SYSTEMPATH\View\View.php(213): include('APPPATH\\Views\\home\\index.php')
 6 SYSTEMPATH\View\View.php(216): CodeIgniter\View\View->CodeIgniter\View\{closure}()
 7 SYSTEMPATH\Common.php(1134): CodeIgniter\View\View->render('home/index', [], true)
 8 APPPATH\Controllers\Home.php(27): view('home/index', [...])
 9 SYSTEMPATH\CodeIgniter.php(927): App\Controllers\Home->index()
10 SYSTEMPATH\CodeIgniter.php(482): CodeIgniter\CodeIgniter->runController(Object(App\Controllers\Home))
11 SYSTEMPATH\CodeIgniter.php(351): CodeIgniter\CodeIgniter->handleRequest(null, Object(Config\Cache), false)
12 FCPATH\index.php(67): CodeIgniter\CodeIgniter->run()
13 SYSTEMPATH\Commands\Server\rewrite.php(46): require_once('FCPATH\\index.php')
ERROR - 2023-03-10 02:34:12 --> mysqli_sql_exception: Table 'cor3.trendingbook' doesn't exist in D:\CI4\ci4\CI4-LIB-PushCI4\system\Database\MySQLi\Connection.php:292
Stack trace:
#0 D:\CI4\ci4\CI4-LIB-PushCI4\system\Database\MySQLi\Connection.php(292): mysqli->query('SELECT * FROM t...', 0)
#1 D:\CI4\ci4\CI4-LIB-PushCI4\system\Database\BaseConnection.php(666): CodeIgniter\Database\MySQLi\Connection->execute('SELECT * FROM t...')
#2 D:\CI4\ci4\CI4-LIB-PushCI4\system\Database\BaseConnection.php(593): CodeIgniter\Database\BaseConnection->simpleQuery('SELECT * FROM t...')
#3 D:\CI4\ci4\CI4-LIB-PushCI4\app\Views\home\index.php(42): CodeIgniter\Database\BaseConnection->query('SELECT * FROM t...')
#4 D:\CI4\ci4\CI4-LIB-PushCI4\system\View\View.php(213): include('D:\\CI4\\ci4\\CI4-...')
#5 D:\CI4\ci4\CI4-LIB-PushCI4\system\View\View.php(216): CodeIgniter\View\View->CodeIgniter\View\{closure}()
#6 D:\CI4\ci4\CI4-LIB-PushCI4\system\Common.php(1134): CodeIgniter\View\View->render('home/index', Array, true)
#7 D:\CI4\ci4\CI4-LIB-PushCI4\app\Controllers\Home.php(27): view('home/index', Array)
#8 D:\CI4\ci4\CI4-LIB-PushCI4\system\CodeIgniter.php(927): App\Controllers\Home->index()
#9 D:\CI4\ci4\CI4-LIB-PushCI4\system\CodeIgniter.php(482): CodeIgniter\CodeIgniter->runController(Object(App\Controllers\Home))
#10 D:\CI4\ci4\CI4-LIB-PushCI4\system\CodeIgniter.php(351): CodeIgniter\CodeIgniter->handleRequest(NULL, Object(Config\Cache), false)
#11 D:\CI4\ci4\CI4-LIB-PushCI4\public\index.php(67): CodeIgniter\CodeIgniter->run()
#12 D:\CI4\ci4\CI4-LIB-PushCI4\system\Commands\Server\rewrite.php(46): require_once('D:\\CI4\\ci4\\CI4-...')
#13 {main}
CRITICAL - 2023-03-10 02:34:12 --> Table 'cor3.trendingbook' doesn't exist
in SYSTEMPATH\Database\MySQLi\Connection.php on line 292.
 1 SYSTEMPATH\Database\MySQLi\Connection.php(292): mysqli->query('SELECT * FROM trendingbook', 0)
 2 SYSTEMPATH\Database\BaseConnection.php(666): CodeIgniter\Database\MySQLi\Connection->execute('SELECT * FROM trendingbook')
 3 SYSTEMPATH\Database\BaseConnection.php(593): CodeIgniter\Database\BaseConnection->simpleQuery('SELECT * FROM trendingbook')
 4 APPPATH\Views\home\index.php(42): CodeIgniter\Database\BaseConnection->query('SELECT * FROM trendingbook')
 5 SYSTEMPATH\View\View.php(213): include('APPPATH\\Views\\home\\index.php')
 6 SYSTEMPATH\View\View.php(216): CodeIgniter\View\View->CodeIgniter\View\{closure}()
 7 SYSTEMPATH\Common.php(1134): CodeIgniter\View\View->render('home/index', [], true)
 8 APPPATH\Controllers\Home.php(27): view('home/index', [...])
 9 SYSTEMPATH\CodeIgniter.php(927): App\Controllers\Home->index()
10 SYSTEMPATH\CodeIgniter.php(482): CodeIgniter\CodeIgniter->runController(Object(App\Controllers\Home))
11 SYSTEMPATH\CodeIgniter.php(351): CodeIgniter\CodeIgniter->handleRequest(null, Object(Config\Cache), false)
12 FCPATH\index.php(67): CodeIgniter\CodeIgniter->run()
13 SYSTEMPATH\Commands\Server\rewrite.php(46): require_once('FCPATH\\index.php')
CRITICAL - 2023-03-10 03:06:00 --> Class "Config\TrimFilter" not found
in SYSTEMPATH\Filters\Filters.php on line 166.
 1 SYSTEMPATH\CodeIgniter.php(455): CodeIgniter\Filters\Filters->run('login', 'before')
 2 SYSTEMPATH\CodeIgniter.php(351): CodeIgniter\CodeIgniter->handleRequest(null, Object(Config\Cache), false)
 3 FCPATH\index.php(67): CodeIgniter\CodeIgniter->run()
 4 SYSTEMPATH\Commands\Server\rewrite.php(46): require_once('FCPATH\\index.php')
ERROR - 2023-03-10 03:13:51 --> mysqli_sql_exception: Table 'cor3.trendingbook' doesn't exist in D:\CI4\ci4\CI4-LIB-PushCI4\system\Database\MySQLi\Connection.php:292
Stack trace:
#0 D:\CI4\ci4\CI4-LIB-PushCI4\system\Database\MySQLi\Connection.php(292): mysqli->query('SELECT * FROM t...', 0)
#1 D:\CI4\ci4\CI4-LIB-PushCI4\system\Database\BaseConnection.php(666): CodeIgniter\Database\MySQLi\Connection->execute('SELECT * FROM t...')
#2 D:\CI4\ci4\CI4-LIB-PushCI4\system\Database\BaseConnection.php(593): CodeIgniter\Database\BaseConnection->simpleQuery('SELECT * FROM t...')
#3 D:\CI4\ci4\CI4-LIB-PushCI4\app\Views\home\index.php(42): CodeIgniter\Database\BaseConnection->query('SELECT * FROM t...')
#4 D:\CI4\ci4\CI4-LIB-PushCI4\system\View\View.php(213): include('D:\\CI4\\ci4\\CI4-...')
#5 D:\CI4\ci4\CI4-LIB-PushCI4\system\View\View.php(216): CodeIgniter\View\View->CodeIgniter\View\{closure}()
#6 D:\CI4\ci4\CI4-LIB-PushCI4\system\Common.php(1134): CodeIgniter\View\View->render('home/index', Array, true)
#7 D:\CI4\ci4\CI4-LIB-PushCI4\app\Controllers\Home.php(27): view('home/index', Array)
#8 D:\CI4\ci4\CI4-LIB-PushCI4\system\CodeIgniter.php(927): App\Controllers\Home->index()
#9 D:\CI4\ci4\CI4-LIB-PushCI4\system\CodeIgniter.php(482): CodeIgniter\CodeIgniter->runController(Object(App\Controllers\Home))
#10 D:\CI4\ci4\CI4-LIB-PushCI4\system\CodeIgniter.php(351): CodeIgniter\CodeIgniter->handleRequest(NULL, Object(Config\Cache), false)
#11 D:\CI4\ci4\CI4-LIB-PushCI4\public\index.php(67): CodeIgniter\CodeIgniter->run()
#12 D:\CI4\ci4\CI4-LIB-PushCI4\system\Commands\Server\rewrite.php(46): require_once('D:\\CI4\\ci4\\CI4-...')
#13 {main}
CRITICAL - 2023-03-10 03:13:51 --> Table 'cor3.trendingbook' doesn't exist
in SYSTEMPATH\Database\MySQLi\Connection.php on line 292.
 1 SYSTEMPATH\Database\MySQLi\Connection.php(292): mysqli->query('SELECT * FROM trendingbook', 0)
 2 SYSTEMPATH\Database\BaseConnection.php(666): CodeIgniter\Database\MySQLi\Connection->execute('SELECT * FROM trendingbook')
 3 SYSTEMPATH\Database\BaseConnection.php(593): CodeIgniter\Database\BaseConnection->simpleQuery('SELECT * FROM trendingbook')
 4 APPPATH\Views\home\index.php(42): CodeIgniter\Database\BaseConnection->query('SELECT * FROM trendingbook')
 5 SYSTEMPATH\View\View.php(213): include('APPPATH\\Views\\home\\index.php')
 6 SYSTEMPATH\View\View.php(216): CodeIgniter\View\View->CodeIgniter\View\{closure}()
 7 SYSTEMPATH\Common.php(1134): CodeIgniter\View\View->render('home/index', [], true)
 8 APPPATH\Controllers\Home.php(27): view('home/index', [...])
 9 SYSTEMPATH\CodeIgniter.php(927): App\Controllers\Home->index()
10 SYSTEMPATH\CodeIgniter.php(482): CodeIgniter\CodeIgniter->runController(Object(App\Controllers\Home))
11 SYSTEMPATH\CodeIgniter.php(351): CodeIgniter\CodeIgniter->handleRequest(null, Object(Config\Cache), false)
12 FCPATH\index.php(67): CodeIgniter\CodeIgniter->run()
13 SYSTEMPATH\Commands\Server\rewrite.php(46): require_once('FCPATH\\index.php')
ERROR - 2023-03-10 03:14:09 --> mysqli_sql_exception: Table 'cor3.hlmnbuku' doesn't exist in D:\CI4\ci4\CI4-LIB-PushCI4\system\Database\MySQLi\Connection.php:292
Stack trace:
#0 D:\CI4\ci4\CI4-LIB-PushCI4\system\Database\MySQLi\Connection.php(292): mysqli->query('CREATE VIEW `tr...', 0)
#1 D:\CI4\ci4\CI4-LIB-PushCI4\system\Database\BaseConnection.php(666): CodeIgniter\Database\MySQLi\Connection->execute('CREATE VIEW `tr...')
#2 D:\CI4\ci4\CI4-LIB-PushCI4\system\Database\BaseConnection.php(593): CodeIgniter\Database\BaseConnection->simpleQuery('CREATE VIEW `tr...')
#3 D:\CI4\ci4\CI4-LIB-PushCI4\app\Models\SemuaTriggerModel.php(130): CodeIgniter\Database\BaseConnection->query('CREATE VIEW `tr...')
#4 D:\CI4\ci4\CI4-LIB-PushCI4\app\Controllers\SemuaTrigger.php(192): App\Models\SemuaTriggerModel->viewTrendingbook()
#5 D:\CI4\ci4\CI4-LIB-PushCI4\system\CodeIgniter.php(927): App\Controllers\SemuaTrigger->viewTrendingbook()
#6 D:\CI4\ci4\CI4-LIB-PushCI4\system\CodeIgniter.php(482): CodeIgniter\CodeIgniter->runController(Object(App\Controllers\SemuaTrigger))
#7 D:\CI4\ci4\CI4-LIB-PushCI4\system\CodeIgniter.php(351): CodeIgniter\CodeIgniter->handleRequest(NULL, Object(Config\Cache), false)
#8 D:\CI4\ci4\CI4-LIB-PushCI4\public\index.php(67): CodeIgniter\CodeIgniter->run()
#9 D:\CI4\ci4\CI4-LIB-PushCI4\system\Commands\Server\rewrite.php(46): require_once('D:\\CI4\\ci4\\CI4-...')
#10 {main}
CRITICAL - 2023-03-10 03:14:09 --> Table 'cor3.hlmnbuku' doesn't exist
in SYSTEMPATH\Database\MySQLi\Connection.php on line 292.
 1 SYSTEMPATH\Database\MySQLi\Connection.php(292): mysqli->query('CREATE VIEW `trendingbook` AS
        SELECT `id_buku`, `kategoribuku`,`judulbuku`, `textbuku`,`author`, `file_buku`,`stok`, `cover_buku`,`total_pinjam` FROM hlmnbuku', 0)
 2 SYSTEMPATH\Database\BaseConnection.php(666): CodeIgniter\Database\MySQLi\Connection->execute('CREATE VIEW `trendingbook` AS
        SELECT `id_buku`, `kategoribuku`,`judulbuku`, `textbuku`,`author`, `file_buku`,`stok`, `cover_buku`,`total_pinjam` FROM hlmnbuku')
 3 SYSTEMPATH\Database\BaseConnection.php(593): CodeIgniter\Database\BaseConnection->simpleQuery('CREATE VIEW `trendingbook` AS
        SELECT `id_buku`, `kategoribuku`,`judulbuku`, `textbuku`,`author`, `file_buku`,`stok`, `cover_buku`,`total_pinjam` FROM hlmnbuku')
 4 APPPATH\Models\SemuaTriggerModel.php(130): CodeIgniter\Database\BaseConnection->query('CREATE VIEW `trendingbook` AS
        SELECT `id_buku`, `kategoribuku`,`judulbuku`, `textbuku`,`author`, `file_buku`,`stok`, `cover_buku`,`total_pinjam` FROM hlmnbuku')
 5 APPPATH\Controllers\SemuaTrigger.php(192): App\Models\SemuaTriggerModel->viewTrendingbook()
 6 SYSTEMPATH\CodeIgniter.php(927): App\Controllers\SemuaTrigger->viewTrendingbook()
 7 SYSTEMPATH\CodeIgniter.php(482): CodeIgniter\CodeIgniter->runController(Object(App\Controllers\SemuaTrigger))
 8 SYSTEMPATH\CodeIgniter.php(351): CodeIgniter\CodeIgniter->handleRequest(null, Object(Config\Cache), false)
 9 FCPATH\index.php(67): CodeIgniter\CodeIgniter->run()
10 SYSTEMPATH\Commands\Server\rewrite.php(46): require_once('FCPATH\\index.php')
