ERROR - 2023-03-11 21:06:49 --> mysqli_sql_exception: Table 'cor2.trendingbook' doesn't exist in D:\CI4\ci4\CI4-LIB-PushCI4\system\Database\MySQLi\Connection.php:292
Stack trace:
#0 D:\CI4\ci4\CI4-LIB-PushCI4\system\Database\MySQLi\Connection.php(292): mysqli->query('SELECT * FROM t...', 0)
#1 D:\CI4\ci4\CI4-LIB-PushCI4\system\Database\BaseConnection.php(666): CodeIgniter\Database\MySQLi\Connection->execute('SELECT * FROM t...')
#2 D:\CI4\ci4\CI4-LIB-PushCI4\system\Database\BaseConnection.php(593): CodeIgniter\Database\BaseConnection->simpleQuery('SELECT * FROM t...')
#3 D:\CI4\ci4\CI4-LIB-PushCI4\app\Views\home\index.php(42): CodeIgniter\Database\BaseConnection->query('SELECT * FROM t...')
#4 D:\CI4\ci4\CI4-LIB-PushCI4\system\View\View.php(213): include('D:\\CI4\\ci4\\CI4-...')
#5 D:\CI4\ci4\CI4-LIB-PushCI4\system\View\View.php(216): CodeIgniter\View\View->CodeIgniter\View\{closure}()
#6 D:\CI4\ci4\CI4-LIB-PushCI4\system\Common.php(1134): CodeIgniter\View\View->render('home/index', Array, true)
#7 D:\CI4\ci4\CI4-LIB-PushCI4\app\Controllers\Home.php(27): view('home/index', Array)
#8 D:\CI4\ci4\CI4-LIB-PushCI4\system\CodeIgniter.php(927): App\Controllers\Home->index()
#9 D:\CI4\ci4\CI4-LIB-PushCI4\system\CodeIgniter.php(482): CodeIgniter\CodeIgniter->runController(Object(App\Controllers\Home))
#10 D:\CI4\ci4\CI4-LIB-PushCI4\system\CodeIgniter.php(351): CodeIgniter\CodeIgniter->handleRequest(NULL, Object(Config\Cache), false)
#11 D:\CI4\ci4\CI4-LIB-PushCI4\public\index.php(67): CodeIgniter\CodeIgniter->run()
#12 D:\CI4\ci4\CI4-LIB-PushCI4\system\Commands\Server\rewrite.php(46): require_once('D:\\CI4\\ci4\\CI4-...')
#13 {main}
CRITICAL - 2023-03-11 21:06:49 --> Table 'cor2.trendingbook' doesn't exist
in SYSTEMPATH\Database\MySQLi\Connection.php on line 292.
 1 SYSTEMPATH\Database\MySQLi\Connection.php(292): mysqli->query('SELECT * FROM trendingbook', 0)
 2 SYSTEMPATH\Database\BaseConnection.php(666): CodeIgniter\Database\MySQLi\Connection->execute('SELECT * FROM trendingbook')
 3 SYSTEMPATH\Database\BaseConnection.php(593): CodeIgniter\Database\BaseConnection->simpleQuery('SELECT * FROM trendingbook')
 4 APPPATH\Views\home\index.php(42): CodeIgniter\Database\BaseConnection->query('SELECT * FROM trendingbook')
 5 SYSTEMPATH\View\View.php(213): include('APPPATH\\Views\\home\\index.php')
 6 SYSTEMPATH\View\View.php(216): CodeIgniter\View\View->CodeIgniter\View\{closure}()
 7 SYSTEMPATH\Common.php(1134): CodeIgniter\View\View->render('home/index', [], true)
 8 APPPATH\Controllers\Home.php(27): view('home/index', [...])
 9 SYSTEMPATH\CodeIgniter.php(927): App\Controllers\Home->index()
10 SYSTEMPATH\CodeIgniter.php(482): CodeIgniter\CodeIgniter->runController(Object(App\Controllers\Home))
11 SYSTEMPATH\CodeIgniter.php(351): CodeIgniter\CodeIgniter->handleRequest(null, Object(Config\Cache), false)
12 FCPATH\index.php(67): CodeIgniter\CodeIgniter->run()
13 SYSTEMPATH\Commands\Server\rewrite.php(46): require_once('FCPATH\\index.php')
ERROR - 2023-03-11 22:10:51 --> mysqli_sql_exception: Table 'cor2.trendingbook' doesn't exist in D:\CI4\ci4\CI4-LIB-PushCI4\system\Database\MySQLi\Connection.php:292
Stack trace:
#0 D:\CI4\ci4\CI4-LIB-PushCI4\system\Database\MySQLi\Connection.php(292): mysqli->query('SELECT * FROM t...', 0)
#1 D:\CI4\ci4\CI4-LIB-PushCI4\system\Database\BaseConnection.php(666): CodeIgniter\Database\MySQLi\Connection->execute('SELECT * FROM t...')
#2 D:\CI4\ci4\CI4-LIB-PushCI4\system\Database\BaseConnection.php(593): CodeIgniter\Database\BaseConnection->simpleQuery('SELECT * FROM t...')
#3 D:\CI4\ci4\CI4-LIB-PushCI4\app\Views\home\index.php(42): CodeIgniter\Database\BaseConnection->query('SELECT * FROM t...')
#4 D:\CI4\ci4\CI4-LIB-PushCI4\system\View\View.php(213): include('D:\\CI4\\ci4\\CI4-...')
#5 D:\CI4\ci4\CI4-LIB-PushCI4\system\View\View.php(216): CodeIgniter\View\View->CodeIgniter\View\{closure}()
#6 D:\CI4\ci4\CI4-LIB-PushCI4\system\Common.php(1134): CodeIgniter\View\View->render('home/index', Array, true)
#7 D:\CI4\ci4\CI4-LIB-PushCI4\app\Controllers\Home.php(27): view('home/index', Array)
#8 D:\CI4\ci4\CI4-LIB-PushCI4\system\CodeIgniter.php(927): App\Controllers\Home->index()
#9 D:\CI4\ci4\CI4-LIB-PushCI4\system\CodeIgniter.php(482): CodeIgniter\CodeIgniter->runController(Object(App\Controllers\Home))
#10 D:\CI4\ci4\CI4-LIB-PushCI4\system\CodeIgniter.php(351): CodeIgniter\CodeIgniter->handleRequest(NULL, Object(Config\Cache), false)
#11 D:\CI4\ci4\CI4-LIB-PushCI4\public\index.php(67): CodeIgniter\CodeIgniter->run()
#12 D:\CI4\ci4\CI4-LIB-PushCI4\system\Commands\Server\rewrite.php(46): require_once('D:\\CI4\\ci4\\CI4-...')
#13 {main}
CRITICAL - 2023-03-11 22:10:51 --> Table 'cor2.trendingbook' doesn't exist
in SYSTEMPATH\Database\MySQLi\Connection.php on line 292.
 1 SYSTEMPATH\Database\MySQLi\Connection.php(292): mysqli->query('SELECT * FROM trendingbook', 0)
 2 SYSTEMPATH\Database\BaseConnection.php(666): CodeIgniter\Database\MySQLi\Connection->execute('SELECT * FROM trendingbook')
 3 SYSTEMPATH\Database\BaseConnection.php(593): CodeIgniter\Database\BaseConnection->simpleQuery('SELECT * FROM trendingbook')
 4 APPPATH\Views\home\index.php(42): CodeIgniter\Database\BaseConnection->query('SELECT * FROM trendingbook')
 5 SYSTEMPATH\View\View.php(213): include('APPPATH\\Views\\home\\index.php')
 6 SYSTEMPATH\View\View.php(216): CodeIgniter\View\View->CodeIgniter\View\{closure}()
 7 SYSTEMPATH\Common.php(1134): CodeIgniter\View\View->render('home/index', [], true)
 8 APPPATH\Controllers\Home.php(27): view('home/index', [...])
 9 SYSTEMPATH\CodeIgniter.php(927): App\Controllers\Home->index()
10 SYSTEMPATH\CodeIgniter.php(482): CodeIgniter\CodeIgniter->runController(Object(App\Controllers\Home))
11 SYSTEMPATH\CodeIgniter.php(351): CodeIgniter\CodeIgniter->handleRequest(null, Object(Config\Cache), false)
12 FCPATH\index.php(67): CodeIgniter\CodeIgniter->run()
13 SYSTEMPATH\Commands\Server\rewrite.php(46): require_once('FCPATH\\index.php')
