CRITICAL - 2022-12-27 01:30:58 --> Undefined array key "id_buku"
in APPPATH\Views\kategori\viewbukuSaya.php on line 60.
 1 APPPATH\Views\kategori\viewbukuSaya.php(60): CodeIgniter\Debug\Exceptions->errorHandler(2, 'Undefined array key "id_buku"', 'APPPATH\\Views\\kategori\\viewbukuSaya.php', 60)
 2 SYSTEMPATH\View\View.php(213): include('APPPATH\\Views\\kategori\\viewbukuSaya.php')
 3 SYSTEMPATH\View\View.php(216): CodeIgniter\View\View->CodeIgniter\View\{closure}()
 4 SYSTEMPATH\Common.php(1134): CodeIgniter\View\View->render('kategori/viewbukuSaya', [], true)
 5 APPPATH\Controllers\CategoryController.php(258): view('kategori/viewbukuSaya', [...])
 6 SYSTEMPATH\CodeIgniter.php(927): App\Controllers\CategoryController->buku_saya()
 7 SYSTEMPATH\CodeIgniter.php(482): CodeIgniter\CodeIgniter->runController(Object(App\Controllers\CategoryController))
 8 SYSTEMPATH\CodeIgniter.php(351): CodeIgniter\CodeIgniter->handleRequest(null, Object(Config\Cache), false)
 9 FCPATH\index.php(67): CodeIgniter\CodeIgniter->run()
10 SYSTEMPATH\Commands\Server\rewrite.php(46): require_once('FCPATH\\index.php')
ERROR - 2022-12-27 01:46:03 --> mysqli_sql_exception: Table 'stylecod_newPresent.trendingbook' doesn't exist in D:\Haruman\ci4\system\Database\MySQLi\Connection.php:292
Stack trace:
#0 D:\Haruman\ci4\system\Database\MySQLi\Connection.php(292): mysqli->query('SELECT * FROM t...', 0)
#1 D:\Haruman\ci4\system\Database\BaseConnection.php(666): CodeIgniter\Database\MySQLi\Connection->execute('SELECT * FROM t...')
#2 D:\Haruman\ci4\system\Database\BaseConnection.php(593): CodeIgniter\Database\BaseConnection->simpleQuery('SELECT * FROM t...')
#3 D:\Haruman\ci4\app\Views\home\index.php(42): CodeIgniter\Database\BaseConnection->query('SELECT * FROM t...')
#4 D:\Haruman\ci4\system\View\View.php(213): include('D:\\Haruman\\ci4\\...')
#5 D:\Haruman\ci4\system\View\View.php(216): CodeIgniter\View\View->CodeIgniter\View\{closure}()
#6 D:\Haruman\ci4\system\Common.php(1134): CodeIgniter\View\View->render('home/index', Array, true)
#7 D:\Haruman\ci4\app\Controllers\Home.php(27): view('home/index', Array)
#8 D:\Haruman\ci4\system\CodeIgniter.php(927): App\Controllers\Home->index()
#9 D:\Haruman\ci4\system\CodeIgniter.php(482): CodeIgniter\CodeIgniter->runController(Object(App\Controllers\Home))
#10 D:\Haruman\ci4\system\CodeIgniter.php(351): CodeIgniter\CodeIgniter->handleRequest(NULL, Object(Config\Cache), false)
#11 D:\Haruman\ci4\public\index.php(67): CodeIgniter\CodeIgniter->run()
#12 D:\Haruman\ci4\system\Commands\Server\rewrite.php(46): require_once('D:\\Haruman\\ci4\\...')
#13 {main}
CRITICAL - 2022-12-27 01:46:03 --> Table 'stylecod_newPresent.trendingbook' doesn't exist
in SYSTEMPATH\Database\MySQLi\Connection.php on line 292.
 1 SYSTEMPATH\Database\MySQLi\Connection.php(292): mysqli->query('SELECT * FROM trendingbook', 0)
 2 SYSTEMPATH\Database\BaseConnection.php(666): CodeIgniter\Database\MySQLi\Connection->execute('SELECT * FROM trendingbook')
 3 SYSTEMPATH\Database\BaseConnection.php(593): CodeIgniter\Database\BaseConnection->simpleQuery('SELECT * FROM trendingbook')
 4 APPPATH\Views\home\index.php(42): CodeIgniter\Database\BaseConnection->query('SELECT * FROM trendingbook')
 5 SYSTEMPATH\View\View.php(213): include('APPPATH\\Views\\home\\index.php')
 6 SYSTEMPATH\View\View.php(216): CodeIgniter\View\View->CodeIgniter\View\{closure}()
 7 SYSTEMPATH\Common.php(1134): CodeIgniter\View\View->render('home/index', [], true)
 8 APPPATH\Controllers\Home.php(27): view('home/index', [...])
 9 SYSTEMPATH\CodeIgniter.php(927): App\Controllers\Home->index()
10 SYSTEMPATH\CodeIgniter.php(482): CodeIgniter\CodeIgniter->runController(Object(App\Controllers\Home))
11 SYSTEMPATH\CodeIgniter.php(351): CodeIgniter\CodeIgniter->handleRequest(null, Object(Config\Cache), false)
12 FCPATH\index.php(67): CodeIgniter\CodeIgniter->run()
13 SYSTEMPATH\Commands\Server\rewrite.php(46): require_once('FCPATH\\index.php')
ERROR - 2022-12-27 01:46:26 --> mysqli_sql_exception: Table 'stylecod_newPresent.trendingbook' doesn't exist in D:\Haruman\ci4\system\Database\MySQLi\Connection.php:292
Stack trace:
#0 D:\Haruman\ci4\system\Database\MySQLi\Connection.php(292): mysqli->query('SELECT * FROM t...', 0)
#1 D:\Haruman\ci4\system\Database\BaseConnection.php(666): CodeIgniter\Database\MySQLi\Connection->execute('SELECT * FROM t...')
#2 D:\Haruman\ci4\system\Database\BaseConnection.php(593): CodeIgniter\Database\BaseConnection->simpleQuery('SELECT * FROM t...')
#3 D:\Haruman\ci4\app\Views\home\index.php(42): CodeIgniter\Database\BaseConnection->query('SELECT * FROM t...')
#4 D:\Haruman\ci4\system\View\View.php(213): include('D:\\Haruman\\ci4\\...')
#5 D:\Haruman\ci4\system\View\View.php(216): CodeIgniter\View\View->CodeIgniter\View\{closure}()
#6 D:\Haruman\ci4\system\Common.php(1134): CodeIgniter\View\View->render('home/index', Array, true)
#7 D:\Haruman\ci4\app\Controllers\Home.php(27): view('home/index', Array)
#8 D:\Haruman\ci4\system\CodeIgniter.php(927): App\Controllers\Home->index()
#9 D:\Haruman\ci4\system\CodeIgniter.php(482): CodeIgniter\CodeIgniter->runController(Object(App\Controllers\Home))
#10 D:\Haruman\ci4\system\CodeIgniter.php(351): CodeIgniter\CodeIgniter->handleRequest(NULL, Object(Config\Cache), false)
#11 D:\Haruman\ci4\public\index.php(67): CodeIgniter\CodeIgniter->run()
#12 D:\Haruman\ci4\system\Commands\Server\rewrite.php(46): require_once('D:\\Haruman\\ci4\\...')
#13 {main}
CRITICAL - 2022-12-27 01:46:26 --> Call to a member function getResultArray() on bool
in APPPATH\Views\home\index.php on line 43.
 1 SYSTEMPATH\View\View.php(213): include()
 2 SYSTEMPATH\View\View.php(216): CodeIgniter\View\View->CodeIgniter\View\{closure}()
 3 SYSTEMPATH\Common.php(1134): CodeIgniter\View\View->render('home/index', [], true)
 4 APPPATH\Controllers\Home.php(27): view('home/index', [...])
 5 SYSTEMPATH\CodeIgniter.php(927): App\Controllers\Home->index()
 6 SYSTEMPATH\CodeIgniter.php(482): CodeIgniter\CodeIgniter->runController(Object(App\Controllers\Home))
 7 SYSTEMPATH\CodeIgniter.php(351): CodeIgniter\CodeIgniter->handleRequest(null, Object(Config\Cache), false)
 8 FCPATH\index.php(67): CodeIgniter\CodeIgniter->run()
 9 SYSTEMPATH\Commands\Server\rewrite.php(46): require_once('FCPATH\\index.php')
ERROR - 2022-12-27 01:48:30 --> mysqli_sql_exception: Unknown column 'nama_user' in 'field list' in D:\Haruman\ci4\system\Database\MySQLi\Connection.php:292
Stack trace:
#0 D:\Haruman\ci4\system\Database\MySQLi\Connection.php(292): mysqli->query('INSERT INTO `us...', 0)
#1 D:\Haruman\ci4\system\Database\BaseConnection.php(666): CodeIgniter\Database\MySQLi\Connection->execute('INSERT INTO `us...')
#2 D:\Haruman\ci4\system\Database\BaseConnection.php(593): CodeIgniter\Database\BaseConnection->simpleQuery('INSERT INTO `us...')
#3 D:\Haruman\ci4\system\Database\BaseBuilder.php(1916): CodeIgniter\Database\BaseConnection->query('INSERT INTO `us...', Array, false)
#4 D:\Haruman\ci4\system\Model.php(279): CodeIgniter\Database\BaseBuilder->insert()
#5 D:\Haruman\ci4\system\BaseModel.php(749): CodeIgniter\Model->doInsert(Array)
#6 D:\Haruman\ci4\system\Model.php(667): CodeIgniter\BaseModel->insert(Array, false)
#7 D:\Haruman\ci4\system\BaseModel.php(659): CodeIgniter\Model->insert(Array, false)
#8 D:\Haruman\ci4\app\Controllers\Auth.php(130): CodeIgniter\BaseModel->save(Array)
#9 D:\Haruman\ci4\system\CodeIgniter.php(927): App\Controllers\Auth->save()
#10 D:\Haruman\ci4\system\CodeIgniter.php(482): CodeIgniter\CodeIgniter->runController(Object(App\Controllers\Auth))
#11 D:\Haruman\ci4\system\CodeIgniter.php(351): CodeIgniter\CodeIgniter->handleRequest(NULL, Object(Config\Cache), false)
#12 D:\Haruman\ci4\public\index.php(67): CodeIgniter\CodeIgniter->run()
#13 D:\Haruman\ci4\system\Commands\Server\rewrite.php(46): require_once('D:\\Haruman\\ci4\\...')
#14 {main}
CRITICAL - 2022-12-27 01:48:43 --> Trying to access array offset on value of type null
in APPPATH\Views\kategori\viewbukuSaya.php on line 22.
 1 APPPATH\Views\kategori\viewbukuSaya.php(22): CodeIgniter\Debug\Exceptions->errorHandler(2, 'Trying to access array offset on value of type null', 'APPPATH\\Views\\kategori\\viewbukuSaya.php', 22)
 2 SYSTEMPATH\View\View.php(213): include('APPPATH\\Views\\kategori\\viewbukuSaya.php')
 3 SYSTEMPATH\View\View.php(216): CodeIgniter\View\View->CodeIgniter\View\{closure}()
 4 SYSTEMPATH\Common.php(1134): CodeIgniter\View\View->render('kategori/viewbukuSaya', [], true)
 5 APPPATH\Controllers\CategoryController.php(258): view('kategori/viewbukuSaya', [...])
 6 SYSTEMPATH\CodeIgniter.php(927): App\Controllers\CategoryController->buku_saya()
 7 SYSTEMPATH\CodeIgniter.php(482): CodeIgniter\CodeIgniter->runController(Object(App\Controllers\CategoryController))
 8 SYSTEMPATH\CodeIgniter.php(351): CodeIgniter\CodeIgniter->handleRequest(null, Object(Config\Cache), false)
 9 FCPATH\index.php(67): CodeIgniter\CodeIgniter->run()
10 SYSTEMPATH\Commands\Server\rewrite.php(46): require_once('FCPATH\\index.php')
CRITICAL - 2022-12-27 01:49:12 --> Undefined array key "cover_buku"
in APPPATH\Views\kategori\viewbukuSaya.php on line 22.
 1 APPPATH\Views\kategori\viewbukuSaya.php(22): CodeIgniter\Debug\Exceptions->errorHandler(2, 'Undefined array key "cover_buku"', 'APPPATH\\Views\\kategori\\viewbukuSaya.php', 22)
 2 SYSTEMPATH\View\View.php(213): include('APPPATH\\Views\\kategori\\viewbukuSaya.php')
 3 SYSTEMPATH\View\View.php(216): CodeIgniter\View\View->CodeIgniter\View\{closure}()
 4 SYSTEMPATH\Common.php(1134): CodeIgniter\View\View->render('kategori/viewbukuSaya', [], true)
 5 APPPATH\Controllers\CategoryController.php(258): view('kategori/viewbukuSaya', [...])
 6 SYSTEMPATH\CodeIgniter.php(927): App\Controllers\CategoryController->buku_saya()
 7 SYSTEMPATH\CodeIgniter.php(482): CodeIgniter\CodeIgniter->runController(Object(App\Controllers\CategoryController))
 8 SYSTEMPATH\CodeIgniter.php(351): CodeIgniter\CodeIgniter->handleRequest(null, Object(Config\Cache), false)
 9 FCPATH\index.php(67): CodeIgniter\CodeIgniter->run()
10 SYSTEMPATH\Commands\Server\rewrite.php(46): require_once('FCPATH\\index.php')
CRITICAL - 2022-12-27 01:49:26 --> Trying to access array offset on value of type null
in APPPATH\Views\kategori\viewbukuSaya.php on line 22.
 1 APPPATH\Views\kategori\viewbukuSaya.php(22): CodeIgniter\Debug\Exceptions->errorHandler(2, 'Trying to access array offset on value of type null', 'APPPATH\\Views\\kategori\\viewbukuSaya.php', 22)
 2 SYSTEMPATH\View\View.php(213): include('APPPATH\\Views\\kategori\\viewbukuSaya.php')
 3 SYSTEMPATH\View\View.php(216): CodeIgniter\View\View->CodeIgniter\View\{closure}()
 4 SYSTEMPATH\Common.php(1134): CodeIgniter\View\View->render('kategori/viewbukuSaya', [], true)
 5 APPPATH\Controllers\CategoryController.php(258): view('kategori/viewbukuSaya', [...])
 6 SYSTEMPATH\CodeIgniter.php(927): App\Controllers\CategoryController->buku_saya()
 7 SYSTEMPATH\CodeIgniter.php(482): CodeIgniter\CodeIgniter->runController(Object(App\Controllers\CategoryController))
 8 SYSTEMPATH\CodeIgniter.php(351): CodeIgniter\CodeIgniter->handleRequest(null, Object(Config\Cache), false)
 9 FCPATH\index.php(67): CodeIgniter\CodeIgniter->run()
10 SYSTEMPATH\Commands\Server\rewrite.php(46): require_once('FCPATH\\index.php')
CRITICAL - 2022-12-27 01:49:35 --> Undefined array key "cover_buku"
in APPPATH\Views\kategori\viewbukuSaya.php on line 22.
 1 APPPATH\Views\kategori\viewbukuSaya.php(22): CodeIgniter\Debug\Exceptions->errorHandler(2, 'Undefined array key "cover_buku"', 'APPPATH\\Views\\kategori\\viewbukuSaya.php', 22)
 2 SYSTEMPATH\View\View.php(213): include('APPPATH\\Views\\kategori\\viewbukuSaya.php')
 3 SYSTEMPATH\View\View.php(216): CodeIgniter\View\View->CodeIgniter\View\{closure}()
 4 SYSTEMPATH\Common.php(1134): CodeIgniter\View\View->render('kategori/viewbukuSaya', [], true)
 5 APPPATH\Controllers\CategoryController.php(258): view('kategori/viewbukuSaya', [...])
 6 SYSTEMPATH\CodeIgniter.php(927): App\Controllers\CategoryController->buku_saya()
 7 SYSTEMPATH\CodeIgniter.php(482): CodeIgniter\CodeIgniter->runController(Object(App\Controllers\CategoryController))
 8 SYSTEMPATH\CodeIgniter.php(351): CodeIgniter\CodeIgniter->handleRequest(null, Object(Config\Cache), false)
 9 FCPATH\index.php(67): CodeIgniter\CodeIgniter->run()
10 SYSTEMPATH\Commands\Server\rewrite.php(46): require_once('FCPATH\\index.php')
CRITICAL - 2022-12-27 01:49:45 --> Trying to access array offset on value of type null
in APPPATH\Views\kategori\viewbukuSaya.php on line 22.
 1 APPPATH\Views\kategori\viewbukuSaya.php(22): CodeIgniter\Debug\Exceptions->errorHandler(2, 'Trying to access array offset on value of type null', 'APPPATH\\Views\\kategori\\viewbukuSaya.php', 22)
 2 SYSTEMPATH\View\View.php(213): include('APPPATH\\Views\\kategori\\viewbukuSaya.php')
 3 SYSTEMPATH\View\View.php(216): CodeIgniter\View\View->CodeIgniter\View\{closure}()
 4 SYSTEMPATH\Common.php(1134): CodeIgniter\View\View->render('kategori/viewbukuSaya', [], true)
 5 APPPATH\Controllers\CategoryController.php(258): view('kategori/viewbukuSaya', [...])
 6 SYSTEMPATH\CodeIgniter.php(927): App\Controllers\CategoryController->buku_saya()
 7 SYSTEMPATH\CodeIgniter.php(482): CodeIgniter\CodeIgniter->runController(Object(App\Controllers\CategoryController))
 8 SYSTEMPATH\CodeIgniter.php(351): CodeIgniter\CodeIgniter->handleRequest(null, Object(Config\Cache), false)
 9 FCPATH\index.php(67): CodeIgniter\CodeIgniter->run()
10 SYSTEMPATH\Commands\Server\rewrite.php(46): require_once('FCPATH\\index.php')
ERROR - 2022-12-27 01:51:37 --> mysqli_sql_exception: You have an error in your SQL syntax; check the manual that corresponds to your MariaDB server version for the right syntax to use near 'FROM hlmnbuku JOIN mybook ON hlmnbuku.id_buku = mybook.id_buku WHERE mybook.i...' at line 1 in D:\Haruman\ci4\system\Database\MySQLi\Connection.php:292
Stack trace:
#0 D:\Haruman\ci4\system\Database\MySQLi\Connection.php(292): mysqli->query('SELECT hlmnbuku...', 0)
#1 D:\Haruman\ci4\system\Database\BaseConnection.php(666): CodeIgniter\Database\MySQLi\Connection->execute('SELECT hlmnbuku...')
#2 D:\Haruman\ci4\system\Database\BaseConnection.php(593): CodeIgniter\Database\BaseConnection->simpleQuery('SELECT hlmnbuku...')
#3 D:\Haruman\ci4\app\Views\kategori\viewbukuSaya.php(16): CodeIgniter\Database\BaseConnection->query('SELECT hlmnbuku...')
#4 D:\Haruman\ci4\system\View\View.php(213): include('D:\\Haruman\\ci4\\...')
#5 D:\Haruman\ci4\system\View\View.php(216): CodeIgniter\View\View->CodeIgniter\View\{closure}()
#6 D:\Haruman\ci4\system\Common.php(1134): CodeIgniter\View\View->render('kategori/viewbu...', Array, true)
#7 D:\Haruman\ci4\app\Controllers\CategoryController.php(258): view('kategori/viewbu...', Array)
#8 D:\Haruman\ci4\system\CodeIgniter.php(927): App\Controllers\CategoryController->buku_saya()
#9 D:\Haruman\ci4\system\CodeIgniter.php(482): CodeIgniter\CodeIgniter->runController(Object(App\Controllers\CategoryController))
#10 D:\Haruman\ci4\system\CodeIgniter.php(351): CodeIgniter\CodeIgniter->handleRequest(NULL, Object(Config\Cache), false)
#11 D:\Haruman\ci4\public\index.php(67): CodeIgniter\CodeIgniter->run()
#12 D:\Haruman\ci4\system\Commands\Server\rewrite.php(46): require_once('D:\\Haruman\\ci4\\...')
#13 {main}
CRITICAL - 2022-12-27 01:51:37 --> Call to a member function getRowArray() on bool
in APPPATH\Views\kategori\viewbukuSaya.php on line 18.
 1 SYSTEMPATH\View\View.php(213): include()
 2 SYSTEMPATH\View\View.php(216): CodeIgniter\View\View->CodeIgniter\View\{closure}()
 3 SYSTEMPATH\Common.php(1134): CodeIgniter\View\View->render('kategori/viewbukuSaya', [], true)
 4 APPPATH\Controllers\CategoryController.php(258): view('kategori/viewbukuSaya', [...])
 5 SYSTEMPATH\CodeIgniter.php(927): App\Controllers\CategoryController->buku_saya()
 6 SYSTEMPATH\CodeIgniter.php(482): CodeIgniter\CodeIgniter->runController(Object(App\Controllers\CategoryController))
 7 SYSTEMPATH\CodeIgniter.php(351): CodeIgniter\CodeIgniter->handleRequest(null, Object(Config\Cache), false)
 8 FCPATH\index.php(67): CodeIgniter\CodeIgniter->run()
 9 SYSTEMPATH\Commands\Server\rewrite.php(46): require_once('FCPATH\\index.php')
ERROR - 2022-12-27 01:51:53 --> mysqli_sql_exception: You have an error in your SQL syntax; check the manual that corresponds to your MariaDB server version for the right syntax to use near 'FROM hlmnbuku JOIN mybook ON hlmnbuku.id_buku = mybook.id_buku WHERE mybook.i...' at line 1 in D:\Haruman\ci4\system\Database\MySQLi\Connection.php:292
Stack trace:
#0 D:\Haruman\ci4\system\Database\MySQLi\Connection.php(292): mysqli->query('SELECT hlmnbuku...', 0)
#1 D:\Haruman\ci4\system\Database\BaseConnection.php(666): CodeIgniter\Database\MySQLi\Connection->execute('SELECT hlmnbuku...')
#2 D:\Haruman\ci4\system\Database\BaseConnection.php(593): CodeIgniter\Database\BaseConnection->simpleQuery('SELECT hlmnbuku...')
#3 D:\Haruman\ci4\app\Views\kategori\viewbukuSaya.php(16): CodeIgniter\Database\BaseConnection->query('SELECT hlmnbuku...')
#4 D:\Haruman\ci4\system\View\View.php(213): include('D:\\Haruman\\ci4\\...')
#5 D:\Haruman\ci4\system\View\View.php(216): CodeIgniter\View\View->CodeIgniter\View\{closure}()
#6 D:\Haruman\ci4\system\Common.php(1134): CodeIgniter\View\View->render('kategori/viewbu...', Array, true)
#7 D:\Haruman\ci4\app\Controllers\CategoryController.php(258): view('kategori/viewbu...', Array)
#8 D:\Haruman\ci4\system\CodeIgniter.php(927): App\Controllers\CategoryController->buku_saya()
#9 D:\Haruman\ci4\system\CodeIgniter.php(482): CodeIgniter\CodeIgniter->runController(Object(App\Controllers\CategoryController))
#10 D:\Haruman\ci4\system\CodeIgniter.php(351): CodeIgniter\CodeIgniter->handleRequest(NULL, Object(Config\Cache), false)
#11 D:\Haruman\ci4\public\index.php(67): CodeIgniter\CodeIgniter->run()
#12 D:\Haruman\ci4\system\Commands\Server\rewrite.php(46): require_once('D:\\Haruman\\ci4\\...')
#13 {main}
CRITICAL - 2022-12-27 01:51:53 --> Call to a member function getResultArray() on bool
in APPPATH\Views\kategori\viewbukuSaya.php on line 18.
 1 SYSTEMPATH\View\View.php(213): include()
 2 SYSTEMPATH\View\View.php(216): CodeIgniter\View\View->CodeIgniter\View\{closure}()
 3 SYSTEMPATH\Common.php(1134): CodeIgniter\View\View->render('kategori/viewbukuSaya', [], true)
 4 APPPATH\Controllers\CategoryController.php(258): view('kategori/viewbukuSaya', [...])
 5 SYSTEMPATH\CodeIgniter.php(927): App\Controllers\CategoryController->buku_saya()
 6 SYSTEMPATH\CodeIgniter.php(482): CodeIgniter\CodeIgniter->runController(Object(App\Controllers\CategoryController))
 7 SYSTEMPATH\CodeIgniter.php(351): CodeIgniter\CodeIgniter->handleRequest(null, Object(Config\Cache), false)
 8 FCPATH\index.php(67): CodeIgniter\CodeIgniter->run()
 9 SYSTEMPATH\Commands\Server\rewrite.php(46): require_once('FCPATH\\index.php')
ERROR - 2022-12-27 01:52:30 --> mysqli_sql_exception: You have an error in your SQL syntax; check the manual that corresponds to your MariaDB server version for the right syntax to use near 'FROM hlmnbuku JOIN mybook ON hlmnbuku.id_buku = mybook.id_buku WHERE mybook.i...' at line 1 in D:\Haruman\ci4\system\Database\MySQLi\Connection.php:292
Stack trace:
#0 D:\Haruman\ci4\system\Database\MySQLi\Connection.php(292): mysqli->query('SELECT hlmnbuku...', 0)
#1 D:\Haruman\ci4\system\Database\BaseConnection.php(666): CodeIgniter\Database\MySQLi\Connection->execute('SELECT hlmnbuku...')
#2 D:\Haruman\ci4\system\Database\BaseConnection.php(593): CodeIgniter\Database\BaseConnection->simpleQuery('SELECT hlmnbuku...')
#3 D:\Haruman\ci4\app\Views\kategori\viewbukuSaya.php(16): CodeIgniter\Database\BaseConnection->query('SELECT hlmnbuku...')
#4 D:\Haruman\ci4\system\View\View.php(213): include('D:\\Haruman\\ci4\\...')
#5 D:\Haruman\ci4\system\View\View.php(216): CodeIgniter\View\View->CodeIgniter\View\{closure}()
#6 D:\Haruman\ci4\system\Common.php(1134): CodeIgniter\View\View->render('kategori/viewbu...', Array, true)
#7 D:\Haruman\ci4\app\Controllers\CategoryController.php(258): view('kategori/viewbu...', Array)
#8 D:\Haruman\ci4\system\CodeIgniter.php(927): App\Controllers\CategoryController->buku_saya()
#9 D:\Haruman\ci4\system\CodeIgniter.php(482): CodeIgniter\CodeIgniter->runController(Object(App\Controllers\CategoryController))
#10 D:\Haruman\ci4\system\CodeIgniter.php(351): CodeIgniter\CodeIgniter->handleRequest(NULL, Object(Config\Cache), false)
#11 D:\Haruman\ci4\public\index.php(67): CodeIgniter\CodeIgniter->run()
#12 D:\Haruman\ci4\system\Commands\Server\rewrite.php(46): require_once('D:\\Haruman\\ci4\\...')
#13 {main}
CRITICAL - 2022-12-27 01:52:30 --> Call to a member function get() on bool
in APPPATH\Views\kategori\viewbukuSaya.php on line 18.
 1 SYSTEMPATH\View\View.php(213): include()
 2 SYSTEMPATH\View\View.php(216): CodeIgniter\View\View->CodeIgniter\View\{closure}()
 3 SYSTEMPATH\Common.php(1134): CodeIgniter\View\View->render('kategori/viewbukuSaya', [], true)
 4 APPPATH\Controllers\CategoryController.php(258): view('kategori/viewbukuSaya', [...])
 5 SYSTEMPATH\CodeIgniter.php(927): App\Controllers\CategoryController->buku_saya()
 6 SYSTEMPATH\CodeIgniter.php(482): CodeIgniter\CodeIgniter->runController(Object(App\Controllers\CategoryController))
 7 SYSTEMPATH\CodeIgniter.php(351): CodeIgniter\CodeIgniter->handleRequest(null, Object(Config\Cache), false)
 8 FCPATH\index.php(67): CodeIgniter\CodeIgniter->run()
 9 SYSTEMPATH\Commands\Server\rewrite.php(46): require_once('FCPATH\\index.php')
ERROR - 2022-12-27 01:56:15 --> mysqli_sql_exception: You have an error in your SQL syntax; check the manual that corresponds to your MariaDB server version for the right syntax to use near 'FROM hlmnbuku JOIN mybook ON hlmnbuku.id_buku = mybook.id_buku WHERE mybook.i...' at line 1 in D:\Haruman\ci4\system\Database\MySQLi\Connection.php:292
Stack trace:
#0 D:\Haruman\ci4\system\Database\MySQLi\Connection.php(292): mysqli->query('SELECT hlmnbuku...', 0)
#1 D:\Haruman\ci4\system\Database\BaseConnection.php(666): CodeIgniter\Database\MySQLi\Connection->execute('SELECT hlmnbuku...')
#2 D:\Haruman\ci4\system\Database\BaseConnection.php(593): CodeIgniter\Database\BaseConnection->simpleQuery('SELECT hlmnbuku...')
#3 D:\Haruman\ci4\app\Views\kategori\viewbukuSaya.php(16): CodeIgniter\Database\BaseConnection->query('SELECT hlmnbuku...')
#4 D:\Haruman\ci4\system\View\View.php(213): include('D:\\Haruman\\ci4\\...')
#5 D:\Haruman\ci4\system\View\View.php(216): CodeIgniter\View\View->CodeIgniter\View\{closure}()
#6 D:\Haruman\ci4\system\Common.php(1134): CodeIgniter\View\View->render('kategori/viewbu...', Array, true)
#7 D:\Haruman\ci4\app\Controllers\CategoryController.php(258): view('kategori/viewbu...', Array)
#8 D:\Haruman\ci4\system\CodeIgniter.php(927): App\Controllers\CategoryController->buku_saya()
#9 D:\Haruman\ci4\system\CodeIgniter.php(482): CodeIgniter\CodeIgniter->runController(Object(App\Controllers\CategoryController))
#10 D:\Haruman\ci4\system\CodeIgniter.php(351): CodeIgniter\CodeIgniter->handleRequest(NULL, Object(Config\Cache), false)
#11 D:\Haruman\ci4\public\index.php(67): CodeIgniter\CodeIgniter->run()
#12 D:\Haruman\ci4\system\Commands\Server\rewrite.php(46): require_once('D:\\Haruman\\ci4\\...')
#13 {main}
CRITICAL - 2022-12-27 01:56:15 --> Call to a member function getResult() on bool
in APPPATH\Views\kategori\viewbukuSaya.php on line 17.
 1 SYSTEMPATH\View\View.php(213): include()
 2 SYSTEMPATH\View\View.php(216): CodeIgniter\View\View->CodeIgniter\View\{closure}()
 3 SYSTEMPATH\Common.php(1134): CodeIgniter\View\View->render('kategori/viewbukuSaya', [], true)
 4 APPPATH\Controllers\CategoryController.php(258): view('kategori/viewbukuSaya', [...])
 5 SYSTEMPATH\CodeIgniter.php(927): App\Controllers\CategoryController->buku_saya()
 6 SYSTEMPATH\CodeIgniter.php(482): CodeIgniter\CodeIgniter->runController(Object(App\Controllers\CategoryController))
 7 SYSTEMPATH\CodeIgniter.php(351): CodeIgniter\CodeIgniter->handleRequest(null, Object(Config\Cache), false)
 8 FCPATH\index.php(67): CodeIgniter\CodeIgniter->run()
 9 SYSTEMPATH\Commands\Server\rewrite.php(46): require_once('FCPATH\\index.php')
ERROR - 2022-12-27 01:58:07 --> mysqli_sql_exception: You have an error in your SQL syntax; check the manual that corresponds to your MariaDB server version for the right syntax to use near 'FROM hlmnbuku JOIN mybook ON hlmnbuku.id_buku = mybook.id_buku WHERE mybook.i...' at line 1 in D:\Haruman\ci4\system\Database\MySQLi\Connection.php:292
Stack trace:
#0 D:\Haruman\ci4\system\Database\MySQLi\Connection.php(292): mysqli->query('SELECT hlmnbuku...', 0)
#1 D:\Haruman\ci4\system\Database\BaseConnection.php(666): CodeIgniter\Database\MySQLi\Connection->execute('SELECT hlmnbuku...')
#2 D:\Haruman\ci4\system\Database\BaseConnection.php(593): CodeIgniter\Database\BaseConnection->simpleQuery('SELECT hlmnbuku...')
#3 D:\Haruman\ci4\app\Views\kategori\viewbukuSaya.php(16): CodeIgniter\Database\BaseConnection->query('SELECT hlmnbuku...')
#4 D:\Haruman\ci4\system\View\View.php(213): include('D:\\Haruman\\ci4\\...')
#5 D:\Haruman\ci4\system\View\View.php(216): CodeIgniter\View\View->CodeIgniter\View\{closure}()
#6 D:\Haruman\ci4\system\Common.php(1134): CodeIgniter\View\View->render('kategori/viewbu...', Array, true)
#7 D:\Haruman\ci4\app\Controllers\CategoryController.php(258): view('kategori/viewbu...', Array)
#8 D:\Haruman\ci4\system\CodeIgniter.php(927): App\Controllers\CategoryController->buku_saya()
#9 D:\Haruman\ci4\system\CodeIgniter.php(482): CodeIgniter\CodeIgniter->runController(Object(App\Controllers\CategoryController))
#10 D:\Haruman\ci4\system\CodeIgniter.php(351): CodeIgniter\CodeIgniter->handleRequest(NULL, Object(Config\Cache), false)
#11 D:\Haruman\ci4\public\index.php(67): CodeIgniter\CodeIgniter->run()
#12 D:\Haruman\ci4\system\Commands\Server\rewrite.php(46): require_once('D:\\Haruman\\ci4\\...')
#13 {main}
CRITICAL - 2022-12-27 01:58:07 --> Call to a member function getResult() on bool
in APPPATH\Views\kategori\viewbukuSaya.php on line 17.
 1 SYSTEMPATH\View\View.php(213): include()
 2 SYSTEMPATH\View\View.php(216): CodeIgniter\View\View->CodeIgniter\View\{closure}()
 3 SYSTEMPATH\Common.php(1134): CodeIgniter\View\View->render('kategori/viewbukuSaya', [], true)
 4 APPPATH\Controllers\CategoryController.php(258): view('kategori/viewbukuSaya', [...])
 5 SYSTEMPATH\CodeIgniter.php(927): App\Controllers\CategoryController->buku_saya()
 6 SYSTEMPATH\CodeIgniter.php(482): CodeIgniter\CodeIgniter->runController(Object(App\Controllers\CategoryController))
 7 SYSTEMPATH\CodeIgniter.php(351): CodeIgniter\CodeIgniter->handleRequest(null, Object(Config\Cache), false)
 8 FCPATH\index.php(67): CodeIgniter\CodeIgniter->run()
 9 SYSTEMPATH\Commands\Server\rewrite.php(46): require_once('FCPATH\\index.php')
ERROR - 2022-12-27 01:58:29 --> mysqli_sql_exception: You have an error in your SQL syntax; check the manual that corresponds to your MariaDB server version for the right syntax to use near 'FROM hlmnbuku JOIN mybook ON hlmnbuku.id_buku = mybook.id_buku WHERE mybook.i...' at line 1 in D:\Haruman\ci4\system\Database\MySQLi\Connection.php:292
Stack trace:
#0 D:\Haruman\ci4\system\Database\MySQLi\Connection.php(292): mysqli->query('SELECT hlmnbuku...', 0)
#1 D:\Haruman\ci4\system\Database\BaseConnection.php(666): CodeIgniter\Database\MySQLi\Connection->execute('SELECT hlmnbuku...')
#2 D:\Haruman\ci4\system\Database\BaseConnection.php(593): CodeIgniter\Database\BaseConnection->simpleQuery('SELECT hlmnbuku...')
#3 D:\Haruman\ci4\app\Views\kategori\viewbukuSaya.php(16): CodeIgniter\Database\BaseConnection->query('SELECT hlmnbuku...')
#4 D:\Haruman\ci4\system\View\View.php(213): include('D:\\Haruman\\ci4\\...')
#5 D:\Haruman\ci4\system\View\View.php(216): CodeIgniter\View\View->CodeIgniter\View\{closure}()
#6 D:\Haruman\ci4\system\Common.php(1134): CodeIgniter\View\View->render('kategori/viewbu...', Array, true)
#7 D:\Haruman\ci4\app\Controllers\CategoryController.php(258): view('kategori/viewbu...', Array)
#8 D:\Haruman\ci4\system\CodeIgniter.php(927): App\Controllers\CategoryController->buku_saya()
#9 D:\Haruman\ci4\system\CodeIgniter.php(482): CodeIgniter\CodeIgniter->runController(Object(App\Controllers\CategoryController))
#10 D:\Haruman\ci4\system\CodeIgniter.php(351): CodeIgniter\CodeIgniter->handleRequest(NULL, Object(Config\Cache), false)
#11 D:\Haruman\ci4\public\index.php(67): CodeIgniter\CodeIgniter->run()
#12 D:\Haruman\ci4\system\Commands\Server\rewrite.php(46): require_once('D:\\Haruman\\ci4\\...')
#13 {main}
CRITICAL - 2022-12-27 01:58:29 --> Call to a member function getResult() on bool
in APPPATH\Views\kategori\viewbukuSaya.php on line 17.
 1 SYSTEMPATH\View\View.php(213): include()
 2 SYSTEMPATH\View\View.php(216): CodeIgniter\View\View->CodeIgniter\View\{closure}()
 3 SYSTEMPATH\Common.php(1134): CodeIgniter\View\View->render('kategori/viewbukuSaya', [], true)
 4 APPPATH\Controllers\CategoryController.php(258): view('kategori/viewbukuSaya', [...])
 5 SYSTEMPATH\CodeIgniter.php(927): App\Controllers\CategoryController->buku_saya()
 6 SYSTEMPATH\CodeIgniter.php(482): CodeIgniter\CodeIgniter->runController(Object(App\Controllers\CategoryController))
 7 SYSTEMPATH\CodeIgniter.php(351): CodeIgniter\CodeIgniter->handleRequest(null, Object(Config\Cache), false)
 8 FCPATH\index.php(67): CodeIgniter\CodeIgniter->run()
 9 SYSTEMPATH\Commands\Server\rewrite.php(46): require_once('FCPATH\\index.php')
CRITICAL - 2022-12-27 02:01:46 --> Trying to access array offset on value of type null
in APPPATH\Views\kategori\viewbukuSaya.php on line 22.
 1 APPPATH\Views\kategori\viewbukuSaya.php(22): CodeIgniter\Debug\Exceptions->errorHandler(2, 'Trying to access array offset on value of type null', 'APPPATH\\Views\\kategori\\viewbukuSaya.php', 22)
 2 SYSTEMPATH\View\View.php(213): include('APPPATH\\Views\\kategori\\viewbukuSaya.php')
 3 SYSTEMPATH\View\View.php(216): CodeIgniter\View\View->CodeIgniter\View\{closure}()
 4 SYSTEMPATH\Common.php(1134): CodeIgniter\View\View->render('kategori/viewbukuSaya', [], true)
 5 APPPATH\Controllers\CategoryController.php(258): view('kategori/viewbukuSaya', [...])
 6 SYSTEMPATH\CodeIgniter.php(927): App\Controllers\CategoryController->buku_saya()
 7 SYSTEMPATH\CodeIgniter.php(482): CodeIgniter\CodeIgniter->runController(Object(App\Controllers\CategoryController))
 8 SYSTEMPATH\CodeIgniter.php(351): CodeIgniter\CodeIgniter->handleRequest(null, Object(Config\Cache), false)
 9 FCPATH\index.php(67): CodeIgniter\CodeIgniter->run()
10 SYSTEMPATH\Commands\Server\rewrite.php(46): require_once('FCPATH\\index.php')
CRITICAL - 2022-12-27 02:02:15 --> Trying to access array offset on value of type null
in APPPATH\Views\kategori\viewbukuSaya.php on line 22.
 1 APPPATH\Views\kategori\viewbukuSaya.php(22): CodeIgniter\Debug\Exceptions->errorHandler(2, 'Trying to access array offset on value of type null', 'APPPATH\\Views\\kategori\\viewbukuSaya.php', 22)
 2 SYSTEMPATH\View\View.php(213): include('APPPATH\\Views\\kategori\\viewbukuSaya.php')
 3 SYSTEMPATH\View\View.php(216): CodeIgniter\View\View->CodeIgniter\View\{closure}()
 4 SYSTEMPATH\Common.php(1134): CodeIgniter\View\View->render('kategori/viewbukuSaya', [], true)
 5 APPPATH\Controllers\CategoryController.php(258): view('kategori/viewbukuSaya', [...])
 6 SYSTEMPATH\CodeIgniter.php(927): App\Controllers\CategoryController->buku_saya()
 7 SYSTEMPATH\CodeIgniter.php(482): CodeIgniter\CodeIgniter->runController(Object(App\Controllers\CategoryController))
 8 SYSTEMPATH\CodeIgniter.php(351): CodeIgniter\CodeIgniter->handleRequest(null, Object(Config\Cache), false)
 9 FCPATH\index.php(67): CodeIgniter\CodeIgniter->run()
10 SYSTEMPATH\Commands\Server\rewrite.php(46): require_once('FCPATH\\index.php')
CRITICAL - 2022-12-27 02:02:35 --> Trying to access array offset on value of type null
in APPPATH\Views\kategori\viewbukuSaya.php on line 22.
 1 APPPATH\Views\kategori\viewbukuSaya.php(22): CodeIgniter\Debug\Exceptions->errorHandler(2, 'Trying to access array offset on value of type null', 'APPPATH\\Views\\kategori\\viewbukuSaya.php', 22)
 2 SYSTEMPATH\View\View.php(213): include('APPPATH\\Views\\kategori\\viewbukuSaya.php')
 3 SYSTEMPATH\View\View.php(216): CodeIgniter\View\View->CodeIgniter\View\{closure}()
 4 SYSTEMPATH\Common.php(1134): CodeIgniter\View\View->render('kategori/viewbukuSaya', [], true)
 5 APPPATH\Controllers\CategoryController.php(258): view('kategori/viewbukuSaya', [...])
 6 SYSTEMPATH\CodeIgniter.php(927): App\Controllers\CategoryController->buku_saya()
 7 SYSTEMPATH\CodeIgniter.php(482): CodeIgniter\CodeIgniter->runController(Object(App\Controllers\CategoryController))
 8 SYSTEMPATH\CodeIgniter.php(351): CodeIgniter\CodeIgniter->handleRequest(null, Object(Config\Cache), false)
 9 FCPATH\index.php(67): CodeIgniter\CodeIgniter->run()
10 SYSTEMPATH\Commands\Server\rewrite.php(46): require_once('FCPATH\\index.php')
CRITICAL - 2022-12-27 02:02:54 --> Undefined array key "cover_buku"
in APPPATH\Views\kategori\viewbukuSaya.php on line 22.
 1 APPPATH\Views\kategori\viewbukuSaya.php(22): CodeIgniter\Debug\Exceptions->errorHandler(2, 'Undefined array key "cover_buku"', 'APPPATH\\Views\\kategori\\viewbukuSaya.php', 22)
 2 SYSTEMPATH\View\View.php(213): include('APPPATH\\Views\\kategori\\viewbukuSaya.php')
 3 SYSTEMPATH\View\View.php(216): CodeIgniter\View\View->CodeIgniter\View\{closure}()
 4 SYSTEMPATH\Common.php(1134): CodeIgniter\View\View->render('kategori/viewbukuSaya', [], true)
 5 APPPATH\Controllers\CategoryController.php(258): view('kategori/viewbukuSaya', [...])
 6 SYSTEMPATH\CodeIgniter.php(927): App\Controllers\CategoryController->buku_saya()
 7 SYSTEMPATH\CodeIgniter.php(482): CodeIgniter\CodeIgniter->runController(Object(App\Controllers\CategoryController))
 8 SYSTEMPATH\CodeIgniter.php(351): CodeIgniter\CodeIgniter->handleRequest(null, Object(Config\Cache), false)
 9 FCPATH\index.php(67): CodeIgniter\CodeIgniter->run()
10 SYSTEMPATH\Commands\Server\rewrite.php(46): require_once('FCPATH\\index.php')
CRITICAL - 2022-12-27 02:03:29 --> Undefined array key "cover_buku"
in APPPATH\Views\kategori\viewbukuSaya.php on line 22.
 1 APPPATH\Views\kategori\viewbukuSaya.php(22): CodeIgniter\Debug\Exceptions->errorHandler(2, 'Undefined array key "cover_buku"', 'APPPATH\\Views\\kategori\\viewbukuSaya.php', 22)
 2 SYSTEMPATH\View\View.php(213): include('APPPATH\\Views\\kategori\\viewbukuSaya.php')
 3 SYSTEMPATH\View\View.php(216): CodeIgniter\View\View->CodeIgniter\View\{closure}()
 4 SYSTEMPATH\Common.php(1134): CodeIgniter\View\View->render('kategori/viewbukuSaya', [], true)
 5 APPPATH\Controllers\CategoryController.php(258): view('kategori/viewbukuSaya', [...])
 6 SYSTEMPATH\CodeIgniter.php(927): App\Controllers\CategoryController->buku_saya()
 7 SYSTEMPATH\CodeIgniter.php(482): CodeIgniter\CodeIgniter->runController(Object(App\Controllers\CategoryController))
 8 SYSTEMPATH\CodeIgniter.php(351): CodeIgniter\CodeIgniter->handleRequest(null, Object(Config\Cache), false)
 9 FCPATH\index.php(67): CodeIgniter\CodeIgniter->run()
10 SYSTEMPATH\Commands\Server\rewrite.php(46): require_once('FCPATH\\index.php')
ERROR - 2022-12-27 02:04:07 --> mysqli_sql_exception: Unknown column 'hlmnnbuku.judulbuku' in 'field list' in D:\Haruman\ci4\system\Database\MySQLi\Connection.php:292
Stack trace:
#0 D:\Haruman\ci4\system\Database\MySQLi\Connection.php(292): mysqli->query('SELECT *,hlmnnb...', 0)
#1 D:\Haruman\ci4\system\Database\BaseConnection.php(666): CodeIgniter\Database\MySQLi\Connection->execute('SELECT *,hlmnnb...')
#2 D:\Haruman\ci4\system\Database\BaseConnection.php(593): CodeIgniter\Database\BaseConnection->simpleQuery('SELECT *,hlmnnb...')
#3 D:\Haruman\ci4\app\Views\kategori\viewbukuSaya.php(16): CodeIgniter\Database\BaseConnection->query('SELECT *,hlmnnb...')
#4 D:\Haruman\ci4\system\View\View.php(213): include('D:\\Haruman\\ci4\\...')
#5 D:\Haruman\ci4\system\View\View.php(216): CodeIgniter\View\View->CodeIgniter\View\{closure}()
#6 D:\Haruman\ci4\system\Common.php(1134): CodeIgniter\View\View->render('kategori/viewbu...', Array, true)
#7 D:\Haruman\ci4\app\Controllers\CategoryController.php(258): view('kategori/viewbu...', Array)
#8 D:\Haruman\ci4\system\CodeIgniter.php(927): App\Controllers\CategoryController->buku_saya()
#9 D:\Haruman\ci4\system\CodeIgniter.php(482): CodeIgniter\CodeIgniter->runController(Object(App\Controllers\CategoryController))
#10 D:\Haruman\ci4\system\CodeIgniter.php(351): CodeIgniter\CodeIgniter->handleRequest(NULL, Object(Config\Cache), false)
#11 D:\Haruman\ci4\public\index.php(67): CodeIgniter\CodeIgniter->run()
#12 D:\Haruman\ci4\system\Commands\Server\rewrite.php(46): require_once('D:\\Haruman\\ci4\\...')
#13 {main}
CRITICAL - 2022-12-27 02:04:07 --> Call to a member function getResultArray() on bool
in APPPATH\Views\kategori\viewbukuSaya.php on line 18.
 1 SYSTEMPATH\View\View.php(213): include()
 2 SYSTEMPATH\View\View.php(216): CodeIgniter\View\View->CodeIgniter\View\{closure}()
 3 SYSTEMPATH\Common.php(1134): CodeIgniter\View\View->render('kategori/viewbukuSaya', [], true)
 4 APPPATH\Controllers\CategoryController.php(258): view('kategori/viewbukuSaya', [...])
 5 SYSTEMPATH\CodeIgniter.php(927): App\Controllers\CategoryController->buku_saya()
 6 SYSTEMPATH\CodeIgniter.php(482): CodeIgniter\CodeIgniter->runController(Object(App\Controllers\CategoryController))
 7 SYSTEMPATH\CodeIgniter.php(351): CodeIgniter\CodeIgniter->handleRequest(null, Object(Config\Cache), false)
 8 FCPATH\index.php(67): CodeIgniter\CodeIgniter->run()
 9 SYSTEMPATH\Commands\Server\rewrite.php(46): require_once('FCPATH\\index.php')
ERROR - 2022-12-27 02:04:24 --> mysqli_sql_exception: Unknown column 'hlmnnbuku.judulbuku' in 'field list' in D:\Haruman\ci4\system\Database\MySQLi\Connection.php:292
Stack trace:
#0 D:\Haruman\ci4\system\Database\MySQLi\Connection.php(292): mysqli->query('SELECT * , hlmn...', 0)
#1 D:\Haruman\ci4\system\Database\BaseConnection.php(666): CodeIgniter\Database\MySQLi\Connection->execute('SELECT * , hlmn...')
#2 D:\Haruman\ci4\system\Database\BaseConnection.php(593): CodeIgniter\Database\BaseConnection->simpleQuery('SELECT * , hlmn...')
#3 D:\Haruman\ci4\app\Views\kategori\viewbukuSaya.php(16): CodeIgniter\Database\BaseConnection->query('SELECT * , hlmn...')
#4 D:\Haruman\ci4\system\View\View.php(213): include('D:\\Haruman\\ci4\\...')
#5 D:\Haruman\ci4\system\View\View.php(216): CodeIgniter\View\View->CodeIgniter\View\{closure}()
#6 D:\Haruman\ci4\system\Common.php(1134): CodeIgniter\View\View->render('kategori/viewbu...', Array, true)
#7 D:\Haruman\ci4\app\Controllers\CategoryController.php(258): view('kategori/viewbu...', Array)
#8 D:\Haruman\ci4\system\CodeIgniter.php(927): App\Controllers\CategoryController->buku_saya()
#9 D:\Haruman\ci4\system\CodeIgniter.php(482): CodeIgniter\CodeIgniter->runController(Object(App\Controllers\CategoryController))
#10 D:\Haruman\ci4\system\CodeIgniter.php(351): CodeIgniter\CodeIgniter->handleRequest(NULL, Object(Config\Cache), false)
#11 D:\Haruman\ci4\public\index.php(67): CodeIgniter\CodeIgniter->run()
#12 D:\Haruman\ci4\system\Commands\Server\rewrite.php(46): require_once('D:\\Haruman\\ci4\\...')
#13 {main}
CRITICAL - 2022-12-27 02:04:24 --> Call to a member function getResultArray() on bool
in APPPATH\Views\kategori\viewbukuSaya.php on line 18.
 1 SYSTEMPATH\View\View.php(213): include()
 2 SYSTEMPATH\View\View.php(216): CodeIgniter\View\View->CodeIgniter\View\{closure}()
 3 SYSTEMPATH\Common.php(1134): CodeIgniter\View\View->render('kategori/viewbukuSaya', [], true)
 4 APPPATH\Controllers\CategoryController.php(258): view('kategori/viewbukuSaya', [...])
 5 SYSTEMPATH\CodeIgniter.php(927): App\Controllers\CategoryController->buku_saya()
 6 SYSTEMPATH\CodeIgniter.php(482): CodeIgniter\CodeIgniter->runController(Object(App\Controllers\CategoryController))
 7 SYSTEMPATH\CodeIgniter.php(351): CodeIgniter\CodeIgniter->handleRequest(null, Object(Config\Cache), false)
 8 FCPATH\index.php(67): CodeIgniter\CodeIgniter->run()
 9 SYSTEMPATH\Commands\Server\rewrite.php(46): require_once('FCPATH\\index.php')
CRITICAL - 2022-12-27 02:04:39 --> Undefined array key "cover_buku"
in APPPATH\Views\kategori\viewbukuSaya.php on line 22.
 1 APPPATH\Views\kategori\viewbukuSaya.php(22): CodeIgniter\Debug\Exceptions->errorHandler(2, 'Undefined array key "cover_buku"', 'APPPATH\\Views\\kategori\\viewbukuSaya.php', 22)
 2 SYSTEMPATH\View\View.php(213): include('APPPATH\\Views\\kategori\\viewbukuSaya.php')
 3 SYSTEMPATH\View\View.php(216): CodeIgniter\View\View->CodeIgniter\View\{closure}()
 4 SYSTEMPATH\Common.php(1134): CodeIgniter\View\View->render('kategori/viewbukuSaya', [], true)
 5 APPPATH\Controllers\CategoryController.php(258): view('kategori/viewbukuSaya', [...])
 6 SYSTEMPATH\CodeIgniter.php(927): App\Controllers\CategoryController->buku_saya()
 7 SYSTEMPATH\CodeIgniter.php(482): CodeIgniter\CodeIgniter->runController(Object(App\Controllers\CategoryController))
 8 SYSTEMPATH\CodeIgniter.php(351): CodeIgniter\CodeIgniter->handleRequest(null, Object(Config\Cache), false)
 9 FCPATH\index.php(67): CodeIgniter\CodeIgniter->run()
10 SYSTEMPATH\Commands\Server\rewrite.php(46): require_once('FCPATH\\index.php')
CRITICAL - 2022-12-27 02:04:55 --> Undefined array key "cover_buku"
in APPPATH\Views\kategori\viewbukuSaya.php on line 22.
 1 APPPATH\Views\kategori\viewbukuSaya.php(22): CodeIgniter\Debug\Exceptions->errorHandler(2, 'Undefined array key "cover_buku"', 'APPPATH\\Views\\kategori\\viewbukuSaya.php', 22)
 2 SYSTEMPATH\View\View.php(213): include('APPPATH\\Views\\kategori\\viewbukuSaya.php')
 3 SYSTEMPATH\View\View.php(216): CodeIgniter\View\View->CodeIgniter\View\{closure}()
 4 SYSTEMPATH\Common.php(1134): CodeIgniter\View\View->render('kategori/viewbukuSaya', [], true)
 5 APPPATH\Controllers\CategoryController.php(258): view('kategori/viewbukuSaya', [...])
 6 SYSTEMPATH\CodeIgniter.php(927): App\Controllers\CategoryController->buku_saya()
 7 SYSTEMPATH\CodeIgniter.php(482): CodeIgniter\CodeIgniter->runController(Object(App\Controllers\CategoryController))
 8 SYSTEMPATH\CodeIgniter.php(351): CodeIgniter\CodeIgniter->handleRequest(null, Object(Config\Cache), false)
 9 FCPATH\index.php(67): CodeIgniter\CodeIgniter->run()
10 SYSTEMPATH\Commands\Server\rewrite.php(46): require_once('FCPATH\\index.php')
CRITICAL - 2022-12-27 02:05:35 --> Attempt to read property "cover_buku" on array
in APPPATH\Views\kategori\viewbukuSaya.php on line 22.
 1 APPPATH\Views\kategori\viewbukuSaya.php(22): CodeIgniter\Debug\Exceptions->errorHandler(2, 'Attempt to read property "cover_buku" on array', 'APPPATH\\Views\\kategori\\viewbukuSaya.php', 22)
 2 SYSTEMPATH\View\View.php(213): include('APPPATH\\Views\\kategori\\viewbukuSaya.php')
 3 SYSTEMPATH\View\View.php(216): CodeIgniter\View\View->CodeIgniter\View\{closure}()
 4 SYSTEMPATH\Common.php(1134): CodeIgniter\View\View->render('kategori/viewbukuSaya', [], true)
 5 APPPATH\Controllers\CategoryController.php(258): view('kategori/viewbukuSaya', [...])
 6 SYSTEMPATH\CodeIgniter.php(927): App\Controllers\CategoryController->buku_saya()
 7 SYSTEMPATH\CodeIgniter.php(482): CodeIgniter\CodeIgniter->runController(Object(App\Controllers\CategoryController))
 8 SYSTEMPATH\CodeIgniter.php(351): CodeIgniter\CodeIgniter->handleRequest(null, Object(Config\Cache), false)
 9 FCPATH\index.php(67): CodeIgniter\CodeIgniter->run()
10 SYSTEMPATH\Commands\Server\rewrite.php(46): require_once('FCPATH\\index.php')
CRITICAL - 2022-12-27 02:06:05 --> Undefined array key "cover_buku"
in APPPATH\Views\kategori\viewbukuSaya.php on line 22.
 1 APPPATH\Views\kategori\viewbukuSaya.php(22): CodeIgniter\Debug\Exceptions->errorHandler(2, 'Undefined array key "cover_buku"', 'APPPATH\\Views\\kategori\\viewbukuSaya.php', 22)
 2 SYSTEMPATH\View\View.php(213): include('APPPATH\\Views\\kategori\\viewbukuSaya.php')
 3 SYSTEMPATH\View\View.php(216): CodeIgniter\View\View->CodeIgniter\View\{closure}()
 4 SYSTEMPATH\Common.php(1134): CodeIgniter\View\View->render('kategori/viewbukuSaya', [], true)
 5 APPPATH\Controllers\CategoryController.php(258): view('kategori/viewbukuSaya', [...])
 6 SYSTEMPATH\CodeIgniter.php(927): App\Controllers\CategoryController->buku_saya()
 7 SYSTEMPATH\CodeIgniter.php(482): CodeIgniter\CodeIgniter->runController(Object(App\Controllers\CategoryController))
 8 SYSTEMPATH\CodeIgniter.php(351): CodeIgniter\CodeIgniter->handleRequest(null, Object(Config\Cache), false)
 9 FCPATH\index.php(67): CodeIgniter\CodeIgniter->run()
10 SYSTEMPATH\Commands\Server\rewrite.php(46): require_once('FCPATH\\index.php')
CRITICAL - 2022-12-27 02:07:13 --> Undefined array key "id_buku"
in APPPATH\Views\kategori\viewbukuSaya.php on line 61.
 1 APPPATH\Views\kategori\viewbukuSaya.php(61): CodeIgniter\Debug\Exceptions->errorHandler(2, 'Undefined array key "id_buku"', 'APPPATH\\Views\\kategori\\viewbukuSaya.php', 61)
 2 SYSTEMPATH\View\View.php(213): include('APPPATH\\Views\\kategori\\viewbukuSaya.php')
 3 SYSTEMPATH\View\View.php(216): CodeIgniter\View\View->CodeIgniter\View\{closure}()
 4 SYSTEMPATH\Common.php(1134): CodeIgniter\View\View->render('kategori/viewbukuSaya', [], true)
 5 APPPATH\Controllers\CategoryController.php(258): view('kategori/viewbukuSaya', [...])
 6 SYSTEMPATH\CodeIgniter.php(927): App\Controllers\CategoryController->buku_saya()
 7 SYSTEMPATH\CodeIgniter.php(482): CodeIgniter\CodeIgniter->runController(Object(App\Controllers\CategoryController))
 8 SYSTEMPATH\CodeIgniter.php(351): CodeIgniter\CodeIgniter->handleRequest(null, Object(Config\Cache), false)
 9 FCPATH\index.php(67): CodeIgniter\CodeIgniter->run()
10 SYSTEMPATH\Commands\Server\rewrite.php(46): require_once('FCPATH\\index.php')
ERROR - 2022-12-27 02:09:46 --> Error connecting to the database: mysqli_sql_exception: A connection attempt failed because the connected party did not properly respond after a period of time, or established connection failed because connected host has failed to respond in D:\Haruman\ci4\system\Database\MySQLi\Connection.php:171
Stack trace:
#0 D:\Haruman\ci4\system\Database\MySQLi\Connection.php(171): mysqli->real_connect('103.134.152.6', 'stylecod_haruma...', 'haruman1234', 'stylecod_12', 3306, '', 0)
#1 D:\Haruman\ci4\system\Database\BaseConnection.php(382): CodeIgniter\Database\MySQLi\Connection->connect(false)
#2 D:\Haruman\ci4\system\Database\BaseConnection.php(561): CodeIgniter\Database\BaseConnection->initialize()
#3 D:\Haruman\ci4\app\Views\kategori\viewbukuSaya.php(16): CodeIgniter\Database\BaseConnection->query('SELECT *  FROM ...')
#4 D:\Haruman\ci4\system\View\View.php(213): include('D:\\Haruman\\ci4\\...')
#5 D:\Haruman\ci4\system\View\View.php(216): CodeIgniter\View\View->CodeIgniter\View\{closure}()
#6 D:\Haruman\ci4\system\Common.php(1134): CodeIgniter\View\View->render('kategori/viewbu...', Array, true)
#7 D:\Haruman\ci4\app\Controllers\CategoryController.php(258): view('kategori/viewbu...', Array)
#8 D:\Haruman\ci4\system\CodeIgniter.php(927): App\Controllers\CategoryController->buku_saya()
#9 D:\Haruman\ci4\system\CodeIgniter.php(482): CodeIgniter\CodeIgniter->runController(Object(App\Controllers\CategoryController))
#10 D:\Haruman\ci4\system\CodeIgniter.php(351): CodeIgniter\CodeIgniter->handleRequest(NULL, Object(Config\Cache), false)
#11 D:\Haruman\ci4\public\index.php(67): CodeIgniter\CodeIgniter->run()
#12 D:\Haruman\ci4\system\Commands\Server\rewrite.php(46): require_once('D:\\Haruman\\ci4\\...')
#13 {main}

Next CodeIgniter\Database\Exceptions\DatabaseException: A connection attempt failed because the connected party did not properly respond after a period of time, or established connection failed because connected host has failed to respond in D:\Haruman\ci4\system\Database\MySQLi\Connection.php:215
Stack trace:
#0 D:\Haruman\ci4\system\Database\BaseConnection.php(382): CodeIgniter\Database\MySQLi\Connection->connect(false)
#1 D:\Haruman\ci4\system\Database\BaseConnection.php(561): CodeIgniter\Database\BaseConnection->initialize()
#2 D:\Haruman\ci4\app\Views\kategori\viewbukuSaya.php(16): CodeIgniter\Database\BaseConnection->query('SELECT *  FROM ...')
#3 D:\Haruman\ci4\system\View\View.php(213): include('D:\\Haruman\\ci4\\...')
#4 D:\Haruman\ci4\system\View\View.php(216): CodeIgniter\View\View->CodeIgniter\View\{closure}()
#5 D:\Haruman\ci4\system\Common.php(1134): CodeIgniter\View\View->render('kategori/viewbu...', Array, true)
#6 D:\Haruman\ci4\app\Controllers\CategoryController.php(258): view('kategori/viewbu...', Array)
#7 D:\Haruman\ci4\system\CodeIgniter.php(927): App\Controllers\CategoryController->buku_saya()
#8 D:\Haruman\ci4\system\CodeIgniter.php(482): CodeIgniter\CodeIgniter->runController(Object(App\Controllers\CategoryController))
#9 D:\Haruman\ci4\system\CodeIgniter.php(351): CodeIgniter\CodeIgniter->handleRequest(NULL, Object(Config\Cache), false)
#10 D:\Haruman\ci4\public\index.php(67): CodeIgniter\CodeIgniter->run()
#11 D:\Haruman\ci4\system\Commands\Server\rewrite.php(46): require_once('D:\\Haruman\\ci4\\...')
#12 {main}
CRITICAL - 2022-12-27 02:09:46 --> Unable to connect to the database.
Main connection [MySQLi]: A connection attempt failed because the connected party did not properly respond after a period of time, or established connection failed because connected host has failed to respond
in SYSTEMPATH\Database\BaseConnection.php on line 418.
 1 SYSTEMPATH\Database\BaseConnection.php(561): CodeIgniter\Database\BaseConnection->initialize()
 2 APPPATH\Views\kategori\viewbukuSaya.php(16): CodeIgniter\Database\BaseConnection->query('SELECT *  FROM hlmnbuku INNER JOIN mybook ON hlmnbuku.id_buku = mybook.id_buku WHERE mybook.id_user = 1102 ')
 3 SYSTEMPATH\View\View.php(213): include('APPPATH\\Views\\kategori\\viewbukuSaya.php')
 4 SYSTEMPATH\View\View.php(216): CodeIgniter\View\View->CodeIgniter\View\{closure}()
 5 SYSTEMPATH\Common.php(1134): CodeIgniter\View\View->render('kategori/viewbukuSaya', [], true)
 6 APPPATH\Controllers\CategoryController.php(258): view('kategori/viewbukuSaya', [...])
 7 SYSTEMPATH\CodeIgniter.php(927): App\Controllers\CategoryController->buku_saya()
 8 SYSTEMPATH\CodeIgniter.php(482): CodeIgniter\CodeIgniter->runController(Object(App\Controllers\CategoryController))
 9 SYSTEMPATH\CodeIgniter.php(351): CodeIgniter\CodeIgniter->handleRequest(null, Object(Config\Cache), false)
10 FCPATH\index.php(67): CodeIgniter\CodeIgniter->run()
11 SYSTEMPATH\Commands\Server\rewrite.php(46): require_once('FCPATH\\index.php')
CRITICAL - 2022-12-27 02:09:52 --> Undefined array key "id_buku"
in APPPATH\Views\kategori\viewbukuSaya.php on line 61.
 1 APPPATH\Views\kategori\viewbukuSaya.php(61): CodeIgniter\Debug\Exceptions->errorHandler(2, 'Undefined array key "id_buku"', 'APPPATH\\Views\\kategori\\viewbukuSaya.php', 61)
 2 SYSTEMPATH\View\View.php(213): include('APPPATH\\Views\\kategori\\viewbukuSaya.php')
 3 SYSTEMPATH\View\View.php(216): CodeIgniter\View\View->CodeIgniter\View\{closure}()
 4 SYSTEMPATH\Common.php(1134): CodeIgniter\View\View->render('kategori/viewbukuSaya', [], true)
 5 APPPATH\Controllers\CategoryController.php(258): view('kategori/viewbukuSaya', [...])
 6 SYSTEMPATH\CodeIgniter.php(927): App\Controllers\CategoryController->buku_saya()
 7 SYSTEMPATH\CodeIgniter.php(482): CodeIgniter\CodeIgniter->runController(Object(App\Controllers\CategoryController))
 8 SYSTEMPATH\CodeIgniter.php(351): CodeIgniter\CodeIgniter->handleRequest(null, Object(Config\Cache), false)
 9 FCPATH\index.php(67): CodeIgniter\CodeIgniter->run()
10 SYSTEMPATH\Commands\Server\rewrite.php(46): require_once('FCPATH\\index.php')
ERROR - 2022-12-27 02:10:36 --> mysqli_sql_exception: Duplicate entry 'bk02' for key 'id_buku' in D:\Haruman\ci4\system\Database\MySQLi\Connection.php:292
Stack trace:
#0 D:\Haruman\ci4\system\Database\MySQLi\Connection.php(292): mysqli->query('INSERT INTO `my...', 0)
#1 D:\Haruman\ci4\system\Database\BaseConnection.php(666): CodeIgniter\Database\MySQLi\Connection->execute('INSERT INTO `my...')
#2 D:\Haruman\ci4\system\Database\BaseConnection.php(593): CodeIgniter\Database\BaseConnection->simpleQuery('INSERT INTO `my...')
#3 D:\Haruman\ci4\system\Database\BaseBuilder.php(1916): CodeIgniter\Database\BaseConnection->query('INSERT INTO `my...', Array, false)
#4 D:\Haruman\ci4\system\Model.php(279): CodeIgniter\Database\BaseBuilder->insert()
#5 D:\Haruman\ci4\system\BaseModel.php(749): CodeIgniter\Model->doInsert(Array)
#6 D:\Haruman\ci4\system\Model.php(667): CodeIgniter\BaseModel->insert(Array, false)
#7 D:\Haruman\ci4\system\BaseModel.php(659): CodeIgniter\Model->insert(Array, false)
#8 D:\Haruman\ci4\app\Controllers\CategoryController.php(142): CodeIgniter\BaseModel->save(Array)
#9 D:\Haruman\ci4\system\CodeIgniter.php(927): App\Controllers\CategoryController->savePinjam()
#10 D:\Haruman\ci4\system\CodeIgniter.php(482): CodeIgniter\CodeIgniter->runController(Object(App\Controllers\CategoryController))
#11 D:\Haruman\ci4\system\CodeIgniter.php(351): CodeIgniter\CodeIgniter->handleRequest(NULL, Object(Config\Cache), false)
#12 D:\Haruman\ci4\public\index.php(67): CodeIgniter\CodeIgniter->run()
#13 D:\Haruman\ci4\system\Commands\Server\rewrite.php(46): require_once('D:\\Haruman\\ci4\\...')
#14 {main}
CRITICAL - 2022-12-27 02:13:39 --> Undefined array key "judulbuku"
in APPPATH\Views\kategori\viewbukuSaya.php on line 28.
 1 APPPATH\Views\kategori\viewbukuSaya.php(28): CodeIgniter\Debug\Exceptions->errorHandler(2, 'Undefined array key "judulbuku"', 'APPPATH\\Views\\kategori\\viewbukuSaya.php', 28)
 2 SYSTEMPATH\View\View.php(213): include('APPPATH\\Views\\kategori\\viewbukuSaya.php')
 3 SYSTEMPATH\View\View.php(216): CodeIgniter\View\View->CodeIgniter\View\{closure}()
 4 SYSTEMPATH\Common.php(1134): CodeIgniter\View\View->render('kategori/viewbukuSaya', [], true)
 5 APPPATH\Controllers\CategoryController.php(258): view('kategori/viewbukuSaya', [...])
 6 SYSTEMPATH\CodeIgniter.php(927): App\Controllers\CategoryController->buku_saya()
 7 SYSTEMPATH\CodeIgniter.php(482): CodeIgniter\CodeIgniter->runController(Object(App\Controllers\CategoryController))
 8 SYSTEMPATH\CodeIgniter.php(351): CodeIgniter\CodeIgniter->handleRequest(null, Object(Config\Cache), false)
 9 FCPATH\index.php(67): CodeIgniter\CodeIgniter->run()
10 SYSTEMPATH\Commands\Server\rewrite.php(46): require_once('FCPATH\\index.php')
CRITICAL - 2022-12-27 02:18:52 --> Deletes are not allowed unless they contain a "where" or "like" clause.
in SYSTEMPATH\Database\BaseBuilder.php on line 2367.
 1 SYSTEMPATH\Model.php(401): CodeIgniter\Database\BaseBuilder->delete()
 2 SYSTEMPATH\BaseModel.php(984): CodeIgniter\Model->doDelete(null, false)
 3 APPPATH\Controllers\CategoryController.php(153): CodeIgniter\BaseModel->delete(null)
 4 SYSTEMPATH\CodeIgniter.php(927): App\Controllers\CategoryController->deletepinjambuku()
 5 SYSTEMPATH\CodeIgniter.php(482): CodeIgniter\CodeIgniter->runController(Object(App\Controllers\CategoryController))
 6 SYSTEMPATH\CodeIgniter.php(351): CodeIgniter\CodeIgniter->handleRequest(null, Object(Config\Cache), false)
 7 FCPATH\index.php(67): CodeIgniter\CodeIgniter->run()
 8 SYSTEMPATH\Commands\Server\rewrite.php(46): require_once('FCPATH\\index.php')
ERROR - 2022-12-27 02:21:10 --> mysqli_sql_exception: Unknown column 'nama_user' in 'field list' in D:\Haruman\ci4\system\Database\MySQLi\Connection.php:292
Stack trace:
#0 D:\Haruman\ci4\system\Database\MySQLi\Connection.php(292): mysqli->query('INSERT INTO `us...', 0)
#1 D:\Haruman\ci4\system\Database\BaseConnection.php(666): CodeIgniter\Database\MySQLi\Connection->execute('INSERT INTO `us...')
#2 D:\Haruman\ci4\system\Database\BaseConnection.php(593): CodeIgniter\Database\BaseConnection->simpleQuery('INSERT INTO `us...')
#3 D:\Haruman\ci4\system\Database\BaseBuilder.php(1916): CodeIgniter\Database\BaseConnection->query('INSERT INTO `us...', Array, false)
#4 D:\Haruman\ci4\system\Model.php(279): CodeIgniter\Database\BaseBuilder->insert()
#5 D:\Haruman\ci4\system\BaseModel.php(749): CodeIgniter\Model->doInsert(Array)
#6 D:\Haruman\ci4\system\Model.php(667): CodeIgniter\BaseModel->insert(Array, false)
#7 D:\Haruman\ci4\system\BaseModel.php(659): CodeIgniter\Model->insert(Array, false)
#8 D:\Haruman\ci4\app\Controllers\Auth.php(130): CodeIgniter\BaseModel->save(Array)
#9 D:\Haruman\ci4\system\CodeIgniter.php(927): App\Controllers\Auth->save()
#10 D:\Haruman\ci4\system\CodeIgniter.php(482): CodeIgniter\CodeIgniter->runController(Object(App\Controllers\Auth))
#11 D:\Haruman\ci4\system\CodeIgniter.php(351): CodeIgniter\CodeIgniter->handleRequest(NULL, Object(Config\Cache), false)
#12 D:\Haruman\ci4\public\index.php(67): CodeIgniter\CodeIgniter->run()
#13 D:\Haruman\ci4\system\Commands\Server\rewrite.php(46): require_once('D:\\Haruman\\ci4\\...')
#14 {main}
CRITICAL - 2022-12-27 02:21:10 --> Unknown column 'nama_user' in 'field list'
in SYSTEMPATH\Database\MySQLi\Connection.php on line 292.
 1 SYSTEMPATH\Database\MySQLi\Connection.php(292): mysqli->query('INSERT INTO `user` (`email`, `username`, `nama_lengkap`, `password`, `date_created`) VALUES (\'dehyjexa@brand-app.biz\', \'12345\', \'121234123\', \'$2y$10$YnS/an9iFrhQUXg6JnaeIeayDb2AyJunvgrvO3DgU3oxp5MFKsK76\', \'2022-12-27 15:21:10\')', 0)
 2 SYSTEMPATH\Database\BaseConnection.php(666): CodeIgniter\Database\MySQLi\Connection->execute('INSERT INTO `user` (`email`, `username`, `nama_lengkap`, `password`, `date_created`) VALUES (\'dehyjexa@brand-app.biz\', \'12345\', \'121234123\', \'$2y$10$YnS/an9iFrhQUXg6JnaeIeayDb2AyJunvgrvO3DgU3oxp5MFKsK76\', \'2022-12-27 15:21:10\')')
 3 SYSTEMPATH\Database\BaseConnection.php(593): CodeIgniter\Database\BaseConnection->simpleQuery('INSERT INTO `user` (`email`, `username`, `nama_lengkap`, `password`, `date_created`) VALUES (\'dehyjexa@brand-app.biz\', \'12345\', \'121234123\', \'$2y$10$YnS/an9iFrhQUXg6JnaeIeayDb2AyJunvgrvO3DgU3oxp5MFKsK76\', \'2022-12-27 15:21:10\')')
 4 SYSTEMPATH\Database\BaseBuilder.php(1916): CodeIgniter\Database\BaseConnection->query('INSERT INTO `user` (`email`, `username`, `nama_lengkap`, `password`, `date_created`) VALUES (:email:, :username:, :nama_lengkap:, :password:, :date_created:)', [...], false)
 5 SYSTEMPATH\Model.php(279): CodeIgniter\Database\BaseBuilder->insert()
 6 SYSTEMPATH\BaseModel.php(749): CodeIgniter\Model->doInsert([...])
 7 SYSTEMPATH\Model.php(667): CodeIgniter\BaseModel->insert([...], false)
 8 SYSTEMPATH\BaseModel.php(659): CodeIgniter\Model->insert([...], false)
 9 APPPATH\Controllers\Auth.php(130): CodeIgniter\BaseModel->save([...])
10 SYSTEMPATH\CodeIgniter.php(927): App\Controllers\Auth->save()
11 SYSTEMPATH\CodeIgniter.php(482): CodeIgniter\CodeIgniter->runController(Object(App\Controllers\Auth))
12 SYSTEMPATH\CodeIgniter.php(351): CodeIgniter\CodeIgniter->handleRequest(null, Object(Config\Cache), false)
13 FCPATH\index.php(67): CodeIgniter\CodeIgniter->run()
14 SYSTEMPATH\Commands\Server\rewrite.php(46): require_once('FCPATH\\index.php')
