ERROR - 2023-03-03 00:40:55 --> mysqli_sql_exception: You have an error in your SQL syntax; check the manual that corresponds to your MariaDB server version for the right syntax to use near 'NOT NULL DEFAULT '2023-03-03 13:40:55',
	`terakhir_diedit` VARCHAR NOT NULL D...' at line 10 in D:\CI4\ci4\CI4-LIB-PushCI4\system\Database\MySQLi\Connection.php:292
Stack trace:
#0 D:\CI4\ci4\CI4-LIB-PushCI4\system\Database\MySQLi\Connection.php(292): mysqli->query('CREATE TABLE `d...', 0)
#1 D:\CI4\ci4\CI4-LIB-PushCI4\system\Database\BaseConnection.php(666): CodeIgniter\Database\MySQLi\Connection->execute('CREATE TABLE `d...')
#2 D:\CI4\ci4\CI4-LIB-PushCI4\system\Database\BaseConnection.php(593): CodeIgniter\Database\BaseConnection->simpleQuery('CREATE TABLE `d...')
#3 D:\CI4\ci4\CI4-LIB-PushCI4\system\Database\Forge.php(509): CodeIgniter\Database\BaseConnection->query('CREATE TABLE `d...')
#4 D:\CI4\ci4\CI4-LIB-PushCI4\app\Database\Migrations\2022-12-09-152919_User.php(60): CodeIgniter\Database\Forge->createTable('daftarUser', true)
#5 D:\CI4\ci4\CI4-LIB-PushCI4\system\Database\MigrationRunner.php(868): App\Database\Migrations\User->up()
#6 D:\CI4\ci4\CI4-LIB-PushCI4\system\Database\MigrationRunner.php(187): CodeIgniter\Database\MigrationRunner->migrate('up', Object(stdClass))
#7 D:\CI4\ci4\CI4-LIB-PushCI4\system\Commands\Database\Migrate.php(84): CodeIgniter\Database\MigrationRunner->latest(NULL)
#8 D:\CI4\ci4\CI4-LIB-PushCI4\system\CLI\Commands.php(63): CodeIgniter\Commands\Database\Migrate->run(Array)
#9 D:\CI4\ci4\CI4-LIB-PushCI4\system\CLI\CommandRunner.php(65): CodeIgniter\CLI\Commands->run('migrate', Array)
#10 D:\CI4\ci4\CI4-LIB-PushCI4\system\CLI\CommandRunner.php(51): CodeIgniter\CLI\CommandRunner->index(Array)
#11 D:\CI4\ci4\CI4-LIB-PushCI4\system\CodeIgniter.php(920): CodeIgniter\CLI\CommandRunner->_remap('index', Array)
#12 D:\CI4\ci4\CI4-LIB-PushCI4\system\CodeIgniter.php(482): CodeIgniter\CodeIgniter->runController(Object(CodeIgniter\CLI\CommandRunner))
#13 D:\CI4\ci4\CI4-LIB-PushCI4\system\CodeIgniter.php(347): CodeIgniter\CodeIgniter->handleRequest(NULL, Object(Config\Cache), false)
#14 D:\CI4\ci4\CI4-LIB-PushCI4\system\CLI\Console.php(48): CodeIgniter\CodeIgniter->run()
#15 D:\CI4\ci4\CI4-LIB-PushCI4\spark(98): CodeIgniter\CLI\Console->run()
#16 {main}
ERROR - 2023-03-03 00:42:49 --> mysqli_sql_exception: You have an error in your SQL syntax; check the manual that corresponds to your MariaDB server version for the right syntax to use near 'NOT NULL DEFAULT '2023-03-03 13:42:49',
	`terakhir_diedit` VARCHAR NOT NULL D...' at line 10 in D:\CI4\ci4\CI4-LIB-PushCI4\system\Database\MySQLi\Connection.php:292
Stack trace:
#0 D:\CI4\ci4\CI4-LIB-PushCI4\system\Database\MySQLi\Connection.php(292): mysqli->query('CREATE TABLE `d...', 0)
#1 D:\CI4\ci4\CI4-LIB-PushCI4\system\Database\BaseConnection.php(666): CodeIgniter\Database\MySQLi\Connection->execute('CREATE TABLE `d...')
#2 D:\CI4\ci4\CI4-LIB-PushCI4\system\Database\BaseConnection.php(593): CodeIgniter\Database\BaseConnection->simpleQuery('CREATE TABLE `d...')
#3 D:\CI4\ci4\CI4-LIB-PushCI4\system\Database\Forge.php(509): CodeIgniter\Database\BaseConnection->query('CREATE TABLE `d...')
#4 D:\CI4\ci4\CI4-LIB-PushCI4\app\Database\Migrations\2022-12-09-152919_User.php(60): CodeIgniter\Database\Forge->createTable('daftarUser', true)
#5 D:\CI4\ci4\CI4-LIB-PushCI4\system\Database\MigrationRunner.php(868): App\Database\Migrations\User->up()
#6 D:\CI4\ci4\CI4-LIB-PushCI4\system\Database\MigrationRunner.php(187): CodeIgniter\Database\MigrationRunner->migrate('up', Object(stdClass))
#7 D:\CI4\ci4\CI4-LIB-PushCI4\system\Commands\Database\Migrate.php(84): CodeIgniter\Database\MigrationRunner->latest(NULL)
#8 D:\CI4\ci4\CI4-LIB-PushCI4\system\CLI\Commands.php(63): CodeIgniter\Commands\Database\Migrate->run(Array)
#9 D:\CI4\ci4\CI4-LIB-PushCI4\system\CLI\CommandRunner.php(65): CodeIgniter\CLI\Commands->run('migrate', Array)
#10 D:\CI4\ci4\CI4-LIB-PushCI4\system\CLI\CommandRunner.php(51): CodeIgniter\CLI\CommandRunner->index(Array)
#11 D:\CI4\ci4\CI4-LIB-PushCI4\system\CodeIgniter.php(920): CodeIgniter\CLI\CommandRunner->_remap('index', Array)
#12 D:\CI4\ci4\CI4-LIB-PushCI4\system\CodeIgniter.php(482): CodeIgniter\CodeIgniter->runController(Object(CodeIgniter\CLI\CommandRunner))
#13 D:\CI4\ci4\CI4-LIB-PushCI4\system\CodeIgniter.php(347): CodeIgniter\CodeIgniter->handleRequest(NULL, Object(Config\Cache), false)
#14 D:\CI4\ci4\CI4-LIB-PushCI4\system\CLI\Console.php(48): CodeIgniter\CodeIgniter->run()
#15 D:\CI4\ci4\CI4-LIB-PushCI4\spark(98): CodeIgniter\CLI\Console->run()
#16 {main}
ERROR - 2023-03-03 00:58:27 --> mysqli_sql_exception: Table 'cor3.trendingbook' doesn't exist in D:\CI4\ci4\CI4-LIB-PushCI4\system\Database\MySQLi\Connection.php:292
Stack trace:
#0 D:\CI4\ci4\CI4-LIB-PushCI4\system\Database\MySQLi\Connection.php(292): mysqli->query('SELECT * FROM t...', 0)
#1 D:\CI4\ci4\CI4-LIB-PushCI4\system\Database\BaseConnection.php(666): CodeIgniter\Database\MySQLi\Connection->execute('SELECT * FROM t...')
#2 D:\CI4\ci4\CI4-LIB-PushCI4\system\Database\BaseConnection.php(593): CodeIgniter\Database\BaseConnection->simpleQuery('SELECT * FROM t...')
#3 D:\CI4\ci4\CI4-LIB-PushCI4\app\Views\home\index.php(42): CodeIgniter\Database\BaseConnection->query('SELECT * FROM t...')
#4 D:\CI4\ci4\CI4-LIB-PushCI4\system\View\View.php(213): include('D:\\CI4\\ci4\\CI4-...')
#5 D:\CI4\ci4\CI4-LIB-PushCI4\system\View\View.php(216): CodeIgniter\View\View->CodeIgniter\View\{closure}()
#6 D:\CI4\ci4\CI4-LIB-PushCI4\system\Common.php(1134): CodeIgniter\View\View->render('home/index', Array, true)
#7 D:\CI4\ci4\CI4-LIB-PushCI4\app\Controllers\Home.php(27): view('home/index', Array)
#8 D:\CI4\ci4\CI4-LIB-PushCI4\system\CodeIgniter.php(927): App\Controllers\Home->index()
#9 D:\CI4\ci4\CI4-LIB-PushCI4\system\CodeIgniter.php(482): CodeIgniter\CodeIgniter->runController(Object(App\Controllers\Home))
#10 D:\CI4\ci4\CI4-LIB-PushCI4\system\CodeIgniter.php(351): CodeIgniter\CodeIgniter->handleRequest(NULL, Object(Config\Cache), false)
#11 D:\CI4\ci4\CI4-LIB-PushCI4\public\index.php(67): CodeIgniter\CodeIgniter->run()
#12 D:\CI4\ci4\CI4-LIB-PushCI4\system\Commands\Server\rewrite.php(46): require_once('D:\\CI4\\ci4\\CI4-...')
#13 {main}
CRITICAL - 2023-03-03 00:58:27 --> Table 'cor3.trendingbook' doesn't exist
in SYSTEMPATH\Database\MySQLi\Connection.php on line 292.
 1 SYSTEMPATH\Database\MySQLi\Connection.php(292): mysqli->query('SELECT * FROM trendingbook', 0)
 2 SYSTEMPATH\Database\BaseConnection.php(666): CodeIgniter\Database\MySQLi\Connection->execute('SELECT * FROM trendingbook')
 3 SYSTEMPATH\Database\BaseConnection.php(593): CodeIgniter\Database\BaseConnection->simpleQuery('SELECT * FROM trendingbook')
 4 APPPATH\Views\home\index.php(42): CodeIgniter\Database\BaseConnection->query('SELECT * FROM trendingbook')
 5 SYSTEMPATH\View\View.php(213): include('APPPATH\\Views\\home\\index.php')
 6 SYSTEMPATH\View\View.php(216): CodeIgniter\View\View->CodeIgniter\View\{closure}()
 7 SYSTEMPATH\Common.php(1134): CodeIgniter\View\View->render('home/index', [], true)
 8 APPPATH\Controllers\Home.php(27): view('home/index', [...])
 9 SYSTEMPATH\CodeIgniter.php(927): App\Controllers\Home->index()
10 SYSTEMPATH\CodeIgniter.php(482): CodeIgniter\CodeIgniter->runController(Object(App\Controllers\Home))
11 SYSTEMPATH\CodeIgniter.php(351): CodeIgniter\CodeIgniter->handleRequest(null, Object(Config\Cache), false)
12 FCPATH\index.php(67): CodeIgniter\CodeIgniter->run()
13 SYSTEMPATH\Commands\Server\rewrite.php(46): require_once('FCPATH\\index.php')
ERROR - 2023-03-03 01:23:47 --> mysqli_sql_exception: Table 'cor3.trendingbook' doesn't exist in D:\CI4\ci4\CI4-LIB-PushCI4\system\Database\MySQLi\Connection.php:292
Stack trace:
#0 D:\CI4\ci4\CI4-LIB-PushCI4\system\Database\MySQLi\Connection.php(292): mysqli->query('SELECT * FROM t...', 0)
#1 D:\CI4\ci4\CI4-LIB-PushCI4\system\Database\BaseConnection.php(666): CodeIgniter\Database\MySQLi\Connection->execute('SELECT * FROM t...')
#2 D:\CI4\ci4\CI4-LIB-PushCI4\system\Database\BaseConnection.php(593): CodeIgniter\Database\BaseConnection->simpleQuery('SELECT * FROM t...')
#3 D:\CI4\ci4\CI4-LIB-PushCI4\app\Views\home\index.php(42): CodeIgniter\Database\BaseConnection->query('SELECT * FROM t...')
#4 D:\CI4\ci4\CI4-LIB-PushCI4\system\View\View.php(213): include('D:\\CI4\\ci4\\CI4-...')
#5 D:\CI4\ci4\CI4-LIB-PushCI4\system\View\View.php(216): CodeIgniter\View\View->CodeIgniter\View\{closure}()
#6 D:\CI4\ci4\CI4-LIB-PushCI4\system\Common.php(1134): CodeIgniter\View\View->render('home/index', Array, true)
#7 D:\CI4\ci4\CI4-LIB-PushCI4\app\Controllers\Home.php(27): view('home/index', Array)
#8 D:\CI4\ci4\CI4-LIB-PushCI4\system\CodeIgniter.php(927): App\Controllers\Home->index()
#9 D:\CI4\ci4\CI4-LIB-PushCI4\system\CodeIgniter.php(482): CodeIgniter\CodeIgniter->runController(Object(App\Controllers\Home))
#10 D:\CI4\ci4\CI4-LIB-PushCI4\system\CodeIgniter.php(351): CodeIgniter\CodeIgniter->handleRequest(NULL, Object(Config\Cache), false)
#11 D:\CI4\ci4\CI4-LIB-PushCI4\public\index.php(67): CodeIgniter\CodeIgniter->run()
#12 D:\CI4\ci4\CI4-LIB-PushCI4\system\Commands\Server\rewrite.php(46): require_once('D:\\CI4\\ci4\\CI4-...')
#13 {main}
CRITICAL - 2023-03-03 01:23:47 --> Table 'cor3.trendingbook' doesn't exist
in SYSTEMPATH\Database\MySQLi\Connection.php on line 292.
 1 SYSTEMPATH\Database\MySQLi\Connection.php(292): mysqli->query('SELECT * FROM trendingbook', 0)
 2 SYSTEMPATH\Database\BaseConnection.php(666): CodeIgniter\Database\MySQLi\Connection->execute('SELECT * FROM trendingbook')
 3 SYSTEMPATH\Database\BaseConnection.php(593): CodeIgniter\Database\BaseConnection->simpleQuery('SELECT * FROM trendingbook')
 4 APPPATH\Views\home\index.php(42): CodeIgniter\Database\BaseConnection->query('SELECT * FROM trendingbook')
 5 SYSTEMPATH\View\View.php(213): include('APPPATH\\Views\\home\\index.php')
 6 SYSTEMPATH\View\View.php(216): CodeIgniter\View\View->CodeIgniter\View\{closure}()
 7 SYSTEMPATH\Common.php(1134): CodeIgniter\View\View->render('home/index', [], true)
 8 APPPATH\Controllers\Home.php(27): view('home/index', [...])
 9 SYSTEMPATH\CodeIgniter.php(927): App\Controllers\Home->index()
10 SYSTEMPATH\CodeIgniter.php(482): CodeIgniter\CodeIgniter->runController(Object(App\Controllers\Home))
11 SYSTEMPATH\CodeIgniter.php(351): CodeIgniter\CodeIgniter->handleRequest(null, Object(Config\Cache), false)
12 FCPATH\index.php(67): CodeIgniter\CodeIgniter->run()
13 SYSTEMPATH\Commands\Server\rewrite.php(46): require_once('FCPATH\\index.php')
ERROR - 2023-03-03 01:24:09 --> mysqli_sql_exception: Table 'cor3.user' doesn't exist in D:\CI4\ci4\CI4-LIB-PushCI4\system\Database\MySQLi\Connection.php:292
Stack trace:
#0 D:\CI4\ci4\CI4-LIB-PushCI4\system\Database\MySQLi\Connection.php(292): mysqli->query('INSERT INTO `us...', 0)
#1 D:\CI4\ci4\CI4-LIB-PushCI4\system\Database\BaseConnection.php(666): CodeIgniter\Database\MySQLi\Connection->execute('INSERT INTO `us...')
#2 D:\CI4\ci4\CI4-LIB-PushCI4\system\Database\BaseConnection.php(593): CodeIgniter\Database\BaseConnection->simpleQuery('INSERT INTO `us...')
#3 D:\CI4\ci4\CI4-LIB-PushCI4\system\Database\BaseBuilder.php(1916): CodeIgniter\Database\BaseConnection->query('INSERT INTO `us...', Array, false)
#4 D:\CI4\ci4\CI4-LIB-PushCI4\system\Model.php(279): CodeIgniter\Database\BaseBuilder->insert()
#5 D:\CI4\ci4\CI4-LIB-PushCI4\system\BaseModel.php(749): CodeIgniter\Model->doInsert(Array)
#6 D:\CI4\ci4\CI4-LIB-PushCI4\system\Model.php(667): CodeIgniter\BaseModel->insert(Array, false)
#7 D:\CI4\ci4\CI4-LIB-PushCI4\system\BaseModel.php(659): CodeIgniter\Model->insert(Array, false)
#8 D:\CI4\ci4\CI4-LIB-PushCI4\app\Controllers\Auth.php(159): CodeIgniter\BaseModel->save(Array)
#9 D:\CI4\ci4\CI4-LIB-PushCI4\system\CodeIgniter.php(927): App\Controllers\Auth->save()
#10 D:\CI4\ci4\CI4-LIB-PushCI4\system\CodeIgniter.php(482): CodeIgniter\CodeIgniter->runController(Object(App\Controllers\Auth))
#11 D:\CI4\ci4\CI4-LIB-PushCI4\system\CodeIgniter.php(351): CodeIgniter\CodeIgniter->handleRequest(NULL, Object(Config\Cache), false)
#12 D:\CI4\ci4\CI4-LIB-PushCI4\public\index.php(67): CodeIgniter\CodeIgniter->run()
#13 D:\CI4\ci4\CI4-LIB-PushCI4\system\Commands\Server\rewrite.php(46): require_once('D:\\CI4\\ci4\\CI4-...')
#14 {main}
CRITICAL - 2023-03-03 01:24:09 --> Table 'cor3.user' doesn't exist
in SYSTEMPATH\Database\MySQLi\Connection.php on line 292.
 1 SYSTEMPATH\Database\MySQLi\Connection.php(292): mysqli->query('INSERT INTO `user` (`nama_lengkap_user`, `username_user`, `mail_user`, `password_user`) VALUES (\'kurniawan mega\', \'kurniawan@gmail.com\', \'kurniawan\', \'$2y$10$RaUIcI6sOj2aR3aOCF9HZOR0f0Vibjd07DKrET6JKJ38wRquoqG6S\')', 0)
 2 SYSTEMPATH\Database\BaseConnection.php(666): CodeIgniter\Database\MySQLi\Connection->execute('INSERT INTO `user` (`nama_lengkap_user`, `username_user`, `mail_user`, `password_user`) VALUES (\'kurniawan mega\', \'kurniawan@gmail.com\', \'kurniawan\', \'$2y$10$RaUIcI6sOj2aR3aOCF9HZOR0f0Vibjd07DKrET6JKJ38wRquoqG6S\')')
 3 SYSTEMPATH\Database\BaseConnection.php(593): CodeIgniter\Database\BaseConnection->simpleQuery('INSERT INTO `user` (`nama_lengkap_user`, `username_user`, `mail_user`, `password_user`) VALUES (\'kurniawan mega\', \'kurniawan@gmail.com\', \'kurniawan\', \'$2y$10$RaUIcI6sOj2aR3aOCF9HZOR0f0Vibjd07DKrET6JKJ38wRquoqG6S\')')
 4 SYSTEMPATH\Database\BaseBuilder.php(1916): CodeIgniter\Database\BaseConnection->query('INSERT INTO `user` (`nama_lengkap_user`, `username_user`, `mail_user`, `password_user`) VALUES (:nama_lengkap_user:, :username_user:, :mail_user:, :password_user:)', [...], false)
 5 SYSTEMPATH\Model.php(279): CodeIgniter\Database\BaseBuilder->insert()
 6 SYSTEMPATH\BaseModel.php(749): CodeIgniter\Model->doInsert([...])
 7 SYSTEMPATH\Model.php(667): CodeIgniter\BaseModel->insert([...], false)
 8 SYSTEMPATH\BaseModel.php(659): CodeIgniter\Model->insert([...], false)
 9 APPPATH\Controllers\Auth.php(159): CodeIgniter\BaseModel->save([...])
10 SYSTEMPATH\CodeIgniter.php(927): App\Controllers\Auth->save()
11 SYSTEMPATH\CodeIgniter.php(482): CodeIgniter\CodeIgniter->runController(Object(App\Controllers\Auth))
12 SYSTEMPATH\CodeIgniter.php(351): CodeIgniter\CodeIgniter->handleRequest(null, Object(Config\Cache), false)
13 FCPATH\index.php(67): CodeIgniter\CodeIgniter->run()
14 SYSTEMPATH\Commands\Server\rewrite.php(46): require_once('FCPATH\\index.php')
ERROR - 2023-03-03 01:25:17 --> mysqli_sql_exception: Unknown column 'username' in 'where clause' in D:\CI4\ci4\CI4-LIB-PushCI4\system\Database\MySQLi\Connection.php:292
Stack trace:
#0 D:\CI4\ci4\CI4-LIB-PushCI4\system\Database\MySQLi\Connection.php(292): mysqli->query('SELECT *\nFROM `...', 0)
#1 D:\CI4\ci4\CI4-LIB-PushCI4\system\Database\BaseConnection.php(666): CodeIgniter\Database\MySQLi\Connection->execute('SELECT *\nFROM `...')
#2 D:\CI4\ci4\CI4-LIB-PushCI4\system\Database\BaseConnection.php(593): CodeIgniter\Database\BaseConnection->simpleQuery('SELECT *\nFROM `...')
#3 D:\CI4\ci4\CI4-LIB-PushCI4\system\Database\BaseBuilder.php(1585): CodeIgniter\Database\BaseConnection->query('SELECT *\nFROM `...', Array, false)
#4 D:\CI4\ci4\CI4-LIB-PushCI4\system\Model.php(250): CodeIgniter\Database\BaseBuilder->get()
#5 D:\CI4\ci4\CI4-LIB-PushCI4\system\BaseModel.php(623): CodeIgniter\Model->doFirst()
#6 D:\CI4\ci4\CI4-LIB-PushCI4\app\Controllers\Auth.php(239): CodeIgniter\BaseModel->first()
#7 D:\CI4\ci4\CI4-LIB-PushCI4\system\CodeIgniter.php(927): App\Controllers\Auth->loginSave()
#8 D:\CI4\ci4\CI4-LIB-PushCI4\system\CodeIgniter.php(482): CodeIgniter\CodeIgniter->runController(Object(App\Controllers\Auth))
#9 D:\CI4\ci4\CI4-LIB-PushCI4\system\CodeIgniter.php(351): CodeIgniter\CodeIgniter->handleRequest(NULL, Object(Config\Cache), false)
#10 D:\CI4\ci4\CI4-LIB-PushCI4\public\index.php(67): CodeIgniter\CodeIgniter->run()
#11 D:\CI4\ci4\CI4-LIB-PushCI4\system\Commands\Server\rewrite.php(46): require_once('D:\\CI4\\ci4\\CI4-...')
#12 {main}
CRITICAL - 2023-03-03 01:25:17 --> Unknown column 'username' in 'where clause'
in SYSTEMPATH\Database\MySQLi\Connection.php on line 292.
 1 SYSTEMPATH\Database\MySQLi\Connection.php(292): mysqli->query('SELECT *
FROM `daftaruser`
WHERE `username` = \'kurniawan\'
 LIMIT 1', 0)
 2 SYSTEMPATH\Database\BaseConnection.php(666): CodeIgniter\Database\MySQLi\Connection->execute('SELECT *
FROM `daftaruser`
WHERE `username` = \'kurniawan\'
 LIMIT 1')
 3 SYSTEMPATH\Database\BaseConnection.php(593): CodeIgniter\Database\BaseConnection->simpleQuery('SELECT *
FROM `daftaruser`
WHERE `username` = \'kurniawan\'
 LIMIT 1')
 4 SYSTEMPATH\Database\BaseBuilder.php(1585): CodeIgniter\Database\BaseConnection->query('SELECT *
FROM `daftaruser`
WHERE `username` = :username:
 LIMIT 1', [...], false)
 5 SYSTEMPATH\Model.php(250): CodeIgniter\Database\BaseBuilder->get()
 6 SYSTEMPATH\BaseModel.php(623): CodeIgniter\Model->doFirst()
 7 APPPATH\Controllers\Auth.php(239): CodeIgniter\BaseModel->first()
 8 SYSTEMPATH\CodeIgniter.php(927): App\Controllers\Auth->loginSave()
 9 SYSTEMPATH\CodeIgniter.php(482): CodeIgniter\CodeIgniter->runController(Object(App\Controllers\Auth))
10 SYSTEMPATH\CodeIgniter.php(351): CodeIgniter\CodeIgniter->handleRequest(null, Object(Config\Cache), false)
11 FCPATH\index.php(67): CodeIgniter\CodeIgniter->run()
12 SYSTEMPATH\Commands\Server\rewrite.php(46): require_once('FCPATH\\index.php')
ERROR - 2023-03-03 01:45:59 --> mysqli_sql_exception: Table 'cor3.trendingbook' doesn't exist in D:\CI4\ci4\CI4-LIB-PushCI4\system\Database\MySQLi\Connection.php:292
Stack trace:
#0 D:\CI4\ci4\CI4-LIB-PushCI4\system\Database\MySQLi\Connection.php(292): mysqli->query('SELECT * FROM t...', 0)
#1 D:\CI4\ci4\CI4-LIB-PushCI4\system\Database\BaseConnection.php(666): CodeIgniter\Database\MySQLi\Connection->execute('SELECT * FROM t...')
#2 D:\CI4\ci4\CI4-LIB-PushCI4\system\Database\BaseConnection.php(593): CodeIgniter\Database\BaseConnection->simpleQuery('SELECT * FROM t...')
#3 D:\CI4\ci4\CI4-LIB-PushCI4\app\Views\home\index.php(42): CodeIgniter\Database\BaseConnection->query('SELECT * FROM t...')
#4 D:\CI4\ci4\CI4-LIB-PushCI4\system\View\View.php(213): include('D:\\CI4\\ci4\\CI4-...')
#5 D:\CI4\ci4\CI4-LIB-PushCI4\system\View\View.php(216): CodeIgniter\View\View->CodeIgniter\View\{closure}()
#6 D:\CI4\ci4\CI4-LIB-PushCI4\system\Common.php(1134): CodeIgniter\View\View->render('home/index', Array, true)
#7 D:\CI4\ci4\CI4-LIB-PushCI4\app\Controllers\Home.php(27): view('home/index', Array)
#8 D:\CI4\ci4\CI4-LIB-PushCI4\system\CodeIgniter.php(927): App\Controllers\Home->index()
#9 D:\CI4\ci4\CI4-LIB-PushCI4\system\CodeIgniter.php(482): CodeIgniter\CodeIgniter->runController(Object(App\Controllers\Home))
#10 D:\CI4\ci4\CI4-LIB-PushCI4\system\CodeIgniter.php(351): CodeIgniter\CodeIgniter->handleRequest(NULL, Object(Config\Cache), false)
#11 D:\CI4\ci4\CI4-LIB-PushCI4\public\index.php(67): CodeIgniter\CodeIgniter->run()
#12 D:\CI4\ci4\CI4-LIB-PushCI4\system\Commands\Server\rewrite.php(46): require_once('D:\\CI4\\ci4\\CI4-...')
#13 {main}
CRITICAL - 2023-03-03 01:45:59 --> Table 'cor3.trendingbook' doesn't exist
in SYSTEMPATH\Database\MySQLi\Connection.php on line 292.
 1 SYSTEMPATH\Database\MySQLi\Connection.php(292): mysqli->query('SELECT * FROM trendingbook', 0)
 2 SYSTEMPATH\Database\BaseConnection.php(666): CodeIgniter\Database\MySQLi\Connection->execute('SELECT * FROM trendingbook')
 3 SYSTEMPATH\Database\BaseConnection.php(593): CodeIgniter\Database\BaseConnection->simpleQuery('SELECT * FROM trendingbook')
 4 APPPATH\Views\home\index.php(42): CodeIgniter\Database\BaseConnection->query('SELECT * FROM trendingbook')
 5 SYSTEMPATH\View\View.php(213): include('APPPATH\\Views\\home\\index.php')
 6 SYSTEMPATH\View\View.php(216): CodeIgniter\View\View->CodeIgniter\View\{closure}()
 7 SYSTEMPATH\Common.php(1134): CodeIgniter\View\View->render('home/index', [], true)
 8 APPPATH\Controllers\Home.php(27): view('home/index', [...])
 9 SYSTEMPATH\CodeIgniter.php(927): App\Controllers\Home->index()
10 SYSTEMPATH\CodeIgniter.php(482): CodeIgniter\CodeIgniter->runController(Object(App\Controllers\Home))
11 SYSTEMPATH\CodeIgniter.php(351): CodeIgniter\CodeIgniter->handleRequest(null, Object(Config\Cache), false)
12 FCPATH\index.php(67): CodeIgniter\CodeIgniter->run()
13 SYSTEMPATH\Commands\Server\rewrite.php(46): require_once('FCPATH\\index.php')
CRITICAL - 2023-03-03 01:49:01 --> Undefined array key "password"
in APPPATH\Controllers\Auth.php on line 246.
 1 APPPATH\Controllers\Auth.php(246): CodeIgniter\Debug\Exceptions->errorHandler(2, 'Undefined array key "password"', 'APPPATH\\Controllers\\Auth.php', 246)
 2 SYSTEMPATH\CodeIgniter.php(927): App\Controllers\Auth->loginSave()
 3 SYSTEMPATH\CodeIgniter.php(482): CodeIgniter\CodeIgniter->runController(Object(App\Controllers\Auth))
 4 SYSTEMPATH\CodeIgniter.php(351): CodeIgniter\CodeIgniter->handleRequest(null, Object(Config\Cache), false)
 5 FCPATH\index.php(67): CodeIgniter\CodeIgniter->run()
 6 SYSTEMPATH\Commands\Server\rewrite.php(46): require_once('FCPATH\\index.php')
CRITICAL - 2023-03-03 01:49:44 --> Undefined array key "username"
in APPPATH\Controllers\Auth.php on line 248.
 1 APPPATH\Controllers\Auth.php(248): CodeIgniter\Debug\Exceptions->errorHandler(2, 'Undefined array key "username"', 'APPPATH\\Controllers\\Auth.php', 248)
 2 SYSTEMPATH\CodeIgniter.php(927): App\Controllers\Auth->loginSave()
 3 SYSTEMPATH\CodeIgniter.php(482): CodeIgniter\CodeIgniter->runController(Object(App\Controllers\Auth))
 4 SYSTEMPATH\CodeIgniter.php(351): CodeIgniter\CodeIgniter->handleRequest(null, Object(Config\Cache), false)
 5 FCPATH\index.php(67): CodeIgniter\CodeIgniter->run()
 6 SYSTEMPATH\Commands\Server\rewrite.php(46): require_once('FCPATH\\index.php')
CRITICAL - 2023-03-03 01:59:41 --> Unsupported operand types: string + string
in APPPATH\Controllers\Auth.php on line 258.
 1 SYSTEMPATH\CodeIgniter.php(927): App\Controllers\Auth->loginSave()
 2 SYSTEMPATH\CodeIgniter.php(482): CodeIgniter\CodeIgniter->runController(Object(App\Controllers\Auth))
 3 SYSTEMPATH\CodeIgniter.php(351): CodeIgniter\CodeIgniter->handleRequest(null, Object(Config\Cache), false)
 4 FCPATH\index.php(67): CodeIgniter\CodeIgniter->run()
 5 SYSTEMPATH\Commands\Server\rewrite.php(46): require_once('FCPATH\\index.php')
